2019-08-13 20:09:12.150 INFO [main]testeverything.TestEverythingApplicationTests.logStarting:50 -Starting TestEverythingApplicationTests on Lin with PID 6432 (started by Wyl in I:\javaworkspace\testeverything)
2019-08-13 20:09:12.155 INFO [main]testeverything.TestEverythingApplicationTests.logStartupProfileInfo:662 -No active profile set, falling back to default profiles: default
2019-08-13 20:09:12.550 INFO [main]o.s.web.context.support.GenericWebApplicationContext.prepareRefresh:590 -Refreshing org.springframework.web.context.support.GenericWebApplicationContext@7a35b0f5: startup date [Tue Aug 13 20:09:12 CST 2019]; root of context hierarchy
2019-08-13 20:09:20.770 INFO [main]o.s.d.repository.config.RepositoryConfigurationDelegate.multipleStoresDetected:163 -Multiple Spring Data modules found, entering strict repository configuration mode!
2019-08-13 20:09:22.975 INFO [main]o.s.c.s.PostProcessorRegistrationDelegate$BeanPostProcessorChecker.postProcessAfterInitialization:326 -Bean 'org.springframework.transaction.annotation.ProxyTransactionManagementConfiguration' of type [org.springframework.transaction.annotation.ProxyTransactionManagementConfiguration$$EnhancerBySpringCGLIB$$6276b8a0] is not eligible for getting processed by all BeanPostProcessors (for example: not eligible for auto-proxying)
2019-08-13 20:09:32.540 INFO [main]o.s.web.servlet.handler.SimpleUrlHandlerMapping.registerHandler:373 -Mapped URL path [/**/favicon.ico] onto handler of type [class org.springframework.web.servlet.resource.ResourceHttpRequestHandler]
2019-08-13 20:09:33.510 INFO [main]o.s.w.s.m.method.annotation.RequestMappingHandlerAdapter.initControllerAdviceCache:574 -Looking for @ControllerAdvice: org.springframework.web.context.support.GenericWebApplicationContext@7a35b0f5: startup date [Tue Aug 13 20:09:12 CST 2019]; root of context hierarchy
2019-08-13 20:09:33.766 INFO [main]o.s.w.s.m.method.annotation.RequestMappingHandlerMapping.register:547 -Mapped "{[/computer/],methods=[GET]}" onto public com.wyl.designpattern.abstractfactoryPattern.icomputer.Computer com.wyl.controller.designcontroller.abstractfactroy.AbstractFactroyTest.getComputer(java.lang.String)
2019-08-13 20:09:33.785 INFO [main]o.s.w.s.m.method.annotation.RequestMappingHandlerMapping.register:547 -Mapped "{[/getShape]}" onto public java.lang.String com.wyl.controller.designcontroller.fatory.FactoryPatternTest.getShape()
2019-08-13 20:09:33.787 INFO [main]o.s.w.s.m.method.annotation.RequestMappingHandlerMapping.register:547 -Mapped "{[/getSimpleShape]}" onto public java.lang.String com.wyl.controller.designcontroller.fatory.FactoryPatternTest.getSimpleShape()
2019-08-13 20:09:33.787 INFO [main]o.s.w.s.m.method.annotation.RequestMappingHandlerMapping.register:547 -Mapped "{[/sendMsg/{msg}],methods=[GET]}" onto public java.lang.String com.wyl.controller.designcontroller.observers.ObserverPattrnController.sendMsg(java.lang.String) throws java.lang.Exception
2019-08-13 20:09:33.790 INFO [main]o.s.w.s.m.method.annotation.RequestMappingHandlerMapping.register:547 -Mapped "{[/singleton/{type}],methods=[GET]}" onto public java.lang.Boolean com.wyl.controller.designcontroller.singletoncontroller.SingletonController.getSinggleton(java.lang.String)
2019-08-13 20:09:33.797 INFO [main]o.s.w.s.m.method.annotation.RequestMappingHandlerMapping.register:547 -Mapped "{[/error]}" onto public org.springframework.http.ResponseEntity<java.util.Map<java.lang.String, java.lang.Object>> org.springframework.boot.autoconfigure.web.servlet.error.BasicErrorController.error(javax.servlet.http.HttpServletRequest)
2019-08-13 20:09:33.800 INFO [main]o.s.w.s.m.method.annotation.RequestMappingHandlerMapping.register:547 -Mapped "{[/error],produces=[text/html]}" onto public org.springframework.web.servlet.ModelAndView org.springframework.boot.autoconfigure.web.servlet.error.BasicErrorController.errorHtml(javax.servlet.http.HttpServletRequest,javax.servlet.http.HttpServletResponse)
2019-08-13 20:09:33.940 INFO [main]o.s.web.servlet.handler.SimpleUrlHandlerMapping.registerHandler:373 -Mapped URL path [/webjars/**] onto handler of type [class org.springframework.web.servlet.resource.ResourceHttpRequestHandler]
2019-08-13 20:09:33.950 INFO [main]o.s.web.servlet.handler.SimpleUrlHandlerMapping.registerHandler:373 -Mapped URL path [/**] onto handler of type [class org.springframework.web.servlet.resource.ResourceHttpRequestHandler]
2019-08-13 20:09:38.740 INFO [main]o.s.s.annotation.ScheduledAnnotationBeanPostProcessor.finishRegistration:275 -No TaskScheduler/ScheduledExecutorService bean found for scheduled processing
2019-08-13 20:09:38.770 INFO [main]testeverything.TestEverythingApplicationTests.logStarted:59 -Started TestEverythingApplicationTests in 28.597 seconds (JVM running for 33.529)
2019-08-13 20:09:39.355 INFO [main]testeverything.TestEverythingApplicationTests.testLogBack:75 -this is info
2019-08-13 20:09:39.377 INFO [Thread-2]o.s.web.context.support.GenericWebApplicationContext.doClose:993 -Closing org.springframework.web.context.support.GenericWebApplicationContext@7a35b0f5: startup date [Tue Aug 13 20:09:12 CST 2019]; root of context hierarchy
