2019-08-23 10:49:13.037 INFO [main]com.TestEverythingApplication.logStarting:50 -Starting TestEverythingApplication on Lin with PID 8892 (I:\javaworkspace\testeverything\target\classes started by Wyl in I:\javaworkspace\testeverything)
2019-08-23 10:49:13.053 INFO [main]com.TestEverythingApplication.logStartupProfileInfo:662 -No active profile set, falling back to default profiles: default
2019-08-23 10:49:13.240 INFO [main]o.s.b.w.s.c.AnnotationConfigServletWebServerApplicationContext.prepareRefresh:590 -Refreshing org.springframework.boot.web.servlet.context.AnnotationConfigServletWebServerApplicationContext@7a1234bf: startup date [Fri Aug 23 10:49:13 CST 2019]; root of context hierarchy
2019-08-23 10:49:17.662 INFO [main]o.s.d.repository.config.RepositoryConfigurationDelegate.multipleStoresDetected:163 -Multiple Spring Data modules found, entering strict repository configuration mode!
2019-08-23 10:49:19.506 INFO [main]o.s.c.s.PostProcessorRegistrationDelegate$BeanPostProcessorChecker.postProcessAfterInitialization:326 -Bean 'org.springframework.transaction.annotation.ProxyTransactionManagementConfiguration' of type [org.springframework.transaction.annotation.ProxyTransactionManagementConfiguration$$EnhancerBySpringCGLIB$$58386980] is not eligible for getting processed by all BeanPostProcessors (for example: not eligible for auto-proxying)
2019-08-23 10:49:20.647 INFO [main]o.s.boot.web.embedded.tomcat.TomcatWebServer.initialize:91 -Tomcat initialized with port(s): 8080 (http)
2019-08-23 10:49:20.678 INFO [main]org.apache.coyote.http11.Http11NioProtocol.log:180 -Initializing ProtocolHandler ["http-nio-8080"]
2019-08-23 10:49:20.709 INFO [main]org.apache.catalina.core.StandardService.log:180 -Starting service [Tomcat]
2019-08-23 10:49:20.709 INFO [main]org.apache.catalina.core.StandardEngine.log:180 -Starting Servlet Engine: Apache Tomcat/8.5.32
2019-08-23 10:49:20.709 INFO [localhost-startStop-1]org.apache.catalina.core.AprLifecycleListener.log:180 -The APR based Apache Tomcat Native library which allows optimal performance in production environments was not found on the java.library.path: [C:\Program Files\Java\jdk1.8.0_25\bin;C:\WINDOWS\Sun\Java\bin;C:\WINDOWS\system32;C:\WINDOWS;C:\ProgramData\DockerDesktop\version-bin;C:\Program Files\Docker\Docker\Resources\bin;C:\Windows\system32;C:\Windows;C:\WINDOWS\system32;C:\WINDOWS;C:\WINDOWS\System32\Wbem;C:\Program Files (x86)\OpenVPN\bin;C:\Program Files\Git\cmd;C:\Program Files\Java\apache-maven-3.6.1\bin;C:\Program Files (x86)\OpenVPN\bin;.]
2019-08-23 10:49:20.943 INFO [localhost-startStop-1]o.a.catalina.core.ContainerBase.[Tomcat].[localhost].[/].log:180 -Initializing Spring embedded WebApplicationContext
2019-08-23 10:49:20.943 INFO [localhost-startStop-1]org.springframework.web.context.ContextLoader.prepareWebApplicationContext:285 -Root WebApplicationContext: initialization completed in 7703 ms
2019-08-23 10:49:21.131 INFO [localhost-startStop-1]o.s.boot.web.servlet.ServletRegistrationBean.addRegistration:187 -Servlet dispatcherServlet mapped to [/]
2019-08-23 10:49:21.146 INFO [localhost-startStop-1]o.s.boot.web.servlet.FilterRegistrationBean.configure:245 -Mapping filter: 'characterEncodingFilter' to: [/*]
2019-08-23 10:49:21.146 INFO [localhost-startStop-1]o.s.boot.web.servlet.FilterRegistrationBean.configure:245 -Mapping filter: 'hiddenHttpMethodFilter' to: [/*]
2019-08-23 10:49:21.146 INFO [localhost-startStop-1]o.s.boot.web.servlet.FilterRegistrationBean.configure:245 -Mapping filter: 'httpPutFormContentFilter' to: [/*]
2019-08-23 10:49:21.146 INFO [localhost-startStop-1]o.s.boot.web.servlet.FilterRegistrationBean.configure:245 -Mapping filter: 'requestContextFilter' to: [/*]
2019-08-23 10:49:27.787 INFO [main]com.wyl.rocketMQ.ProducerFactory.init:59 -producer连接成功。。。。
2019-08-23 10:49:31.412 INFO [main]com.wyl.rocketMQ.Consumers.init:46 -consumer连接成功。。。。
2019-08-23 10:49:32.959 INFO [main]o.s.web.servlet.handler.SimpleUrlHandlerMapping.registerHandler:373 -Mapped URL path [/**/favicon.ico] onto handler of type [class org.springframework.web.servlet.resource.ResourceHttpRequestHandler]
2019-08-23 10:49:33.709 INFO [main]o.s.w.s.m.method.annotation.RequestMappingHandlerAdapter.initControllerAdviceCache:574 -Looking for @ControllerAdvice: org.springframework.boot.web.servlet.context.AnnotationConfigServletWebServerApplicationContext@7a1234bf: startup date [Fri Aug 23 10:49:13 CST 2019]; root of context hierarchy
2019-08-23 10:49:33.725 INFO [main]o.s.w.s.m.method.annotation.RequestMappingHandlerAdapter.initControllerAdviceCache:610 -Detected ResponseBodyAdvice bean in fastJsonpResponseBodyAdvice
2019-08-23 10:49:33.896 INFO [main]o.s.w.s.m.method.annotation.RequestMappingHandlerMapping.register:547 -Mapped "{[/computer/],methods=[GET]}" onto public com.wyl.designpattern.abstractfactoryPattern.icomputer.Computer com.wyl.controller.designcontroller.abstractfactroy.AbstractFactroyTest.getComputer(java.lang.String)
2019-08-23 10:49:33.896 INFO [main]o.s.w.s.m.method.annotation.RequestMappingHandlerMapping.register:547 -Mapped "{[/getSimpleShape]}" onto public java.lang.String com.wyl.controller.designcontroller.fatory.FactoryPatternTest.getSimpleShape()
2019-08-23 10:49:33.896 INFO [main]o.s.w.s.m.method.annotation.RequestMappingHandlerMapping.register:547 -Mapped "{[/getShape]}" onto public java.lang.String com.wyl.controller.designcontroller.fatory.FactoryPatternTest.getShape()
2019-08-23 10:49:33.896 INFO [main]o.s.w.s.m.method.annotation.RequestMappingHandlerMapping.register:547 -Mapped "{[/sendMsg/{msg}],methods=[GET]}" onto public java.lang.String com.wyl.controller.designcontroller.observers.ObserverPattrnController.sendMsg(java.lang.String)
2019-08-23 10:49:33.912 INFO [main]o.s.w.s.m.method.annotation.RequestMappingHandlerMapping.register:547 -Mapped "{[/singleton/{type}],methods=[GET]}" onto public java.lang.Boolean com.wyl.controller.designcontroller.singletoncontroller.SingletonController.getSinggleton(java.lang.String)
2019-08-23 10:49:33.912 INFO [main]o.s.w.s.m.method.annotation.RequestMappingHandlerMapping.register:547 -Mapped "{[/activeMQ/sendMsg],methods=[GET]}" onto public void com.wyl.controller.springbootcontroller.ActiveMQController.sendMsg(java.lang.String)
2019-08-23 10:49:33.912 INFO [main]o.s.w.s.m.method.annotation.RequestMappingHandlerMapping.register:547 -Mapped "{[/activeMQ/sendTopicMsg],methods=[GET]}" onto public void com.wyl.controller.springbootcontroller.ActiveMQController.sendTopicMsg(java.lang.String)
2019-08-23 10:49:33.912 INFO [main]o.s.w.s.m.method.annotation.RequestMappingHandlerMapping.register:547 -Mapped "{[/rocket/sendMsg]}" onto public void com.wyl.controller.springbootcontroller.RocketMQController.sendSyncMsg(java.lang.String,java.lang.String,java.lang.String)
2019-08-23 10:49:33.928 INFO [main]o.s.w.s.m.method.annotation.RequestMappingHandlerMapping.register:547 -Mapped "{[/rocket/getMsg]}" onto public void com.wyl.controller.springbootcontroller.RocketMQController.getMsg(java.lang.String,java.lang.String)
2019-08-23 10:49:33.928 INFO [main]o.s.w.s.m.method.annotation.RequestMappingHandlerMapping.register:547 -Mapped "{[/error]}" onto public org.springframework.http.ResponseEntity<java.util.Map<java.lang.String, java.lang.Object>> org.springframework.boot.autoconfigure.web.servlet.error.BasicErrorController.error(javax.servlet.http.HttpServletRequest)
2019-08-23 10:49:33.928 INFO [main]o.s.w.s.m.method.annotation.RequestMappingHandlerMapping.register:547 -Mapped "{[/error],produces=[text/html]}" onto public org.springframework.web.servlet.ModelAndView org.springframework.boot.autoconfigure.web.servlet.error.BasicErrorController.errorHtml(javax.servlet.http.HttpServletRequest,javax.servlet.http.HttpServletResponse)
2019-08-23 10:49:34.084 INFO [main]o.s.web.servlet.handler.SimpleUrlHandlerMapping.registerHandler:373 -Mapped URL path [/webjars/**] onto handler of type [class org.springframework.web.servlet.resource.ResourceHttpRequestHandler]
2019-08-23 10:49:34.084 INFO [main]o.s.web.servlet.handler.SimpleUrlHandlerMapping.registerHandler:373 -Mapped URL path [/**] onto handler of type [class org.springframework.web.servlet.resource.ResourceHttpRequestHandler]
2019-08-23 10:49:34.146 INFO [main]o.s.w.s.m.m.annotation.ExceptionHandlerExceptionResolver.initExceptionHandlerAdviceCache:288 -Detected @ExceptionHandler methods in myExceptionHandler
2019-08-23 10:49:34.146 INFO [main]o.s.w.s.m.m.annotation.ExceptionHandlerExceptionResolver.initExceptionHandlerAdviceCache:294 -Detected ResponseBodyAdvice implementation in fastJsonpResponseBodyAdvice
2019-08-23 10:49:35.318 INFO [main]o.s.jmx.export.annotation.AnnotationMBeanExporter.afterSingletonsInstantiated:433 -Registering beans for JMX exposure on startup
2019-08-23 10:49:35.318 INFO [main]o.s.jmx.export.annotation.AnnotationMBeanExporter.autodetect:895 -Bean with name 'dataSource' has been autodetected for JMX exposure
2019-08-23 10:49:35.334 INFO [main]o.s.jmx.export.annotation.AnnotationMBeanExporter.registerBeanInstance:668 -Located MBean 'dataSource': registering with JMX server as MBean [com.alibaba.druid.pool:name=dataSource,type=DruidDataSource]
2019-08-23 10:49:35.350 INFO [main]o.s.context.support.DefaultLifecycleProcessor.start:351 -Starting beans in phase 2147483647
2019-08-23 10:49:37.271 INFO [main]o.s.s.annotation.ScheduledAnnotationBeanPostProcessor.finishRegistration:275 -No TaskScheduler/ScheduledExecutorService bean found for scheduled processing
2019-08-23 10:49:37.287 INFO [main]org.apache.coyote.http11.Http11NioProtocol.log:180 -Starting ProtocolHandler ["http-nio-8080"]
2019-08-23 10:49:37.287 INFO [main]org.apache.tomcat.util.net.NioSelectorPool.log:180 -Using a shared selector for servlet write/read
2019-08-23 10:49:37.318 INFO [main]o.s.boot.web.embedded.tomcat.TomcatWebServer.start:206 -Tomcat started on port(s): 8080 (http) with context path ''
2019-08-23 10:49:37.334 INFO [main]com.TestEverythingApplication.logStarted:59 -Started TestEverythingApplication in 25.766 seconds (JVM running for 31.018)
2019-08-23 10:50:08.633 INFO [http-nio-8080-exec-1]o.a.catalina.core.ContainerBase.[Tomcat].[localhost].[/].log:180 -Initializing Spring FrameworkServlet 'dispatcherServlet'
2019-08-23 10:50:08.634 INFO [http-nio-8080-exec-1]org.springframework.web.servlet.DispatcherServlet.initServletBean:494 -FrameworkServlet 'dispatcherServlet': initialization started
2019-08-23 10:50:08.722 INFO [http-nio-8080-exec-1]org.springframework.web.servlet.DispatcherServlet.initServletBean:509 -FrameworkServlet 'dispatcherServlet': initialization completed in 88 ms
2019-08-23 10:51:18.931 INFO [Thread-52]o.s.b.w.s.c.AnnotationConfigServletWebServerApplicationContext.doClose:993 -Closing org.springframework.boot.web.servlet.context.AnnotationConfigServletWebServerApplicationContext@7a1234bf: startup date [Fri Aug 23 10:49:13 CST 2019]; root of context hierarchy
2019-08-23 10:51:18.931 INFO [Thread-52]o.s.context.support.DefaultLifecycleProcessor.stop:366 -Stopping beans in phase 2147483647
2019-08-23 15:24:44.575 INFO [main]testeverything.TestEverythingApplicationTests.logStarting:50 -Starting TestEverythingApplicationTests on Lin with PID 11688 (started by Wyl in I:\javaworkspace\testeverything)
2019-08-23 15:24:44.591 INFO [main]testeverything.TestEverythingApplicationTests.logStartupProfileInfo:662 -No active profile set, falling back to default profiles: default
2019-08-23 15:24:44.744 INFO [main]o.s.web.context.support.GenericWebApplicationContext.prepareRefresh:590 -Refreshing org.springframework.web.context.support.GenericWebApplicationContext@1033576a: startup date [Fri Aug 23 15:24:44 CST 2019]; root of context hierarchy
2019-08-23 15:24:52.736 INFO [main]o.s.d.repository.config.RepositoryConfigurationDelegate.multipleStoresDetected:163 -Multiple Spring Data modules found, entering strict repository configuration mode!
2019-08-23 15:24:55.112 INFO [main]o.s.c.s.PostProcessorRegistrationDelegate$BeanPostProcessorChecker.postProcessAfterInitialization:326 -Bean 'org.springframework.transaction.annotation.ProxyTransactionManagementConfiguration' of type [org.springframework.transaction.annotation.ProxyTransactionManagementConfiguration$$EnhancerBySpringCGLIB$$e1c622e8] is not eligible for getting processed by all BeanPostProcessors (for example: not eligible for auto-proxying)
2019-08-23 15:25:03.466 INFO [main]com.wyl.rocketMQ.ProducerFactory.init:59 -producer连接成功。。。。
2019-08-23 15:25:08.283 INFO [main]com.wyl.rocketMQ.Consumers.init:46 -consumer连接成功。。。。
2019-08-23 15:25:11.017 INFO [main]o.s.web.servlet.handler.SimpleUrlHandlerMapping.registerHandler:373 -Mapped URL path [/**/favicon.ico] onto handler of type [class org.springframework.web.servlet.resource.ResourceHttpRequestHandler]
2019-08-23 15:25:11.961 INFO [main]o.s.w.s.m.method.annotation.RequestMappingHandlerAdapter.initControllerAdviceCache:574 -Looking for @ControllerAdvice: org.springframework.web.context.support.GenericWebApplicationContext@1033576a: startup date [Fri Aug 23 15:24:44 CST 2019]; root of context hierarchy
2019-08-23 15:25:11.961 INFO [main]o.s.w.s.m.method.annotation.RequestMappingHandlerAdapter.initControllerAdviceCache:610 -Detected ResponseBodyAdvice bean in fastJsonpResponseBodyAdvice
2019-08-23 15:25:12.164 INFO [main]o.s.w.s.m.method.annotation.RequestMappingHandlerMapping.register:547 -Mapped "{[/computer/],methods=[GET]}" onto public com.wyl.designpattern.abstractfactoryPattern.icomputer.Computer com.wyl.controller.designcontroller.abstractfactroy.AbstractFactroyTest.getComputer(java.lang.String)
2019-08-23 15:25:12.164 INFO [main]o.s.w.s.m.method.annotation.RequestMappingHandlerMapping.register:547 -Mapped "{[/getShape]}" onto public java.lang.String com.wyl.controller.designcontroller.fatory.FactoryPatternTest.getShape()
2019-08-23 15:25:12.164 INFO [main]o.s.w.s.m.method.annotation.RequestMappingHandlerMapping.register:547 -Mapped "{[/getSimpleShape]}" onto public java.lang.String com.wyl.controller.designcontroller.fatory.FactoryPatternTest.getSimpleShape()
2019-08-23 15:25:12.164 INFO [main]o.s.w.s.m.method.annotation.RequestMappingHandlerMapping.register:547 -Mapped "{[/sendMsg/{msg}],methods=[GET]}" onto public java.lang.String com.wyl.controller.designcontroller.observers.ObserverPattrnController.sendMsg(java.lang.String)
2019-08-23 15:25:12.180 INFO [main]o.s.w.s.m.method.annotation.RequestMappingHandlerMapping.register:547 -Mapped "{[/singleton/{type}],methods=[GET]}" onto public java.lang.Boolean com.wyl.controller.designcontroller.singletoncontroller.SingletonController.getSinggleton(java.lang.String)
2019-08-23 15:25:12.196 INFO [main]o.s.w.s.m.method.annotation.RequestMappingHandlerMapping.register:547 -Mapped "{[/activeMQ/sendMsg],methods=[GET]}" onto public void com.wyl.controller.springbootcontroller.ActiveMQController.sendMsg(java.lang.String)
2019-08-23 15:25:12.196 INFO [main]o.s.w.s.m.method.annotation.RequestMappingHandlerMapping.register:547 -Mapped "{[/activeMQ/sendTopicMsg],methods=[GET]}" onto public void com.wyl.controller.springbootcontroller.ActiveMQController.sendTopicMsg(java.lang.String)
2019-08-23 15:25:12.211 INFO [main]o.s.w.s.m.method.annotation.RequestMappingHandlerMapping.register:547 -Mapped "{[/rocket/sendMsg]}" onto public void com.wyl.controller.springbootcontroller.RocketMQController.sendSyncMsg(java.lang.String,java.lang.String,java.lang.String)
2019-08-23 15:25:12.211 INFO [main]o.s.w.s.m.method.annotation.RequestMappingHandlerMapping.register:547 -Mapped "{[/rocket/getMsg]}" onto public void com.wyl.controller.springbootcontroller.RocketMQController.getMsg(java.lang.String,java.lang.String)
2019-08-23 15:25:12.211 INFO [main]o.s.w.s.m.method.annotation.RequestMappingHandlerMapping.register:547 -Mapped "{[/error]}" onto public org.springframework.http.ResponseEntity<java.util.Map<java.lang.String, java.lang.Object>> org.springframework.boot.autoconfigure.web.servlet.error.BasicErrorController.error(javax.servlet.http.HttpServletRequest)
2019-08-23 15:25:12.211 INFO [main]o.s.w.s.m.method.annotation.RequestMappingHandlerMapping.register:547 -Mapped "{[/error],produces=[text/html]}" onto public org.springframework.web.servlet.ModelAndView org.springframework.boot.autoconfigure.web.servlet.error.BasicErrorController.errorHtml(javax.servlet.http.HttpServletRequest,javax.servlet.http.HttpServletResponse)
2019-08-23 15:25:12.336 INFO [main]o.s.web.servlet.handler.SimpleUrlHandlerMapping.registerHandler:373 -Mapped URL path [/webjars/**] onto handler of type [class org.springframework.web.servlet.resource.ResourceHttpRequestHandler]
2019-08-23 15:25:12.336 INFO [main]o.s.web.servlet.handler.SimpleUrlHandlerMapping.registerHandler:373 -Mapped URL path [/**] onto handler of type [class org.springframework.web.servlet.resource.ResourceHttpRequestHandler]
2019-08-23 15:25:12.367 INFO [main]o.s.w.s.m.m.annotation.ExceptionHandlerExceptionResolver.initExceptionHandlerAdviceCache:288 -Detected @ExceptionHandler methods in myExceptionHandler
2019-08-23 15:25:12.383 INFO [main]o.s.w.s.m.m.annotation.ExceptionHandlerExceptionResolver.initExceptionHandlerAdviceCache:294 -Detected ResponseBodyAdvice implementation in fastJsonpResponseBodyAdvice
2019-08-23 15:25:15.545 INFO [main]o.s.context.support.DefaultLifecycleProcessor.start:351 -Starting beans in phase 2147483647
2019-08-23 15:25:17.446 INFO [main]o.s.s.annotation.ScheduledAnnotationBeanPostProcessor.finishRegistration:275 -No TaskScheduler/ScheduledExecutorService bean found for scheduled processing
2019-08-23 15:25:17.469 INFO [main]testeverything.TestEverythingApplicationTests.logStarted:59 -Started TestEverythingApplicationTests in 34.09 seconds (JVM running for 37.053)
2019-08-23 15:25:17.769 INFO [Thread-5]o.s.web.context.support.GenericWebApplicationContext.doClose:993 -Closing org.springframework.web.context.support.GenericWebApplicationContext@1033576a: startup date [Fri Aug 23 15:24:44 CST 2019]; root of context hierarchy
2019-08-23 15:25:17.784 INFO [Thread-5]o.s.context.support.DefaultLifecycleProcessor.stop:366 -Stopping beans in phase 2147483647
