2019-11-03 01:42:06.823 ERROR[main]o.s.boot.diagnostics.LoggingFailureAnalysisReporter.report:40 -

***************************
APPLICATION FAILED TO START
***************************

Description:

A component required a bean of type 'org.springframework.jms.core.JmsMessagingTemplate' that could not be found.

The following candidates were found but could not be injected:
	- Bean method 'jmsMessagingTemplate' in 'JmsAutoConfiguration.MessagingTemplateConfiguration' not loaded because Ancestor org.springframework.boot.autoconfigure.jms.JmsAutoConfiguration did not match


Action:

Consider revisiting the entries above or defining a bean of type 'org.springframework.jms.core.JmsMessagingTemplate' in your configuration.

2019-11-03 01:45:26.107 ERROR[main]o.s.boot.diagnostics.LoggingFailureAnalysisReporter.report:40 -

***************************
APPLICATION FAILED TO START
***************************

Description:

A component required a bean of type 'org.springframework.jms.core.JmsMessagingTemplate' that could not be found.

The following candidates were found but could not be injected:
	- Bean method 'jmsMessagingTemplate' in 'JmsAutoConfiguration.MessagingTemplateConfiguration' not loaded because Ancestor org.springframework.boot.autoconfigure.jms.JmsAutoConfiguration did not match


Action:

Consider revisiting the entries above or defining a bean of type 'org.springframework.jms.core.JmsMessagingTemplate' in your configuration.

2019-11-03 10:44:17.724 ERROR[main]o.s.boot.diagnostics.LoggingFailureAnalysisReporter.report:40 -

***************************
APPLICATION FAILED TO START
***************************

Description:

A component required a bean of type 'org.springframework.jms.core.JmsMessagingTemplate' that could not be found.

The following candidates were found but could not be injected:
	- Bean method 'jmsMessagingTemplate' in 'JmsAutoConfiguration.MessagingTemplateConfiguration' not loaded because Ancestor org.springframework.boot.autoconfigure.jms.JmsAutoConfiguration did not match


Action:

Consider revisiting the entries above or defining a bean of type 'org.springframework.jms.core.JmsMessagingTemplate' in your configuration.

2019-11-03 10:48:22.317 ERROR[main]org.springframework.boot.SpringApplication.reportFailure:823 -Application run failed
org.springframework.context.ApplicationContextException: Unable to start web server; nested exception is org.springframework.context.ApplicationContextException: Unable to start ServletWebServerApplicationContext due to missing ServletWebServerFactory bean.
	at org.springframework.boot.web.servlet.context.ServletWebServerApplicationContext.onRefresh(ServletWebServerApplicationContext.java:156)
	at org.springframework.context.support.AbstractApplicationContext.refresh(AbstractApplicationContext.java:543)
	at org.springframework.boot.web.servlet.context.ServletWebServerApplicationContext.refresh(ServletWebServerApplicationContext.java:141)
	at org.springframework.boot.SpringApplication.refresh(SpringApplication.java:744)
	at org.springframework.boot.SpringApplication.refreshContext(SpringApplication.java:391)
	at org.springframework.boot.SpringApplication.run(SpringApplication.java:312)
	at org.springframework.boot.SpringApplication.run(SpringApplication.java:1215)
	at org.springframework.boot.SpringApplication.run(SpringApplication.java:1204)
	at com.TestEverythingApplication.main(TestEverythingApplication.java:34)
Caused by: org.springframework.context.ApplicationContextException: Unable to start ServletWebServerApplicationContext due to missing ServletWebServerFactory bean.
	at org.springframework.boot.web.servlet.context.ServletWebServerApplicationContext.getWebServerFactory(ServletWebServerApplicationContext.java:203)
	at org.springframework.boot.web.servlet.context.ServletWebServerApplicationContext.createWebServer(ServletWebServerApplicationContext.java:179)
	at org.springframework.boot.web.servlet.context.ServletWebServerApplicationContext.onRefresh(ServletWebServerApplicationContext.java:153)
	... 8 common frames omitted
2019-11-03 10:55:34.325 ERROR[main]o.s.boot.diagnostics.LoggingFailureAnalysisReporter.report:40 -

***************************
APPLICATION FAILED TO START
***************************

Description:

A component required a bean of type 'org.springframework.jms.core.JmsMessagingTemplate' that could not be found.

The following candidates were found but could not be injected:
	- Bean method 'jmsMessagingTemplate' in 'JmsAutoConfiguration.MessagingTemplateConfiguration' not loaded because Ancestor org.springframework.boot.autoconfigure.jms.JmsAutoConfiguration did not match


Action:

Consider revisiting the entries above or defining a bean of type 'org.springframework.jms.core.JmsMessagingTemplate' in your configuration.

2019-11-03 11:06:13.136 ERROR[main]o.s.boot.diagnostics.LoggingFailureAnalysisReporter.report:40 -

***************************
APPLICATION FAILED TO START
***************************

Description:

A component required a bean of type 'org.springframework.jms.core.JmsMessagingTemplate' that could not be found.

The following candidates were found but could not be injected:
	- Bean method 'jmsMessagingTemplate' in 'JmsAutoConfiguration.MessagingTemplateConfiguration' not loaded because Ancestor org.springframework.boot.autoconfigure.jms.JmsAutoConfiguration did not match


Action:

Consider revisiting the entries above or defining a bean of type 'org.springframework.jms.core.JmsMessagingTemplate' in your configuration.

2019-11-03 11:08:07.425 ERROR[main]o.s.boot.diagnostics.LoggingFailureAnalysisReporter.report:40 -

***************************
APPLICATION FAILED TO START
***************************

Description:

A component required a bean of type 'org.springframework.jms.core.JmsMessagingTemplate' that could not be found.

The following candidates were found but could not be injected:
	- Bean method 'jmsMessagingTemplate' in 'JmsAutoConfiguration.MessagingTemplateConfiguration' not loaded because Ancestor org.springframework.boot.autoconfigure.jms.JmsAutoConfiguration did not match


Action:

Consider revisiting the entries above or defining a bean of type 'org.springframework.jms.core.JmsMessagingTemplate' in your configuration.

2019-11-03 13:18:22.364 ERROR[scheduling-1]com.wyl.schedule.LuaDistributeLock.lockJob:44 -lock 
2019-11-03 13:18:31.666 ERROR[scheduling-1]com.wyl.schedule.LuaDistributeLock.lockJob:44 -lock 
2019-11-03 13:18:41.655 ERROR[scheduling-1]com.wyl.schedule.LuaDistributeLock.lockJob:44 -lock 
2019-11-03 13:18:51.658 ERROR[scheduling-1]com.wyl.schedule.LuaDistributeLock.lockJob:44 -lock 
2019-11-03 13:19:01.674 ERROR[scheduling-1]com.wyl.schedule.LuaDistributeLock.lockJob:44 -lock 
2019-11-03 13:19:11.660 ERROR[scheduling-1]com.wyl.schedule.LuaDistributeLock.lockJob:44 -lock 
2019-11-03 13:19:21.665 ERROR[scheduling-1]com.wyl.schedule.LuaDistributeLock.lockJob:44 -lock 
2019-11-03 13:19:31.649 ERROR[scheduling-1]com.wyl.schedule.LuaDistributeLock.lockJob:44 -lock 
2019-11-03 13:19:41.649 ERROR[scheduling-1]com.wyl.schedule.LuaDistributeLock.lockJob:44 -lock 
2019-11-03 13:19:51.641 ERROR[scheduling-1]com.wyl.schedule.LuaDistributeLock.lockJob:44 -lock 
2019-11-03 13:20:01.658 ERROR[scheduling-1]com.wyl.schedule.LuaDistributeLock.lockJob:44 -lock 
2019-11-03 13:20:11.649 ERROR[scheduling-1]com.wyl.schedule.LuaDistributeLock.lockJob:44 -lock 
2019-11-03 13:20:26.394 ERROR[scheduling-1]com.wyl.schedule.LuaDistributeLock.lockJob:44 -lock 
