2019-11-02 20:03:49.893 INFO [main]com.TestEverythingApplication.logStarting:55 -Starting TestEverythingApplication on Lin with PID 2960 (I:\javaworkspace\testeverything\target\classes started by Wyl in I:\javaworkspace\testeverything)
2019-11-02 20:03:49.908 INFO [main]com.TestEverythingApplication.logStartupProfileInfo:651 -No active profile set, falling back to default profiles: default
2019-11-02 20:03:55.677 INFO [main]o.s.d.repository.config.RepositoryConfigurationDelegate.multipleStoresDetected:244 -Multiple Spring Data modules found, entering strict repository configuration mode!
2019-11-02 20:03:55.681 INFO [main]o.s.d.repository.config.RepositoryConfigurationDelegate.registerRepositoriesIn:126 -Bootstrapping Spring Data repositories in DEFAULT mode.
2019-11-02 20:03:57.689 INFO [main]o.s.d.repository.config.RepositoryConfigurationDelegate.registerRepositoriesIn:182 -Finished Spring Data repository scanning in 1979ms. Found 0 repository interfaces.
2019-11-02 20:03:58.394 INFO [main]o.s.c.s.PostProcessorRegistrationDelegate$BeanPostProcessorChecker.postProcessAfterInitialization:330 -Bean 'org.springframework.transaction.annotation.ProxyTransactionManagementConfiguration' of type [org.springframework.transaction.annotation.ProxyTransactionManagementConfiguration] is not eligible for getting processed by all BeanPostProcessors (for example: not eligible for auto-proxying)
2019-11-02 20:03:59.262 INFO [main]o.s.boot.web.embedded.tomcat.TomcatWebServer.initialize:92 -Tomcat initialized with port(s): 8081 (http)
2019-11-02 20:03:59.286 INFO [main]org.apache.coyote.http11.Http11NioProtocol.log:173 -Initializing ProtocolHandler ["http-nio-8081"]
2019-11-02 20:03:59.286 INFO [main]org.apache.catalina.core.StandardService.log:173 -Starting service [Tomcat]
2019-11-02 20:03:59.289 INFO [main]org.apache.catalina.core.StandardEngine.log:173 -Starting Servlet engine: [Apache Tomcat/9.0.27]
2019-11-02 20:03:59.527 INFO [main]o.a.catalina.core.ContainerBase.[Tomcat].[localhost].[/].log:173 -Initializing Spring embedded WebApplicationContext
2019-11-02 20:03:59.527 INFO [main]org.springframework.web.context.ContextLoader.prepareWebApplicationContext:284 -Root WebApplicationContext: initialization completed in 9452 ms
2019-11-02 20:03:59.921 WARN [main]o.s.b.w.s.c.AnnotationConfigServletWebServerApplicationContext.refresh:558 -Exception encountered during context initialization - cancelling refresh attempt: org.springframework.beans.factory.BeanCreationException: Error creating bean with name 'msgConsumerServiceImpl': Injection of resource dependencies failed; nested exception is org.springframework.beans.factory.NoSuchBeanDefinitionException: No qualifying bean of type 'org.springframework.jms.core.JmsMessagingTemplate' available: expected at least 1 bean which qualifies as autowire candidate. Dependency annotations: {@javax.annotation.Resource(shareable=true, lookup=, name=, description=, authenticationType=CONTAINER, type=class java.lang.Object, mappedName=)}
2019-11-02 20:03:59.929 INFO [main]org.apache.catalina.core.StandardService.log:173 -Stopping service [Tomcat]
2019-11-02 20:03:59.980 INFO [main]o.s.b.a.logging.ConditionEvaluationReportLoggingListener.logMessage:136 -

Error starting ApplicationContext. To display the conditions report re-run your application with 'debug' enabled.
2019-11-02 20:06:23.782 INFO [main]com.TestEverythingApplication.logStarting:55 -Starting TestEverythingApplication on Lin with PID 17996 (I:\javaworkspace\testeverything\target\classes started by Wyl in I:\javaworkspace\testeverything)
2019-11-02 20:06:23.793 INFO [main]com.TestEverythingApplication.logStartupProfileInfo:651 -No active profile set, falling back to default profiles: default
2019-11-02 20:06:29.669 INFO [main]o.s.d.repository.config.RepositoryConfigurationDelegate.multipleStoresDetected:244 -Multiple Spring Data modules found, entering strict repository configuration mode!
2019-11-02 20:06:29.669 INFO [main]o.s.d.repository.config.RepositoryConfigurationDelegate.registerRepositoriesIn:126 -Bootstrapping Spring Data repositories in DEFAULT mode.
2019-11-02 20:06:32.303 INFO [main]o.s.d.repository.config.RepositoryConfigurationDelegate.registerRepositoriesIn:182 -Finished Spring Data repository scanning in 2581ms. Found 0 repository interfaces.
2019-11-02 20:06:33.342 INFO [main]o.s.c.s.PostProcessorRegistrationDelegate$BeanPostProcessorChecker.postProcessAfterInitialization:330 -Bean 'org.springframework.transaction.annotation.ProxyTransactionManagementConfiguration' of type [org.springframework.transaction.annotation.ProxyTransactionManagementConfiguration] is not eligible for getting processed by all BeanPostProcessors (for example: not eligible for auto-proxying)
2019-11-02 20:06:34.726 INFO [main]o.s.boot.web.embedded.tomcat.TomcatWebServer.initialize:92 -Tomcat initialized with port(s): 8081 (http)
2019-11-02 20:06:34.749 INFO [main]org.apache.coyote.http11.Http11NioProtocol.log:173 -Initializing ProtocolHandler ["http-nio-8081"]
2019-11-02 20:06:34.749 INFO [main]org.apache.catalina.core.StandardService.log:173 -Starting service [Tomcat]
2019-11-02 20:06:34.753 INFO [main]org.apache.catalina.core.StandardEngine.log:173 -Starting Servlet engine: [Apache Tomcat/9.0.27]
2019-11-02 20:06:35.050 INFO [main]o.a.catalina.core.ContainerBase.[Tomcat].[localhost].[/].log:173 -Initializing Spring embedded WebApplicationContext
2019-11-02 20:06:35.050 INFO [main]org.springframework.web.context.ContextLoader.prepareWebApplicationContext:284 -Root WebApplicationContext: initialization completed in 11085 ms
2019-11-02 20:06:35.491 WARN [main]o.s.b.w.s.c.AnnotationConfigServletWebServerApplicationContext.refresh:558 -Exception encountered during context initialization - cancelling refresh attempt: org.springframework.beans.factory.BeanCreationException: Error creating bean with name 'msgConsumerServiceImpl': Injection of resource dependencies failed; nested exception is org.springframework.beans.factory.NoSuchBeanDefinitionException: No qualifying bean of type 'org.springframework.jms.core.JmsMessagingTemplate' available: expected at least 1 bean which qualifies as autowire candidate. Dependency annotations: {@javax.annotation.Resource(shareable=true, lookup=, name=, description=, authenticationType=CONTAINER, type=class java.lang.Object, mappedName=)}
2019-11-02 20:06:35.500 INFO [main]org.apache.catalina.core.StandardService.log:173 -Stopping service [Tomcat]
2019-11-02 20:06:35.545 INFO [main]o.s.b.a.logging.ConditionEvaluationReportLoggingListener.logMessage:136 -

Error starting ApplicationContext. To display the conditions report re-run your application with 'debug' enabled.
