2019-09-08 23:41:19.821 INFO [main]testeverything.TestEverythingApplicationTests.logStarting:50 -Starting TestEverythingApplicationTests on Lin with PID 1036 (started by Wyl in I:\javaworkspace\testeverything)
2019-09-08 23:41:19.826 INFO [main]testeverything.TestEverythingApplicationTests.logStartupProfileInfo:662 -No active profile set, falling back to default profiles: default
2019-09-08 23:41:20.062 INFO [main]o.s.web.context.support.GenericWebApplicationContext.prepareRefresh:590 -Refreshing org.springframework.web.context.support.GenericWebApplicationContext@4a003cbe: startup date [Sun Sep 08 23:41:20 CST 2019]; root of context hierarchy
2019-09-08 23:41:28.765 INFO [main]o.s.d.repository.config.RepositoryConfigurationDelegate.multipleStoresDetected:163 -Multiple Spring Data modules found, entering strict repository configuration mode!
2019-09-08 23:41:31.350 INFO [main]o.s.c.s.PostProcessorRegistrationDelegate$BeanPostProcessorChecker.postProcessAfterInitialization:326 -Bean 'org.springframework.transaction.annotation.ProxyTransactionManagementConfiguration' of type [org.springframework.transaction.annotation.ProxyTransactionManagementConfiguration$$EnhancerBySpringCGLIB$$27877637] is not eligible for getting processed by all BeanPostProcessors (for example: not eligible for auto-proxying)
2019-09-08 23:41:39.400 INFO [main]com.wyl.rocketMQ.ProducerFactory.init:59 -producer连接成功。。。。
2019-09-08 23:41:46.245 INFO [main]com.wyl.rocketMQ.Consumers.init:46 -consumer连接成功。。。。
2019-09-08 23:41:49.334 INFO [main]o.s.web.servlet.handler.SimpleUrlHandlerMapping.registerHandler:373 -Mapped URL path [/**/favicon.ico] onto handler of type [class org.springframework.web.servlet.resource.ResourceHttpRequestHandler]
2019-09-08 23:41:50.357 INFO [main]o.s.w.s.m.method.annotation.RequestMappingHandlerAdapter.initControllerAdviceCache:574 -Looking for @ControllerAdvice: org.springframework.web.context.support.GenericWebApplicationContext@4a003cbe: startup date [Sun Sep 08 23:41:20 CST 2019]; root of context hierarchy
2019-09-08 23:41:50.365 INFO [main]o.s.w.s.m.method.annotation.RequestMappingHandlerAdapter.initControllerAdviceCache:610 -Detected ResponseBodyAdvice bean in fastJsonpResponseBodyAdvice
2019-09-08 23:41:50.554 INFO [main]o.s.w.s.m.method.annotation.RequestMappingHandlerMapping.register:547 -Mapped "{[/computer/],methods=[GET]}" onto public com.wyl.designpattern.abstractfactoryPattern.icomputer.Computer com.wyl.controller.designcontroller.abstractfactroy.AbstractFactroyTest.getComputer(java.lang.String)
2019-09-08 23:41:50.557 INFO [main]o.s.w.s.m.method.annotation.RequestMappingHandlerMapping.register:547 -Mapped "{[/getShape]}" onto public java.lang.String com.wyl.controller.designcontroller.fatory.FactoryPatternTest.getShape()
2019-09-08 23:41:50.558 INFO [main]o.s.w.s.m.method.annotation.RequestMappingHandlerMapping.register:547 -Mapped "{[/getSimpleShape]}" onto public java.lang.String com.wyl.controller.designcontroller.fatory.FactoryPatternTest.getSimpleShape()
2019-09-08 23:41:50.561 INFO [main]o.s.w.s.m.method.annotation.RequestMappingHandlerMapping.register:547 -Mapped "{[/sendMsg/{msg}],methods=[GET]}" onto public java.lang.String com.wyl.controller.designcontroller.observers.ObserverPattrnController.sendMsg(java.lang.String)
2019-09-08 23:41:50.571 INFO [main]o.s.w.s.m.method.annotation.RequestMappingHandlerMapping.register:547 -Mapped "{[/singleton/{type}],methods=[GET]}" onto public java.lang.Boolean com.wyl.controller.designcontroller.singletoncontroller.SingletonController.getSinggleton(java.lang.String)
2019-09-08 23:41:50.573 INFO [main]o.s.w.s.m.method.annotation.RequestMappingHandlerMapping.register:547 -Mapped "{[/activeMQ/sendMsg],methods=[GET]}" onto public void com.wyl.controller.springbootcontroller.ActiveMQController.sendMsg(java.lang.String)
2019-09-08 23:41:50.575 INFO [main]o.s.w.s.m.method.annotation.RequestMappingHandlerMapping.register:547 -Mapped "{[/activeMQ/sendTopicMsg],methods=[GET]}" onto public void com.wyl.controller.springbootcontroller.ActiveMQController.sendTopicMsg(java.lang.String)
2019-09-08 23:41:50.577 INFO [main]o.s.w.s.m.method.annotation.RequestMappingHandlerMapping.register:547 -Mapped "{[/rocket/getMsg]}" onto public void com.wyl.controller.springbootcontroller.RocketMQController.getMsg(java.lang.String,java.lang.String)
2019-09-08 23:41:50.578 INFO [main]o.s.w.s.m.method.annotation.RequestMappingHandlerMapping.register:547 -Mapped "{[/rocket/sendMsg]}" onto public void com.wyl.controller.springbootcontroller.RocketMQController.sendSyncMsg(java.lang.String,java.lang.String,java.lang.String)
2019-09-08 23:41:50.586 INFO [main]o.s.w.s.m.method.annotation.RequestMappingHandlerMapping.register:547 -Mapped "{[/error]}" onto public org.springframework.http.ResponseEntity<java.util.Map<java.lang.String, java.lang.Object>> org.springframework.boot.autoconfigure.web.servlet.error.BasicErrorController.error(javax.servlet.http.HttpServletRequest)
2019-09-08 23:41:50.589 INFO [main]o.s.w.s.m.method.annotation.RequestMappingHandlerMapping.register:547 -Mapped "{[/error],produces=[text/html]}" onto public org.springframework.web.servlet.ModelAndView org.springframework.boot.autoconfigure.web.servlet.error.BasicErrorController.errorHtml(javax.servlet.http.HttpServletRequest,javax.servlet.http.HttpServletResponse)
2019-09-08 23:41:50.695 INFO [main]o.s.web.servlet.handler.SimpleUrlHandlerMapping.registerHandler:373 -Mapped URL path [/webjars/**] onto handler of type [class org.springframework.web.servlet.resource.ResourceHttpRequestHandler]
2019-09-08 23:41:50.696 INFO [main]o.s.web.servlet.handler.SimpleUrlHandlerMapping.registerHandler:373 -Mapped URL path [/**] onto handler of type [class org.springframework.web.servlet.resource.ResourceHttpRequestHandler]
2019-09-08 23:41:50.750 INFO [main]o.s.w.s.m.m.annotation.ExceptionHandlerExceptionResolver.initExceptionHandlerAdviceCache:288 -Detected @ExceptionHandler methods in myExceptionHandler
2019-09-08 23:41:50.751 INFO [main]o.s.w.s.m.m.annotation.ExceptionHandlerExceptionResolver.initExceptionHandlerAdviceCache:294 -Detected ResponseBodyAdvice implementation in fastJsonpResponseBodyAdvice
2019-09-08 23:41:54.022 INFO [main]o.s.context.support.DefaultLifecycleProcessor.start:351 -Starting beans in phase 2147483647
2019-09-08 23:42:00.640 INFO [DefaultMessageListenerContainer-1]o.s.jms.listener.DefaultMessageListenerContainer.handleListenerSetupFailure:878 -JMS message listener invoker needs to establish shared Connection
2019-09-08 23:42:01.690 INFO [main]o.s.s.annotation.ScheduledAnnotationBeanPostProcessor.finishRegistration:275 -No TaskScheduler/ScheduledExecutorService bean found for scheduled processing
2019-09-08 23:42:01.749 INFO [main]testeverything.TestEverythingApplicationTests.logStarted:59 -Started TestEverythingApplicationTests in 43.603 seconds (JVM running for 47.105)
2019-09-08 23:42:01.832 INFO [DefaultMessageListenerContainer-1]o.s.jms.listener.DefaultMessageListenerContainer.handleListenerSetupFailure:878 -JMS message listener invoker needs to establish shared Connection
2019-09-08 23:42:02.443 INFO [Thread-4]o.s.web.context.support.GenericWebApplicationContext.doClose:993 -Closing org.springframework.web.context.support.GenericWebApplicationContext@4a003cbe: startup date [Sun Sep 08 23:41:20 CST 2019]; root of context hierarchy
2019-09-08 23:42:02.449 INFO [Thread-4]o.s.context.support.DefaultLifecycleProcessor.stop:366 -Stopping beans in phase 2147483647
2019-09-08 23:42:03.023 INFO [DefaultMessageListenerContainer-1]o.s.jms.listener.DefaultMessageListenerContainer.handleListenerSetupFailure:878 -JMS message listener invoker needs to establish shared Connection
2019-09-08 23:42:04.241 INFO [DefaultMessageListenerContainer-1]o.s.jms.listener.DefaultMessageListenerContainer.handleListenerSetupFailure:878 -JMS message listener invoker needs to establish shared Connection
2019-09-08 23:42:05.461 INFO [DefaultMessageListenerContainer-1]o.s.jms.listener.DefaultMessageListenerContainer.handleListenerSetupFailure:878 -JMS message listener invoker needs to establish shared Connection
2019-09-08 23:42:06.673 INFO [DefaultMessageListenerContainer-1]o.s.jms.listener.DefaultMessageListenerContainer.handleListenerSetupFailure:878 -JMS message listener invoker needs to establish shared Connection
