2019-11-02 20:04:00.206 ERROR[main]o.s.boot.diagnostics.LoggingFailureAnalysisReporter.report:40 -

***************************
APPLICATION FAILED TO START
***************************

Description:

A component required a bean of type 'org.springframework.jms.core.JmsMessagingTemplate' that could not be found.

The following candidates were found but could not be injected:
	- Bean method 'jmsMessagingTemplate' in 'JmsAutoConfiguration.MessagingTemplateConfiguration' not loaded because Ancestor org.springframework.boot.autoconfigure.jms.JmsAutoConfiguration did not match


Action:

Consider revisiting the entries above or defining a bean of type 'org.springframework.jms.core.JmsMessagingTemplate' in your configuration.

2019-11-02 20:06:35.745 ERROR[main]o.s.boot.diagnostics.LoggingFailureAnalysisReporter.report:40 -

***************************
APPLICATION FAILED TO START
***************************

Description:

A component required a bean of type 'org.springframework.jms.core.JmsMessagingTemplate' that could not be found.

The following candidates were found but could not be injected:
	- Bean method 'jmsMessagingTemplate' in 'JmsAutoConfiguration.MessagingTemplateConfiguration' not loaded because Ancestor org.springframework.boot.autoconfigure.jms.JmsAutoConfiguration did not match


Action:

Consider revisiting the entries above or defining a bean of type 'org.springframework.jms.core.JmsMessagingTemplate' in your configuration.

