2019-08-19 09:11:58.699 INFO [main]com.TestEverythingApplication.logStarting:50 -Starting TestEverythingApplication on Lin with PID 11572 (I:\javaworkspace\testeverything\target\classes started by Wyl in I:\javaworkspace\testeverything)
2019-08-19 09:11:58.746 INFO [main]com.TestEverythingApplication.logStartupProfileInfo:662 -No active profile set, falling back to default profiles: default
2019-08-19 09:11:59.121 INFO [main]o.s.b.w.s.c.AnnotationConfigServletWebServerApplicationContext.prepareRefresh:590 -Refreshing org.springframework.boot.web.servlet.context.AnnotationConfigServletWebServerApplicationContext@172b013: startup date [Mon Aug 19 09:11:59 CST 2019]; root of context hierarchy
2019-08-19 09:12:04.636 INFO [main]o.s.d.repository.config.RepositoryConfigurationDelegate.multipleStoresDetected:163 -Multiple Spring Data modules found, entering strict repository configuration mode!
2019-08-19 09:12:07.371 INFO [main]o.s.c.s.PostProcessorRegistrationDelegate$BeanPostProcessorChecker.postProcessAfterInitialization:326 -Bean 'org.springframework.transaction.annotation.ProxyTransactionManagementConfiguration' of type [org.springframework.transaction.annotation.ProxyTransactionManagementConfiguration$$EnhancerBySpringCGLIB$$3e11c4] is not eligible for getting processed by all BeanPostProcessors (for example: not eligible for auto-proxying)
2019-08-19 09:12:07.543 WARN [main]o.s.b.w.s.c.AnnotationConfigServletWebServerApplicationContext.refresh:558 -Exception encountered during context initialization - cancelling refresh attempt: org.springframework.beans.factory.BeanCreationException: Error creating bean with name 'projectingArgumentResolverBeanPostProcessor' defined in class path resource [org/springframework/data/web/config/ProjectingArgumentResolverRegistrar.class]: BeanPostProcessor before instantiation of bean failed; nested exception is org.springframework.beans.factory.BeanCreationException: Error creating bean with name 'org.springframework.transaction.annotation.ProxyTransactionManagementConfiguration': Initialization of bean failed; nested exception is java.lang.IllegalArgumentException: error Type referred to is not an annotation type: RequestMapping
2019-08-19 09:12:07.574 INFO [main]o.s.b.a.logging.ConditionEvaluationReportLoggingListener.logAutoConfigurationReport:101 -

Error starting ApplicationContext. To display the conditions report re-run your application with 'debug' enabled.
2019-08-19 09:12:21.192 INFO [main]com.TestEverythingApplication.logStarting:50 -Starting TestEverythingApplication on Lin with PID 12244 (I:\javaworkspace\testeverything\target\classes started by Wyl in I:\javaworkspace\testeverything)
2019-08-19 09:12:21.192 INFO [main]com.TestEverythingApplication.logStartupProfileInfo:662 -No active profile set, falling back to default profiles: default
2019-08-19 09:12:21.442 INFO [main]o.s.b.w.s.c.AnnotationConfigServletWebServerApplicationContext.prepareRefresh:590 -Refreshing org.springframework.boot.web.servlet.context.AnnotationConfigServletWebServerApplicationContext@61df66b6: startup date [Mon Aug 19 09:12:21 CST 2019]; root of context hierarchy
2019-08-19 09:12:25.114 INFO [main]o.s.d.repository.config.RepositoryConfigurationDelegate.multipleStoresDetected:163 -Multiple Spring Data modules found, entering strict repository configuration mode!
2019-08-19 09:12:26.536 INFO [main]o.s.c.s.PostProcessorRegistrationDelegate$BeanPostProcessorChecker.postProcessAfterInitialization:326 -Bean 'org.springframework.transaction.annotation.ProxyTransactionManagementConfiguration' of type [org.springframework.transaction.annotation.ProxyTransactionManagementConfiguration$$EnhancerBySpringCGLIB$$139f842] is not eligible for getting processed by all BeanPostProcessors (for example: not eligible for auto-proxying)
2019-08-19 09:12:26.614 WARN [main]o.s.b.w.s.c.AnnotationConfigServletWebServerApplicationContext.refresh:558 -Exception encountered during context initialization - cancelling refresh attempt: org.springframework.beans.factory.BeanCreationException: Error creating bean with name 'projectingArgumentResolverBeanPostProcessor' defined in class path resource [org/springframework/data/web/config/ProjectingArgumentResolverRegistrar.class]: BeanPostProcessor before instantiation of bean failed; nested exception is org.springframework.beans.factory.BeanCreationException: Error creating bean with name 'org.springframework.transaction.annotation.ProxyTransactionManagementConfiguration': Initialization of bean failed; nested exception is java.lang.IllegalArgumentException: error Type referred to is not an annotation type: RequestMapping
2019-08-19 09:12:26.629 INFO [main]o.s.b.a.logging.ConditionEvaluationReportLoggingListener.logAutoConfigurationReport:101 -

Error starting ApplicationContext. To display the conditions report re-run your application with 'debug' enabled.
2019-08-19 21:16:44.951 INFO [main]com.TestEverythingApplication.logStarting:50 -Starting TestEverythingApplication on Lin with PID 19164 (I:\javaworkspace\testeverything\target\classes started by Wyl in I:\javaworkspace\testeverything)
2019-08-19 21:16:45.008 INFO [main]com.TestEverythingApplication.logStartupProfileInfo:662 -No active profile set, falling back to default profiles: default
2019-08-19 21:16:45.312 INFO [main]o.s.b.w.s.c.AnnotationConfigServletWebServerApplicationContext.prepareRefresh:590 -Refreshing org.springframework.boot.web.servlet.context.AnnotationConfigServletWebServerApplicationContext@f5ac9e4: startup date [Mon Aug 19 21:16:45 CST 2019]; root of context hierarchy
2019-08-19 21:16:52.536 INFO [main]o.s.d.repository.config.RepositoryConfigurationDelegate.multipleStoresDetected:163 -Multiple Spring Data modules found, entering strict repository configuration mode!
2019-08-19 21:16:55.137 INFO [main]o.s.c.s.PostProcessorRegistrationDelegate$BeanPostProcessorChecker.postProcessAfterInitialization:326 -Bean 'org.springframework.transaction.annotation.ProxyTransactionManagementConfiguration' of type [org.springframework.transaction.annotation.ProxyTransactionManagementConfiguration$$EnhancerBySpringCGLIB$$89c5b0f1] is not eligible for getting processed by all BeanPostProcessors (for example: not eligible for auto-proxying)
2019-08-19 21:16:55.222 WARN [main]o.s.b.w.s.c.AnnotationConfigServletWebServerApplicationContext.refresh:558 -Exception encountered during context initialization - cancelling refresh attempt: org.springframework.beans.factory.BeanCreationException: Error creating bean with name 'projectingArgumentResolverBeanPostProcessor' defined in class path resource [org/springframework/data/web/config/ProjectingArgumentResolverRegistrar.class]: BeanPostProcessor before instantiation of bean failed; nested exception is org.springframework.beans.factory.BeanCreationException: Error creating bean with name 'org.springframework.transaction.annotation.ProxyTransactionManagementConfiguration': Initialization of bean failed; nested exception is java.lang.IllegalArgumentException: error Type referred to is not an annotation type: RequestMapping
2019-08-19 21:16:55.237 INFO [main]o.s.b.a.logging.ConditionEvaluationReportLoggingListener.logAutoConfigurationReport:101 -

Error starting ApplicationContext. To display the conditions report re-run your application with 'debug' enabled.
2019-08-19 21:22:10.631 INFO [main]com.TestEverythingApplication.logStarting:50 -Starting TestEverythingApplication on Lin with PID 21896 (I:\javaworkspace\testeverything\target\classes started by Wyl in I:\javaworkspace\testeverything)
2019-08-19 21:22:10.662 INFO [main]com.TestEverythingApplication.logStartupProfileInfo:662 -No active profile set, falling back to default profiles: default
2019-08-19 21:22:10.850 INFO [main]o.s.b.w.s.c.AnnotationConfigServletWebServerApplicationContext.prepareRefresh:590 -Refreshing org.springframework.boot.web.servlet.context.AnnotationConfigServletWebServerApplicationContext@3835c46: startup date [Mon Aug 19 21:22:10 CST 2019]; root of context hierarchy
2019-08-19 21:22:14.537 INFO [main]o.s.d.repository.config.RepositoryConfigurationDelegate.multipleStoresDetected:163 -Multiple Spring Data modules found, entering strict repository configuration mode!
2019-08-19 21:22:15.912 INFO [main]o.s.c.s.PostProcessorRegistrationDelegate$BeanPostProcessorChecker.postProcessAfterInitialization:326 -Bean 'org.springframework.transaction.annotation.ProxyTransactionManagementConfiguration' of type [org.springframework.transaction.annotation.ProxyTransactionManagementConfiguration$$EnhancerBySpringCGLIB$$864a8529] is not eligible for getting processed by all BeanPostProcessors (for example: not eligible for auto-proxying)
2019-08-19 21:22:16.819 INFO [main]o.s.boot.web.embedded.tomcat.TomcatWebServer.initialize:91 -Tomcat initialized with port(s): 8080 (http)
2019-08-19 21:22:16.865 INFO [main]org.apache.coyote.http11.Http11NioProtocol.log:180 -Initializing ProtocolHandler ["http-nio-8080"]
2019-08-19 21:22:16.881 INFO [main]org.apache.catalina.core.StandardService.log:180 -Starting service [Tomcat]
2019-08-19 21:22:16.881 INFO [main]org.apache.catalina.core.StandardEngine.log:180 -Starting Servlet Engine: Apache Tomcat/8.5.32
2019-08-19 21:22:16.881 INFO [localhost-startStop-1]org.apache.catalina.core.AprLifecycleListener.log:180 -The APR based Apache Tomcat Native library which allows optimal performance in production environments was not found on the java.library.path: [C:\Program Files\Java\jdk1.8.0_25\bin;C:\WINDOWS\Sun\Java\bin;C:\WINDOWS\system32;C:\WINDOWS;C:\ProgramData\DockerDesktop\version-bin;C:\Program Files\Docker\Docker\Resources\bin;C:\Windows\system32;C:\Windows;C:\WINDOWS\system32;C:\WINDOWS;C:\WINDOWS\System32\Wbem;C:\Program Files (x86)\OpenVPN\bin;C:\Program Files\Git\cmd;C:\Program Files (x86)\OpenVPN\bin;.]
2019-08-19 21:22:17.100 INFO [localhost-startStop-1]o.a.catalina.core.ContainerBase.[Tomcat].[localhost].[/].log:180 -Initializing Spring embedded WebApplicationContext
2019-08-19 21:22:17.115 INFO [localhost-startStop-1]org.springframework.web.context.ContextLoader.prepareWebApplicationContext:285 -Root WebApplicationContext: initialization completed in 6265 ms
2019-08-19 21:22:17.272 INFO [localhost-startStop-1]o.s.boot.web.servlet.ServletRegistrationBean.addRegistration:187 -Servlet dispatcherServlet mapped to [/]
2019-08-19 21:22:17.272 INFO [localhost-startStop-1]o.s.boot.web.servlet.FilterRegistrationBean.configure:245 -Mapping filter: 'characterEncodingFilter' to: [/*]
2019-08-19 21:22:17.272 INFO [localhost-startStop-1]o.s.boot.web.servlet.FilterRegistrationBean.configure:245 -Mapping filter: 'hiddenHttpMethodFilter' to: [/*]
2019-08-19 21:22:17.272 INFO [localhost-startStop-1]o.s.boot.web.servlet.FilterRegistrationBean.configure:245 -Mapping filter: 'httpPutFormContentFilter' to: [/*]
2019-08-19 21:22:17.272 INFO [localhost-startStop-1]o.s.boot.web.servlet.FilterRegistrationBean.configure:245 -Mapping filter: 'requestContextFilter' to: [/*]
2019-08-19 21:22:23.225 INFO [main]com.wyl.rocketMQ.ProducerFactory.init:59 -producer连接成功。。。。
2019-08-19 21:22:28.194 INFO [main]com.wyl.rocketMQ.Consumers.init:46 -consumer连接成功。。。。
2019-08-19 21:22:29.428 INFO [main]o.s.web.servlet.handler.SimpleUrlHandlerMapping.registerHandler:373 -Mapped URL path [/**/favicon.ico] onto handler of type [class org.springframework.web.servlet.resource.ResourceHttpRequestHandler]
2019-08-19 21:22:29.850 INFO [main]o.s.w.s.m.method.annotation.RequestMappingHandlerAdapter.initControllerAdviceCache:574 -Looking for @ControllerAdvice: org.springframework.boot.web.servlet.context.AnnotationConfigServletWebServerApplicationContext@3835c46: startup date [Mon Aug 19 21:22:10 CST 2019]; root of context hierarchy
2019-08-19 21:22:29.850 INFO [main]o.s.w.s.m.method.annotation.RequestMappingHandlerAdapter.initControllerAdviceCache:610 -Detected ResponseBodyAdvice bean in fastJsonpResponseBodyAdvice
2019-08-19 21:22:29.928 INFO [main]o.s.w.s.m.method.annotation.RequestMappingHandlerMapping.register:547 -Mapped "{[/computer/],methods=[GET]}" onto public com.wyl.designpattern.abstractfactoryPattern.icomputer.Computer com.wyl.controller.designcontroller.abstractfactroy.AbstractFactroyTest.getComputer(java.lang.String)
2019-08-19 21:22:29.928 INFO [main]o.s.w.s.m.method.annotation.RequestMappingHandlerMapping.register:547 -Mapped "{[/getShape]}" onto public java.lang.String com.wyl.controller.designcontroller.fatory.FactoryPatternTest.getShape()
2019-08-19 21:22:29.928 INFO [main]o.s.w.s.m.method.annotation.RequestMappingHandlerMapping.register:547 -Mapped "{[/getSimpleShape]}" onto public java.lang.String com.wyl.controller.designcontroller.fatory.FactoryPatternTest.getSimpleShape()
2019-08-19 21:22:29.928 INFO [main]o.s.w.s.m.method.annotation.RequestMappingHandlerMapping.register:547 -Mapped "{[/sendMsg/{msg}],methods=[GET]}" onto public java.lang.String com.wyl.controller.designcontroller.observers.ObserverPattrnController.sendMsg(java.lang.String)
2019-08-19 21:22:29.943 INFO [main]o.s.w.s.m.method.annotation.RequestMappingHandlerMapping.register:547 -Mapped "{[/singleton/{type}],methods=[GET]}" onto public java.lang.Boolean com.wyl.controller.designcontroller.singletoncontroller.SingletonController.getSinggleton(java.lang.String)
2019-08-19 21:22:29.943 INFO [main]o.s.w.s.m.method.annotation.RequestMappingHandlerMapping.register:547 -Mapped "{[/activeMQ/sendMsg],methods=[GET]}" onto public void com.wyl.controller.springbootcontroller.ActiveMQController.sendMsg(java.lang.String)
2019-08-19 21:22:29.943 INFO [main]o.s.w.s.m.method.annotation.RequestMappingHandlerMapping.register:547 -Mapped "{[/activeMQ/sendTopicMsg],methods=[GET]}" onto public void com.wyl.controller.springbootcontroller.ActiveMQController.sendTopicMsg(java.lang.String)
2019-08-19 21:22:29.943 INFO [main]o.s.w.s.m.method.annotation.RequestMappingHandlerMapping.register:547 -Mapped "{[/rocket/sendMsg]}" onto public void com.wyl.controller.springbootcontroller.RocketMQController.sendSyncMsg(java.lang.String,java.lang.String,java.lang.String)
2019-08-19 21:22:29.943 INFO [main]o.s.w.s.m.method.annotation.RequestMappingHandlerMapping.register:547 -Mapped "{[/rocket/getMsg]}" onto public void com.wyl.controller.springbootcontroller.RocketMQController.getMsg(java.lang.String,java.lang.String)
2019-08-19 21:22:29.943 INFO [main]o.s.w.s.m.method.annotation.RequestMappingHandlerMapping.register:547 -Mapped "{[/error]}" onto public org.springframework.http.ResponseEntity<java.util.Map<java.lang.String, java.lang.Object>> org.springframework.boot.autoconfigure.web.servlet.error.BasicErrorController.error(javax.servlet.http.HttpServletRequest)
2019-08-19 21:22:29.943 INFO [main]o.s.w.s.m.method.annotation.RequestMappingHandlerMapping.register:547 -Mapped "{[/error],produces=[text/html]}" onto public org.springframework.web.servlet.ModelAndView org.springframework.boot.autoconfigure.web.servlet.error.BasicErrorController.errorHtml(javax.servlet.http.HttpServletRequest,javax.servlet.http.HttpServletResponse)
2019-08-19 21:22:30.006 INFO [main]o.s.web.servlet.handler.SimpleUrlHandlerMapping.registerHandler:373 -Mapped URL path [/webjars/**] onto handler of type [class org.springframework.web.servlet.resource.ResourceHttpRequestHandler]
2019-08-19 21:22:30.006 INFO [main]o.s.web.servlet.handler.SimpleUrlHandlerMapping.registerHandler:373 -Mapped URL path [/**] onto handler of type [class org.springframework.web.servlet.resource.ResourceHttpRequestHandler]
2019-08-19 21:22:30.037 INFO [main]o.s.w.s.m.m.annotation.ExceptionHandlerExceptionResolver.initExceptionHandlerAdviceCache:288 -Detected @ExceptionHandler methods in myExceptionHandler
2019-08-19 21:22:30.037 INFO [main]o.s.w.s.m.m.annotation.ExceptionHandlerExceptionResolver.initExceptionHandlerAdviceCache:294 -Detected ResponseBodyAdvice implementation in fastJsonpResponseBodyAdvice
2019-08-19 21:22:30.865 INFO [main]o.s.jmx.export.annotation.AnnotationMBeanExporter.afterSingletonsInstantiated:433 -Registering beans for JMX exposure on startup
2019-08-19 21:22:30.865 INFO [main]o.s.jmx.export.annotation.AnnotationMBeanExporter.autodetect:895 -Bean with name 'dataSource' has been autodetected for JMX exposure
2019-08-19 21:22:30.865 INFO [main]o.s.jmx.export.annotation.AnnotationMBeanExporter.registerBeanInstance:668 -Located MBean 'dataSource': registering with JMX server as MBean [com.alibaba.druid.pool:name=dataSource,type=DruidDataSource]
2019-08-19 21:22:30.881 INFO [main]o.s.context.support.DefaultLifecycleProcessor.start:351 -Starting beans in phase 2147483647
2019-08-19 21:22:32.709 INFO [main]o.s.s.annotation.ScheduledAnnotationBeanPostProcessor.finishRegistration:275 -No TaskScheduler/ScheduledExecutorService bean found for scheduled processing
2019-08-19 21:22:32.725 INFO [main]org.apache.coyote.http11.Http11NioProtocol.log:180 -Starting ProtocolHandler ["http-nio-8080"]
2019-08-19 21:22:32.725 INFO [main]org.apache.tomcat.util.net.NioSelectorPool.log:180 -Using a shared selector for servlet write/read
2019-08-19 21:22:32.803 INFO [main]o.s.boot.web.embedded.tomcat.TomcatWebServer.start:206 -Tomcat started on port(s): 8080 (http) with context path ''
2019-08-19 21:22:32.818 INFO [main]com.TestEverythingApplication.logStarted:59 -Started TestEverythingApplication in 23.359 seconds (JVM running for 26.492)
2019-08-19 21:22:48.651 INFO [http-nio-8080-exec-1]o.a.catalina.core.ContainerBase.[Tomcat].[localhost].[/].log:180 -Initializing Spring FrameworkServlet 'dispatcherServlet'
2019-08-19 21:22:48.651 INFO [http-nio-8080-exec-1]org.springframework.web.servlet.DispatcherServlet.initServletBean:494 -FrameworkServlet 'dispatcherServlet': initialization started
2019-08-19 21:22:48.693 INFO [http-nio-8080-exec-1]org.springframework.web.servlet.DispatcherServlet.initServletBean:509 -FrameworkServlet 'dispatcherServlet': initialization completed in 41 ms
2019-08-19 21:25:14.617 INFO [main]com.TestEverythingApplication.logStarting:50 -Starting TestEverythingApplication on Lin with PID 23692 (I:\javaworkspace\testeverything\target\classes started by Wyl in I:\javaworkspace\testeverything)
2019-08-19 21:25:14.633 INFO [main]com.TestEverythingApplication.logStartupProfileInfo:662 -No active profile set, falling back to default profiles: default
2019-08-19 21:25:14.821 INFO [main]o.s.b.w.s.c.AnnotationConfigServletWebServerApplicationContext.prepareRefresh:590 -Refreshing org.springframework.boot.web.servlet.context.AnnotationConfigServletWebServerApplicationContext@1ab3a8c8: startup date [Mon Aug 19 21:25:14 CST 2019]; root of context hierarchy
2019-08-19 21:25:19.258 INFO [main]o.s.d.repository.config.RepositoryConfigurationDelegate.multipleStoresDetected:163 -Multiple Spring Data modules found, entering strict repository configuration mode!
2019-08-19 21:25:20.664 INFO [main]o.s.c.s.PostProcessorRegistrationDelegate$BeanPostProcessorChecker.postProcessAfterInitialization:326 -Bean 'org.springframework.transaction.annotation.ProxyTransactionManagementConfiguration' of type [org.springframework.transaction.annotation.ProxyTransactionManagementConfiguration$$EnhancerBySpringCGLIB$$89d93da] is not eligible for getting processed by all BeanPostProcessors (for example: not eligible for auto-proxying)
2019-08-19 21:25:21.524 INFO [main]o.s.boot.web.embedded.tomcat.TomcatWebServer.initialize:91 -Tomcat initialized with port(s): 8080 (http)
2019-08-19 21:25:21.539 INFO [main]org.apache.coyote.http11.Http11NioProtocol.log:180 -Initializing ProtocolHandler ["http-nio-8080"]
2019-08-19 21:25:21.555 INFO [main]org.apache.catalina.core.StandardService.log:180 -Starting service [Tomcat]
2019-08-19 21:25:21.555 INFO [main]org.apache.catalina.core.StandardEngine.log:180 -Starting Servlet Engine: Apache Tomcat/8.5.32
2019-08-19 21:25:21.555 INFO [localhost-startStop-1]org.apache.catalina.core.AprLifecycleListener.log:180 -The APR based Apache Tomcat Native library which allows optimal performance in production environments was not found on the java.library.path: [C:\Program Files\Java\jdk1.8.0_25\bin;C:\WINDOWS\Sun\Java\bin;C:\WINDOWS\system32;C:\WINDOWS;C:\ProgramData\DockerDesktop\version-bin;C:\Program Files\Docker\Docker\Resources\bin;C:\Windows\system32;C:\Windows;C:\WINDOWS\system32;C:\WINDOWS;C:\WINDOWS\System32\Wbem;C:\Program Files (x86)\OpenVPN\bin;C:\Program Files\Git\cmd;C:\Program Files (x86)\OpenVPN\bin;.]
2019-08-19 21:25:21.758 INFO [localhost-startStop-1]o.a.catalina.core.ContainerBase.[Tomcat].[localhost].[/].log:180 -Initializing Spring embedded WebApplicationContext
2019-08-19 21:25:21.758 INFO [localhost-startStop-1]org.springframework.web.context.ContextLoader.prepareWebApplicationContext:285 -Root WebApplicationContext: initialization completed in 6937 ms
2019-08-19 21:25:21.899 INFO [localhost-startStop-1]o.s.boot.web.servlet.ServletRegistrationBean.addRegistration:187 -Servlet dispatcherServlet mapped to [/]
2019-08-19 21:25:21.899 INFO [localhost-startStop-1]o.s.boot.web.servlet.FilterRegistrationBean.configure:245 -Mapping filter: 'characterEncodingFilter' to: [/*]
2019-08-19 21:25:21.899 INFO [localhost-startStop-1]o.s.boot.web.servlet.FilterRegistrationBean.configure:245 -Mapping filter: 'hiddenHttpMethodFilter' to: [/*]
2019-08-19 21:25:21.899 INFO [localhost-startStop-1]o.s.boot.web.servlet.FilterRegistrationBean.configure:245 -Mapping filter: 'httpPutFormContentFilter' to: [/*]
2019-08-19 21:25:21.899 INFO [localhost-startStop-1]o.s.boot.web.servlet.FilterRegistrationBean.configure:245 -Mapping filter: 'requestContextFilter' to: [/*]
2019-08-19 21:25:28.274 INFO [main]com.wyl.rocketMQ.ProducerFactory.init:59 -producer连接成功。。。。
2019-08-19 21:25:33.461 INFO [main]com.wyl.rocketMQ.Consumers.init:46 -consumer连接成功。。。。
2019-08-19 21:25:34.352 INFO [main]o.s.web.servlet.handler.SimpleUrlHandlerMapping.registerHandler:373 -Mapped URL path [/**/favicon.ico] onto handler of type [class org.springframework.web.servlet.resource.ResourceHttpRequestHandler]
2019-08-19 21:25:34.789 INFO [main]o.s.w.s.m.method.annotation.RequestMappingHandlerAdapter.initControllerAdviceCache:574 -Looking for @ControllerAdvice: org.springframework.boot.web.servlet.context.AnnotationConfigServletWebServerApplicationContext@1ab3a8c8: startup date [Mon Aug 19 21:25:14 CST 2019]; root of context hierarchy
2019-08-19 21:25:34.805 INFO [main]o.s.w.s.m.method.annotation.RequestMappingHandlerAdapter.initControllerAdviceCache:610 -Detected ResponseBodyAdvice bean in fastJsonpResponseBodyAdvice
2019-08-19 21:25:34.883 INFO [main]o.s.w.s.m.method.annotation.RequestMappingHandlerMapping.register:547 -Mapped "{[/computer/],methods=[GET]}" onto public com.wyl.designpattern.abstractfactoryPattern.icomputer.Computer com.wyl.controller.designcontroller.abstractfactroy.AbstractFactroyTest.getComputer(java.lang.String)
2019-08-19 21:25:34.883 INFO [main]o.s.w.s.m.method.annotation.RequestMappingHandlerMapping.register:547 -Mapped "{[/getShape]}" onto public java.lang.String com.wyl.controller.designcontroller.fatory.FactoryPatternTest.getShape()
2019-08-19 21:25:34.883 INFO [main]o.s.w.s.m.method.annotation.RequestMappingHandlerMapping.register:547 -Mapped "{[/getSimpleShape]}" onto public java.lang.String com.wyl.controller.designcontroller.fatory.FactoryPatternTest.getSimpleShape()
2019-08-19 21:25:34.883 INFO [main]o.s.w.s.m.method.annotation.RequestMappingHandlerMapping.register:547 -Mapped "{[/sendMsg/{msg}],methods=[GET]}" onto public java.lang.String com.wyl.controller.designcontroller.observers.ObserverPattrnController.sendMsg(java.lang.String)
2019-08-19 21:25:34.899 INFO [main]o.s.w.s.m.method.annotation.RequestMappingHandlerMapping.register:547 -Mapped "{[/singleton/{type}],methods=[GET]}" onto public java.lang.Boolean com.wyl.controller.designcontroller.singletoncontroller.SingletonController.getSinggleton(java.lang.String)
2019-08-19 21:25:34.899 INFO [main]o.s.w.s.m.method.annotation.RequestMappingHandlerMapping.register:547 -Mapped "{[/activeMQ/sendMsg],methods=[GET]}" onto public void com.wyl.controller.springbootcontroller.ActiveMQController.sendMsg(java.lang.String)
2019-08-19 21:25:34.899 INFO [main]o.s.w.s.m.method.annotation.RequestMappingHandlerMapping.register:547 -Mapped "{[/activeMQ/sendTopicMsg],methods=[GET]}" onto public void com.wyl.controller.springbootcontroller.ActiveMQController.sendTopicMsg(java.lang.String)
2019-08-19 21:25:34.899 INFO [main]o.s.w.s.m.method.annotation.RequestMappingHandlerMapping.register:547 -Mapped "{[/rocket/sendMsg]}" onto public void com.wyl.controller.springbootcontroller.RocketMQController.sendSyncMsg(java.lang.String,java.lang.String,java.lang.String)
2019-08-19 21:25:34.899 INFO [main]o.s.w.s.m.method.annotation.RequestMappingHandlerMapping.register:547 -Mapped "{[/rocket/getMsg]}" onto public void com.wyl.controller.springbootcontroller.RocketMQController.getMsg(java.lang.String,java.lang.String)
2019-08-19 21:25:34.899 INFO [main]o.s.w.s.m.method.annotation.RequestMappingHandlerMapping.register:547 -Mapped "{[/error]}" onto public org.springframework.http.ResponseEntity<java.util.Map<java.lang.String, java.lang.Object>> org.springframework.boot.autoconfigure.web.servlet.error.BasicErrorController.error(javax.servlet.http.HttpServletRequest)
2019-08-19 21:25:34.899 INFO [main]o.s.w.s.m.method.annotation.RequestMappingHandlerMapping.register:547 -Mapped "{[/error],produces=[text/html]}" onto public org.springframework.web.servlet.ModelAndView org.springframework.boot.autoconfigure.web.servlet.error.BasicErrorController.errorHtml(javax.servlet.http.HttpServletRequest,javax.servlet.http.HttpServletResponse)
2019-08-19 21:25:34.977 INFO [main]o.s.web.servlet.handler.SimpleUrlHandlerMapping.registerHandler:373 -Mapped URL path [/webjars/**] onto handler of type [class org.springframework.web.servlet.resource.ResourceHttpRequestHandler]
2019-08-19 21:25:34.977 INFO [main]o.s.web.servlet.handler.SimpleUrlHandlerMapping.registerHandler:373 -Mapped URL path [/**] onto handler of type [class org.springframework.web.servlet.resource.ResourceHttpRequestHandler]
2019-08-19 21:25:35.008 INFO [main]o.s.w.s.m.m.annotation.ExceptionHandlerExceptionResolver.initExceptionHandlerAdviceCache:288 -Detected @ExceptionHandler methods in myExceptionHandler
2019-08-19 21:25:35.008 INFO [main]o.s.w.s.m.m.annotation.ExceptionHandlerExceptionResolver.initExceptionHandlerAdviceCache:294 -Detected ResponseBodyAdvice implementation in fastJsonpResponseBodyAdvice
2019-08-19 21:25:35.758 INFO [main]o.s.jmx.export.annotation.AnnotationMBeanExporter.afterSingletonsInstantiated:433 -Registering beans for JMX exposure on startup
2019-08-19 21:25:35.758 INFO [main]o.s.jmx.export.annotation.AnnotationMBeanExporter.autodetect:895 -Bean with name 'dataSource' has been autodetected for JMX exposure
2019-08-19 21:25:35.774 INFO [main]o.s.jmx.export.annotation.AnnotationMBeanExporter.registerBeanInstance:668 -Located MBean 'dataSource': registering with JMX server as MBean [com.alibaba.druid.pool:name=dataSource,type=DruidDataSource]
2019-08-19 21:25:35.774 INFO [main]o.s.context.support.DefaultLifecycleProcessor.start:351 -Starting beans in phase 2147483647
2019-08-19 21:25:38.852 INFO [main]o.s.s.annotation.ScheduledAnnotationBeanPostProcessor.finishRegistration:275 -No TaskScheduler/ScheduledExecutorService bean found for scheduled processing
2019-08-19 21:25:38.852 INFO [main]org.apache.coyote.http11.Http11NioProtocol.log:180 -Starting ProtocolHandler ["http-nio-8080"]
2019-08-19 21:25:38.852 INFO [main]org.apache.tomcat.util.net.NioSelectorPool.log:180 -Using a shared selector for servlet write/read
2019-08-19 21:25:38.883 INFO [main]o.s.boot.web.embedded.tomcat.TomcatWebServer.start:206 -Tomcat started on port(s): 8080 (http) with context path ''
2019-08-19 21:25:38.883 INFO [main]com.TestEverythingApplication.logStarted:59 -Started TestEverythingApplication in 25.578 seconds (JVM running for 29.071)
2019-08-19 21:25:55.332 INFO [http-nio-8080-exec-1]o.a.catalina.core.ContainerBase.[Tomcat].[localhost].[/].log:180 -Initializing Spring FrameworkServlet 'dispatcherServlet'
2019-08-19 21:25:55.333 INFO [http-nio-8080-exec-1]org.springframework.web.servlet.DispatcherServlet.initServletBean:494 -FrameworkServlet 'dispatcherServlet': initialization started
2019-08-19 21:25:55.430 INFO [http-nio-8080-exec-1]org.springframework.web.servlet.DispatcherServlet.initServletBean:509 -FrameworkServlet 'dispatcherServlet': initialization completed in 97 ms
2019-08-19 21:28:03.355 INFO [main]com.TestEverythingApplication.logStarting:50 -Starting TestEverythingApplication on Lin with PID 25976 (I:\javaworkspace\testeverything\target\classes started by Wyl in I:\javaworkspace\testeverything)
2019-08-19 21:28:03.370 INFO [main]com.TestEverythingApplication.logStartupProfileInfo:662 -No active profile set, falling back to default profiles: default
2019-08-19 21:28:03.558 INFO [main]o.s.b.w.s.c.AnnotationConfigServletWebServerApplicationContext.prepareRefresh:590 -Refreshing org.springframework.boot.web.servlet.context.AnnotationConfigServletWebServerApplicationContext@7164ca4c: startup date [Mon Aug 19 21:28:03 CST 2019]; root of context hierarchy
2019-08-19 21:28:07.472 INFO [main]o.s.d.repository.config.RepositoryConfigurationDelegate.multipleStoresDetected:163 -Multiple Spring Data modules found, entering strict repository configuration mode!
2019-08-19 21:28:09.488 INFO [main]o.s.c.s.PostProcessorRegistrationDelegate$BeanPostProcessorChecker.postProcessAfterInitialization:326 -Bean 'org.springframework.transaction.annotation.ProxyTransactionManagementConfiguration' of type [org.springframework.transaction.annotation.ProxyTransactionManagementConfiguration$$EnhancerBySpringCGLIB$$30cbcf51] is not eligible for getting processed by all BeanPostProcessors (for example: not eligible for auto-proxying)
2019-08-19 21:28:11.613 INFO [main]o.s.boot.web.embedded.tomcat.TomcatWebServer.initialize:91 -Tomcat initialized with port(s): 8080 (http)
2019-08-19 21:28:11.738 INFO [main]org.apache.coyote.http11.Http11NioProtocol.log:180 -Initializing ProtocolHandler ["http-nio-8080"]
2019-08-19 21:28:11.785 INFO [main]org.apache.catalina.core.StandardService.log:180 -Starting service [Tomcat]
2019-08-19 21:28:11.785 INFO [main]org.apache.catalina.core.StandardEngine.log:180 -Starting Servlet Engine: Apache Tomcat/8.5.32
2019-08-19 21:28:11.800 INFO [localhost-startStop-1]org.apache.catalina.core.AprLifecycleListener.log:180 -The APR based Apache Tomcat Native library which allows optimal performance in production environments was not found on the java.library.path: [C:\Program Files\Java\jdk1.8.0_25\bin;C:\WINDOWS\Sun\Java\bin;C:\WINDOWS\system32;C:\WINDOWS;C:\ProgramData\DockerDesktop\version-bin;C:\Program Files\Docker\Docker\Resources\bin;C:\Windows\system32;C:\Windows;C:\WINDOWS\system32;C:\WINDOWS;C:\WINDOWS\System32\Wbem;C:\Program Files (x86)\OpenVPN\bin;C:\Program Files\Git\cmd;C:\Program Files (x86)\OpenVPN\bin;.]
2019-08-19 21:28:12.238 INFO [localhost-startStop-1]o.a.catalina.core.ContainerBase.[Tomcat].[localhost].[/].log:180 -Initializing Spring embedded WebApplicationContext
2019-08-19 21:28:12.238 INFO [localhost-startStop-1]org.springframework.web.context.ContextLoader.prepareWebApplicationContext:285 -Root WebApplicationContext: initialization completed in 8680 ms
2019-08-19 21:28:12.582 INFO [localhost-startStop-1]o.s.boot.web.servlet.ServletRegistrationBean.addRegistration:187 -Servlet dispatcherServlet mapped to [/]
2019-08-19 21:28:12.613 INFO [localhost-startStop-1]o.s.boot.web.servlet.FilterRegistrationBean.configure:245 -Mapping filter: 'characterEncodingFilter' to: [/*]
2019-08-19 21:28:12.613 INFO [localhost-startStop-1]o.s.boot.web.servlet.FilterRegistrationBean.configure:245 -Mapping filter: 'hiddenHttpMethodFilter' to: [/*]
2019-08-19 21:28:12.613 INFO [localhost-startStop-1]o.s.boot.web.servlet.FilterRegistrationBean.configure:245 -Mapping filter: 'httpPutFormContentFilter' to: [/*]
2019-08-19 21:28:12.613 INFO [localhost-startStop-1]o.s.boot.web.servlet.FilterRegistrationBean.configure:245 -Mapping filter: 'requestContextFilter' to: [/*]
2019-08-19 21:28:22.064 INFO [main]com.wyl.rocketMQ.ProducerFactory.init:59 -producer连接成功。。。。
2019-08-19 21:28:26.986 INFO [main]com.wyl.rocketMQ.Consumers.init:46 -consumer连接成功。。。。
2019-08-19 21:28:28.423 INFO [main]o.s.web.servlet.handler.SimpleUrlHandlerMapping.registerHandler:373 -Mapped URL path [/**/favicon.ico] onto handler of type [class org.springframework.web.servlet.resource.ResourceHttpRequestHandler]
2019-08-19 21:28:29.189 INFO [main]o.s.w.s.m.method.annotation.RequestMappingHandlerAdapter.initControllerAdviceCache:574 -Looking for @ControllerAdvice: org.springframework.boot.web.servlet.context.AnnotationConfigServletWebServerApplicationContext@7164ca4c: startup date [Mon Aug 19 21:28:03 CST 2019]; root of context hierarchy
2019-08-19 21:28:29.204 INFO [main]o.s.w.s.m.method.annotation.RequestMappingHandlerAdapter.initControllerAdviceCache:610 -Detected ResponseBodyAdvice bean in fastJsonpResponseBodyAdvice
2019-08-19 21:28:29.314 INFO [main]o.s.w.s.m.method.annotation.RequestMappingHandlerMapping.register:547 -Mapped "{[/computer/],methods=[GET]}" onto public com.wyl.designpattern.abstractfactoryPattern.icomputer.Computer com.wyl.controller.designcontroller.abstractfactroy.AbstractFactroyTest.getComputer(java.lang.String)
2019-08-19 21:28:29.329 INFO [main]o.s.w.s.m.method.annotation.RequestMappingHandlerMapping.register:547 -Mapped "{[/getSimpleShape]}" onto public java.lang.String com.wyl.controller.designcontroller.fatory.FactoryPatternTest.getSimpleShape()
2019-08-19 21:28:29.329 INFO [main]o.s.w.s.m.method.annotation.RequestMappingHandlerMapping.register:547 -Mapped "{[/getShape]}" onto public java.lang.String com.wyl.controller.designcontroller.fatory.FactoryPatternTest.getShape()
2019-08-19 21:28:29.329 INFO [main]o.s.w.s.m.method.annotation.RequestMappingHandlerMapping.register:547 -Mapped "{[/sendMsg/{msg}],methods=[GET]}" onto public java.lang.String com.wyl.controller.designcontroller.observers.ObserverPattrnController.sendMsg(java.lang.String)
2019-08-19 21:28:29.329 INFO [main]o.s.w.s.m.method.annotation.RequestMappingHandlerMapping.register:547 -Mapped "{[/singleton/{type}],methods=[GET]}" onto public java.lang.Boolean com.wyl.controller.designcontroller.singletoncontroller.SingletonController.getSinggleton(java.lang.String)
2019-08-19 21:28:29.329 INFO [main]o.s.w.s.m.method.annotation.RequestMappingHandlerMapping.register:547 -Mapped "{[/activeMQ/sendMsg],methods=[GET]}" onto public void com.wyl.controller.springbootcontroller.ActiveMQController.sendMsg(java.lang.String)
2019-08-19 21:28:29.329 INFO [main]o.s.w.s.m.method.annotation.RequestMappingHandlerMapping.register:547 -Mapped "{[/activeMQ/sendTopicMsg],methods=[GET]}" onto public void com.wyl.controller.springbootcontroller.ActiveMQController.sendTopicMsg(java.lang.String)
2019-08-19 21:28:29.329 INFO [main]o.s.w.s.m.method.annotation.RequestMappingHandlerMapping.register:547 -Mapped "{[/rocket/sendMsg]}" onto public void com.wyl.controller.springbootcontroller.RocketMQController.sendSyncMsg(java.lang.String,java.lang.String,java.lang.String)
2019-08-19 21:28:29.329 INFO [main]o.s.w.s.m.method.annotation.RequestMappingHandlerMapping.register:547 -Mapped "{[/rocket/getMsg]}" onto public void com.wyl.controller.springbootcontroller.RocketMQController.getMsg(java.lang.String,java.lang.String)
2019-08-19 21:28:29.329 INFO [main]o.s.w.s.m.method.annotation.RequestMappingHandlerMapping.register:547 -Mapped "{[/error]}" onto public org.springframework.http.ResponseEntity<java.util.Map<java.lang.String, java.lang.Object>> org.springframework.boot.autoconfigure.web.servlet.error.BasicErrorController.error(javax.servlet.http.HttpServletRequest)
2019-08-19 21:28:29.329 INFO [main]o.s.w.s.m.method.annotation.RequestMappingHandlerMapping.register:547 -Mapped "{[/error],produces=[text/html]}" onto public org.springframework.web.servlet.ModelAndView org.springframework.boot.autoconfigure.web.servlet.error.BasicErrorController.errorHtml(javax.servlet.http.HttpServletRequest,javax.servlet.http.HttpServletResponse)
2019-08-19 21:28:29.423 INFO [main]o.s.web.servlet.handler.SimpleUrlHandlerMapping.registerHandler:373 -Mapped URL path [/webjars/**] onto handler of type [class org.springframework.web.servlet.resource.ResourceHttpRequestHandler]
2019-08-19 21:28:29.423 INFO [main]o.s.web.servlet.handler.SimpleUrlHandlerMapping.registerHandler:373 -Mapped URL path [/**] onto handler of type [class org.springframework.web.servlet.resource.ResourceHttpRequestHandler]
2019-08-19 21:28:29.470 INFO [main]o.s.w.s.m.m.annotation.ExceptionHandlerExceptionResolver.initExceptionHandlerAdviceCache:288 -Detected @ExceptionHandler methods in myExceptionHandler
2019-08-19 21:28:29.470 INFO [main]o.s.w.s.m.m.annotation.ExceptionHandlerExceptionResolver.initExceptionHandlerAdviceCache:294 -Detected ResponseBodyAdvice implementation in fastJsonpResponseBodyAdvice
2019-08-19 21:28:30.673 INFO [main]o.s.jmx.export.annotation.AnnotationMBeanExporter.afterSingletonsInstantiated:433 -Registering beans for JMX exposure on startup
2019-08-19 21:28:30.673 INFO [main]o.s.jmx.export.annotation.AnnotationMBeanExporter.autodetect:895 -Bean with name 'dataSource' has been autodetected for JMX exposure
2019-08-19 21:28:30.689 INFO [main]o.s.jmx.export.annotation.AnnotationMBeanExporter.registerBeanInstance:668 -Located MBean 'dataSource': registering with JMX server as MBean [com.alibaba.druid.pool:name=dataSource,type=DruidDataSource]
2019-08-19 21:28:30.704 INFO [main]o.s.context.support.DefaultLifecycleProcessor.start:351 -Starting beans in phase 2147483647
2019-08-19 21:28:32.533 INFO [main]o.s.s.annotation.ScheduledAnnotationBeanPostProcessor.finishRegistration:275 -No TaskScheduler/ScheduledExecutorService bean found for scheduled processing
2019-08-19 21:28:32.548 INFO [main]org.apache.coyote.http11.Http11NioProtocol.log:180 -Starting ProtocolHandler ["http-nio-8080"]
2019-08-19 21:28:32.548 INFO [main]org.apache.tomcat.util.net.NioSelectorPool.log:180 -Using a shared selector for servlet write/read
2019-08-19 21:28:32.579 INFO [main]o.s.boot.web.embedded.tomcat.TomcatWebServer.start:206 -Tomcat started on port(s): 8080 (http) with context path ''
2019-08-19 21:28:32.595 INFO [main]com.TestEverythingApplication.logStarted:59 -Started TestEverythingApplication in 30.959 seconds (JVM running for 34.767)
2019-08-19 21:28:39.831 INFO [http-nio-8080-exec-1]o.a.catalina.core.ContainerBase.[Tomcat].[localhost].[/].log:180 -Initializing Spring FrameworkServlet 'dispatcherServlet'
2019-08-19 21:28:39.832 INFO [http-nio-8080-exec-1]org.springframework.web.servlet.DispatcherServlet.initServletBean:494 -FrameworkServlet 'dispatcherServlet': initialization started
2019-08-19 21:28:39.966 INFO [http-nio-8080-exec-1]org.springframework.web.servlet.DispatcherServlet.initServletBean:509 -FrameworkServlet 'dispatcherServlet': initialization completed in 134 ms
2019-08-19 21:29:34.736 INFO [Thread-51]o.s.b.w.s.c.AnnotationConfigServletWebServerApplicationContext.doClose:993 -Closing org.springframework.boot.web.servlet.context.AnnotationConfigServletWebServerApplicationContext@7164ca4c: startup date [Mon Aug 19 21:28:03 CST 2019]; root of context hierarchy
2019-08-19 21:29:34.736 INFO [Thread-51]o.s.context.support.DefaultLifecycleProcessor.stop:366 -Stopping beans in phase 2147483647
2019-08-19 21:29:45.064 INFO [main]com.TestEverythingApplication.logStarting:50 -Starting TestEverythingApplication on Lin with PID 28456 (I:\javaworkspace\testeverything\target\classes started by Wyl in I:\javaworkspace\testeverything)
2019-08-19 21:29:45.079 INFO [main]com.TestEverythingApplication.logStartupProfileInfo:662 -No active profile set, falling back to default profiles: default
2019-08-19 21:29:46.970 INFO [main]o.s.b.w.s.c.AnnotationConfigServletWebServerApplicationContext.prepareRefresh:590 -Refreshing org.springframework.boot.web.servlet.context.AnnotationConfigServletWebServerApplicationContext@72f926e6: startup date [Mon Aug 19 21:29:46 CST 2019]; root of context hierarchy
2019-08-19 21:29:50.251 INFO [main]o.s.d.repository.config.RepositoryConfigurationDelegate.multipleStoresDetected:163 -Multiple Spring Data modules found, entering strict repository configuration mode!
2019-08-19 21:29:51.751 INFO [main]o.s.c.s.PostProcessorRegistrationDelegate$BeanPostProcessorChecker.postProcessAfterInitialization:326 -Bean 'org.springframework.transaction.annotation.ProxyTransactionManagementConfiguration' of type [org.springframework.transaction.annotation.ProxyTransactionManagementConfiguration$$EnhancerBySpringCGLIB$$eb180065] is not eligible for getting processed by all BeanPostProcessors (for example: not eligible for auto-proxying)
2019-08-19 21:29:52.689 INFO [main]o.s.boot.web.embedded.tomcat.TomcatWebServer.initialize:91 -Tomcat initialized with port(s): 8080 (http)
2019-08-19 21:29:52.720 INFO [main]org.apache.coyote.http11.Http11NioProtocol.log:180 -Initializing ProtocolHandler ["http-nio-8080"]
2019-08-19 21:29:52.735 INFO [main]org.apache.catalina.core.StandardService.log:180 -Starting service [Tomcat]
2019-08-19 21:29:52.735 INFO [main]org.apache.catalina.core.StandardEngine.log:180 -Starting Servlet Engine: Apache Tomcat/8.5.32
2019-08-19 21:29:52.751 INFO [localhost-startStop-1]org.apache.catalina.core.AprLifecycleListener.log:180 -The APR based Apache Tomcat Native library which allows optimal performance in production environments was not found on the java.library.path: [C:\Program Files\Java\jdk1.8.0_25\bin;C:\WINDOWS\Sun\Java\bin;C:\WINDOWS\system32;C:\WINDOWS;C:\ProgramData\DockerDesktop\version-bin;C:\Program Files\Docker\Docker\Resources\bin;C:\Windows\system32;C:\Windows;C:\WINDOWS\system32;C:\WINDOWS;C:\WINDOWS\System32\Wbem;C:\Program Files (x86)\OpenVPN\bin;C:\Program Files\Git\cmd;C:\Program Files (x86)\OpenVPN\bin;.]
2019-08-19 21:29:52.939 INFO [localhost-startStop-1]o.a.catalina.core.ContainerBase.[Tomcat].[localhost].[/].log:180 -Initializing Spring embedded WebApplicationContext
2019-08-19 21:29:52.939 INFO [localhost-startStop-1]org.springframework.web.context.ContextLoader.prepareWebApplicationContext:285 -Root WebApplicationContext: initialization completed in 5969 ms
2019-08-19 21:29:53.079 INFO [localhost-startStop-1]o.s.boot.web.servlet.ServletRegistrationBean.addRegistration:187 -Servlet dispatcherServlet mapped to [/]
2019-08-19 21:29:53.095 INFO [localhost-startStop-1]o.s.boot.web.servlet.FilterRegistrationBean.configure:245 -Mapping filter: 'characterEncodingFilter' to: [/*]
2019-08-19 21:29:53.095 INFO [localhost-startStop-1]o.s.boot.web.servlet.FilterRegistrationBean.configure:245 -Mapping filter: 'hiddenHttpMethodFilter' to: [/*]
2019-08-19 21:29:53.095 INFO [localhost-startStop-1]o.s.boot.web.servlet.FilterRegistrationBean.configure:245 -Mapping filter: 'httpPutFormContentFilter' to: [/*]
2019-08-19 21:29:53.095 INFO [localhost-startStop-1]o.s.boot.web.servlet.FilterRegistrationBean.configure:245 -Mapping filter: 'requestContextFilter' to: [/*]
2019-08-19 21:29:59.392 INFO [main]com.wyl.rocketMQ.ProducerFactory.init:59 -producer连接成功。。。。
2019-08-19 21:30:02.876 INFO [main]com.wyl.rocketMQ.Consumers.init:46 -consumer连接成功。。。。
2019-08-19 21:30:03.845 INFO [main]o.s.web.servlet.handler.SimpleUrlHandlerMapping.registerHandler:373 -Mapped URL path [/**/favicon.ico] onto handler of type [class org.springframework.web.servlet.resource.ResourceHttpRequestHandler]
2019-08-19 21:30:04.376 INFO [main]o.s.w.s.m.method.annotation.RequestMappingHandlerAdapter.initControllerAdviceCache:574 -Looking for @ControllerAdvice: org.springframework.boot.web.servlet.context.AnnotationConfigServletWebServerApplicationContext@72f926e6: startup date [Mon Aug 19 21:29:46 CST 2019]; root of context hierarchy
2019-08-19 21:30:04.392 INFO [main]o.s.w.s.m.method.annotation.RequestMappingHandlerAdapter.initControllerAdviceCache:610 -Detected ResponseBodyAdvice bean in fastJsonpResponseBodyAdvice
2019-08-19 21:30:04.470 INFO [main]o.s.w.s.m.method.annotation.RequestMappingHandlerMapping.register:547 -Mapped "{[/computer/],methods=[GET]}" onto public com.wyl.designpattern.abstractfactoryPattern.icomputer.Computer com.wyl.controller.designcontroller.abstractfactroy.AbstractFactroyTest.getComputer(java.lang.String)
2019-08-19 21:30:04.501 INFO [main]o.s.w.s.m.method.annotation.RequestMappingHandlerMapping.register:547 -Mapped "{[/getSimpleShape]}" onto public java.lang.String com.wyl.controller.designcontroller.fatory.FactoryPatternTest.getSimpleShape()
2019-08-19 21:30:04.501 INFO [main]o.s.w.s.m.method.annotation.RequestMappingHandlerMapping.register:547 -Mapped "{[/getShape]}" onto public java.lang.String com.wyl.controller.designcontroller.fatory.FactoryPatternTest.getShape()
2019-08-19 21:30:04.501 INFO [main]o.s.w.s.m.method.annotation.RequestMappingHandlerMapping.register:547 -Mapped "{[/sendMsg/{msg}],methods=[GET]}" onto public java.lang.String com.wyl.controller.designcontroller.observers.ObserverPattrnController.sendMsg(java.lang.String)
2019-08-19 21:30:04.501 INFO [main]o.s.w.s.m.method.annotation.RequestMappingHandlerMapping.register:547 -Mapped "{[/singleton/{type}],methods=[GET]}" onto public java.lang.Boolean com.wyl.controller.designcontroller.singletoncontroller.SingletonController.getSinggleton(java.lang.String)
2019-08-19 21:30:04.501 INFO [main]o.s.w.s.m.method.annotation.RequestMappingHandlerMapping.register:547 -Mapped "{[/activeMQ/sendTopicMsg],methods=[GET]}" onto public void com.wyl.controller.springbootcontroller.ActiveMQController.sendTopicMsg(java.lang.String)
2019-08-19 21:30:04.501 INFO [main]o.s.w.s.m.method.annotation.RequestMappingHandlerMapping.register:547 -Mapped "{[/activeMQ/sendMsg],methods=[GET]}" onto public void com.wyl.controller.springbootcontroller.ActiveMQController.sendMsg(java.lang.String)
2019-08-19 21:30:04.501 INFO [main]o.s.w.s.m.method.annotation.RequestMappingHandlerMapping.register:547 -Mapped "{[/rocket/sendMsg]}" onto public void com.wyl.controller.springbootcontroller.RocketMQController.sendSyncMsg(java.lang.String,java.lang.String,java.lang.String)
2019-08-19 21:30:04.501 INFO [main]o.s.w.s.m.method.annotation.RequestMappingHandlerMapping.register:547 -Mapped "{[/rocket/getMsg]}" onto public void com.wyl.controller.springbootcontroller.RocketMQController.getMsg(java.lang.String,java.lang.String)
2019-08-19 21:30:04.501 INFO [main]o.s.w.s.m.method.annotation.RequestMappingHandlerMapping.register:547 -Mapped "{[/error]}" onto public org.springframework.http.ResponseEntity<java.util.Map<java.lang.String, java.lang.Object>> org.springframework.boot.autoconfigure.web.servlet.error.BasicErrorController.error(javax.servlet.http.HttpServletRequest)
2019-08-19 21:30:04.501 INFO [main]o.s.w.s.m.method.annotation.RequestMappingHandlerMapping.register:547 -Mapped "{[/error],produces=[text/html]}" onto public org.springframework.web.servlet.ModelAndView org.springframework.boot.autoconfigure.web.servlet.error.BasicErrorController.errorHtml(javax.servlet.http.HttpServletRequest,javax.servlet.http.HttpServletResponse)
2019-08-19 21:30:04.564 INFO [main]o.s.web.servlet.handler.SimpleUrlHandlerMapping.registerHandler:373 -Mapped URL path [/webjars/**] onto handler of type [class org.springframework.web.servlet.resource.ResourceHttpRequestHandler]
2019-08-19 21:30:04.579 INFO [main]o.s.web.servlet.handler.SimpleUrlHandlerMapping.registerHandler:373 -Mapped URL path [/**] onto handler of type [class org.springframework.web.servlet.resource.ResourceHttpRequestHandler]
2019-08-19 21:30:04.595 INFO [main]o.s.w.s.m.m.annotation.ExceptionHandlerExceptionResolver.initExceptionHandlerAdviceCache:288 -Detected @ExceptionHandler methods in myExceptionHandler
2019-08-19 21:30:04.595 INFO [main]o.s.w.s.m.m.annotation.ExceptionHandlerExceptionResolver.initExceptionHandlerAdviceCache:294 -Detected ResponseBodyAdvice implementation in fastJsonpResponseBodyAdvice
2019-08-19 21:30:05.485 INFO [main]o.s.jmx.export.annotation.AnnotationMBeanExporter.afterSingletonsInstantiated:433 -Registering beans for JMX exposure on startup
2019-08-19 21:30:05.485 INFO [main]o.s.jmx.export.annotation.AnnotationMBeanExporter.autodetect:895 -Bean with name 'dataSource' has been autodetected for JMX exposure
2019-08-19 21:30:05.485 INFO [main]o.s.jmx.export.annotation.AnnotationMBeanExporter.registerBeanInstance:668 -Located MBean 'dataSource': registering with JMX server as MBean [com.alibaba.druid.pool:name=dataSource,type=DruidDataSource]
2019-08-19 21:30:05.501 INFO [main]o.s.context.support.DefaultLifecycleProcessor.start:351 -Starting beans in phase 2147483647
2019-08-19 21:30:07.251 INFO [main]o.s.s.annotation.ScheduledAnnotationBeanPostProcessor.finishRegistration:275 -No TaskScheduler/ScheduledExecutorService bean found for scheduled processing
2019-08-19 21:30:07.251 INFO [main]org.apache.coyote.http11.Http11NioProtocol.log:180 -Starting ProtocolHandler ["http-nio-8080"]
2019-08-19 21:30:07.251 INFO [main]org.apache.tomcat.util.net.NioSelectorPool.log:180 -Using a shared selector for servlet write/read
2019-08-19 21:30:07.282 INFO [main]o.s.boot.web.embedded.tomcat.TomcatWebServer.start:206 -Tomcat started on port(s): 8080 (http) with context path ''
2019-08-19 21:30:07.282 INFO [main]com.TestEverythingApplication.logStarted:59 -Started TestEverythingApplication in 23.484 seconds (JVM running for 26.679)
2019-08-19 21:30:18.407 INFO [http-nio-8080-exec-1]o.a.catalina.core.ContainerBase.[Tomcat].[localhost].[/].log:180 -Initializing Spring FrameworkServlet 'dispatcherServlet'
2019-08-19 21:30:18.408 INFO [http-nio-8080-exec-1]org.springframework.web.servlet.DispatcherServlet.initServletBean:494 -FrameworkServlet 'dispatcherServlet': initialization started
2019-08-19 21:30:18.486 INFO [http-nio-8080-exec-1]org.springframework.web.servlet.DispatcherServlet.initServletBean:509 -FrameworkServlet 'dispatcherServlet': initialization completed in 77 ms
2019-08-19 21:37:07.500 INFO [main]com.TestEverythingApplication.logStarting:50 -Starting TestEverythingApplication on Lin with PID 32648 (I:\javaworkspace\testeverything\target\classes started by Wyl in I:\javaworkspace\testeverything)
2019-08-19 21:37:07.522 INFO [main]com.TestEverythingApplication.logStartupProfileInfo:662 -No active profile set, falling back to default profiles: default
2019-08-19 21:37:07.627 INFO [main]o.s.b.w.s.c.AnnotationConfigServletWebServerApplicationContext.prepareRefresh:590 -Refreshing org.springframework.boot.web.servlet.context.AnnotationConfigServletWebServerApplicationContext@4135c3b: startup date [Mon Aug 19 21:37:07 CST 2019]; root of context hierarchy
2019-08-19 21:37:11.061 INFO [main]o.s.d.repository.config.RepositoryConfigurationDelegate.multipleStoresDetected:163 -Multiple Spring Data modules found, entering strict repository configuration mode!
2019-08-19 21:37:12.668 INFO [main]o.s.c.s.PostProcessorRegistrationDelegate$BeanPostProcessorChecker.postProcessAfterInitialization:326 -Bean 'org.springframework.transaction.annotation.ProxyTransactionManagementConfiguration' of type [org.springframework.transaction.annotation.ProxyTransactionManagementConfiguration$$EnhancerBySpringCGLIB$$4e36be6] is not eligible for getting processed by all BeanPostProcessors (for example: not eligible for auto-proxying)
2019-08-19 21:37:13.568 INFO [main]o.s.boot.web.embedded.tomcat.TomcatWebServer.initialize:91 -Tomcat initialized with port(s): 8080 (http)
2019-08-19 21:37:13.591 INFO [main]org.apache.coyote.http11.Http11NioProtocol.log:180 -Initializing ProtocolHandler ["http-nio-8080"]
2019-08-19 21:37:13.609 INFO [main]org.apache.catalina.core.StandardService.log:180 -Starting service [Tomcat]
2019-08-19 21:37:13.610 INFO [main]org.apache.catalina.core.StandardEngine.log:180 -Starting Servlet Engine: Apache Tomcat/8.5.32
2019-08-19 21:37:13.617 INFO [localhost-startStop-1]org.apache.catalina.core.AprLifecycleListener.log:180 -The APR based Apache Tomcat Native library which allows optimal performance in production environments was not found on the java.library.path: [C:\Program Files\Java\jdk1.8.0_25\bin;C:\WINDOWS\Sun\Java\bin;C:\WINDOWS\system32;C:\WINDOWS;C:\ProgramData\DockerDesktop\version-bin;C:\Program Files\Docker\Docker\Resources\bin;C:\Windows\system32;C:\Windows;C:\WINDOWS\system32;C:\WINDOWS;C:\WINDOWS\System32\Wbem;C:\Program Files (x86)\OpenVPN\bin;C:\Program Files\Git\cmd;C:\Program Files (x86)\OpenVPN\bin;.]
2019-08-19 21:37:13.865 INFO [localhost-startStop-1]o.a.catalina.core.ContainerBase.[Tomcat].[localhost].[/].log:180 -Initializing Spring embedded WebApplicationContext
2019-08-19 21:37:13.866 INFO [localhost-startStop-1]org.springframework.web.context.ContextLoader.prepareWebApplicationContext:285 -Root WebApplicationContext: initialization completed in 6239 ms
2019-08-19 21:37:14.017 INFO [localhost-startStop-1]o.s.boot.web.servlet.ServletRegistrationBean.addRegistration:187 -Servlet dispatcherServlet mapped to [/]
2019-08-19 21:37:14.024 INFO [localhost-startStop-1]o.s.boot.web.servlet.FilterRegistrationBean.configure:245 -Mapping filter: 'characterEncodingFilter' to: [/*]
2019-08-19 21:37:14.025 INFO [localhost-startStop-1]o.s.boot.web.servlet.FilterRegistrationBean.configure:245 -Mapping filter: 'hiddenHttpMethodFilter' to: [/*]
2019-08-19 21:37:14.025 INFO [localhost-startStop-1]o.s.boot.web.servlet.FilterRegistrationBean.configure:245 -Mapping filter: 'httpPutFormContentFilter' to: [/*]
2019-08-19 21:37:14.026 INFO [localhost-startStop-1]o.s.boot.web.servlet.FilterRegistrationBean.configure:245 -Mapping filter: 'requestContextFilter' to: [/*]
2019-08-19 21:37:21.107 INFO [main]com.wyl.rocketMQ.ProducerFactory.init:59 -producer连接成功。。。。
2019-08-19 21:37:25.369 INFO [main]com.wyl.rocketMQ.Consumers.init:46 -consumer连接成功。。。。
2019-08-19 21:37:26.353 INFO [main]o.s.web.servlet.handler.SimpleUrlHandlerMapping.registerHandler:373 -Mapped URL path [/**/favicon.ico] onto handler of type [class org.springframework.web.servlet.resource.ResourceHttpRequestHandler]
2019-08-19 21:37:26.861 INFO [main]o.s.w.s.m.method.annotation.RequestMappingHandlerAdapter.initControllerAdviceCache:574 -Looking for @ControllerAdvice: org.springframework.boot.web.servlet.context.AnnotationConfigServletWebServerApplicationContext@4135c3b: startup date [Mon Aug 19 21:37:07 CST 2019]; root of context hierarchy
2019-08-19 21:37:26.872 INFO [main]o.s.w.s.m.method.annotation.RequestMappingHandlerAdapter.initControllerAdviceCache:610 -Detected ResponseBodyAdvice bean in fastJsonpResponseBodyAdvice
2019-08-19 21:37:26.964 INFO [main]o.s.w.s.m.method.annotation.RequestMappingHandlerMapping.register:547 -Mapped "{[/computer/],methods=[GET]}" onto public com.wyl.designpattern.abstractfactoryPattern.icomputer.Computer com.wyl.controller.designcontroller.abstractfactroy.AbstractFactroyTest.getComputer(java.lang.String)
2019-08-19 21:37:26.967 INFO [main]o.s.w.s.m.method.annotation.RequestMappingHandlerMapping.register:547 -Mapped "{[/getSimpleShape]}" onto public java.lang.String com.wyl.controller.designcontroller.fatory.FactoryPatternTest.getSimpleShape()
2019-08-19 21:37:26.967 INFO [main]o.s.w.s.m.method.annotation.RequestMappingHandlerMapping.register:547 -Mapped "{[/getShape]}" onto public java.lang.String com.wyl.controller.designcontroller.fatory.FactoryPatternTest.getShape()
2019-08-19 21:37:26.968 INFO [main]o.s.w.s.m.method.annotation.RequestMappingHandlerMapping.register:547 -Mapped "{[/sendMsg/{msg}],methods=[GET]}" onto public java.lang.String com.wyl.controller.designcontroller.observers.ObserverPattrnController.sendMsg(java.lang.String)
2019-08-19 21:37:26.971 INFO [main]o.s.w.s.m.method.annotation.RequestMappingHandlerMapping.register:547 -Mapped "{[/singleton/{type}],methods=[GET]}" onto public java.lang.Boolean com.wyl.controller.designcontroller.singletoncontroller.SingletonController.getSinggleton(java.lang.String)
2019-08-19 21:37:26.973 INFO [main]o.s.w.s.m.method.annotation.RequestMappingHandlerMapping.register:547 -Mapped "{[/activeMQ/sendMsg],methods=[GET]}" onto public void com.wyl.controller.springbootcontroller.ActiveMQController.sendMsg(java.lang.String)
2019-08-19 21:37:26.974 INFO [main]o.s.w.s.m.method.annotation.RequestMappingHandlerMapping.register:547 -Mapped "{[/activeMQ/sendTopicMsg],methods=[GET]}" onto public void com.wyl.controller.springbootcontroller.ActiveMQController.sendTopicMsg(java.lang.String)
2019-08-19 21:37:26.975 INFO [main]o.s.w.s.m.method.annotation.RequestMappingHandlerMapping.register:547 -Mapped "{[/rocket/sendMsg]}" onto public void com.wyl.controller.springbootcontroller.RocketMQController.sendSyncMsg(java.lang.String,java.lang.String,java.lang.String)
2019-08-19 21:37:26.976 INFO [main]o.s.w.s.m.method.annotation.RequestMappingHandlerMapping.register:547 -Mapped "{[/rocket/getMsg]}" onto public void com.wyl.controller.springbootcontroller.RocketMQController.getMsg(java.lang.String,java.lang.String)
2019-08-19 21:37:26.979 INFO [main]o.s.w.s.m.method.annotation.RequestMappingHandlerMapping.register:547 -Mapped "{[/error]}" onto public org.springframework.http.ResponseEntity<java.util.Map<java.lang.String, java.lang.Object>> org.springframework.boot.autoconfigure.web.servlet.error.BasicErrorController.error(javax.servlet.http.HttpServletRequest)
2019-08-19 21:37:26.981 INFO [main]o.s.w.s.m.method.annotation.RequestMappingHandlerMapping.register:547 -Mapped "{[/error],produces=[text/html]}" onto public org.springframework.web.servlet.ModelAndView org.springframework.boot.autoconfigure.web.servlet.error.BasicErrorController.errorHtml(javax.servlet.http.HttpServletRequest,javax.servlet.http.HttpServletResponse)
2019-08-19 21:37:27.053 INFO [main]o.s.web.servlet.handler.SimpleUrlHandlerMapping.registerHandler:373 -Mapped URL path [/webjars/**] onto handler of type [class org.springframework.web.servlet.resource.ResourceHttpRequestHandler]
2019-08-19 21:37:27.053 INFO [main]o.s.web.servlet.handler.SimpleUrlHandlerMapping.registerHandler:373 -Mapped URL path [/**] onto handler of type [class org.springframework.web.servlet.resource.ResourceHttpRequestHandler]
2019-08-19 21:37:27.087 INFO [main]o.s.w.s.m.m.annotation.ExceptionHandlerExceptionResolver.initExceptionHandlerAdviceCache:288 -Detected @ExceptionHandler methods in myExceptionHandler
2019-08-19 21:37:27.088 INFO [main]o.s.w.s.m.m.annotation.ExceptionHandlerExceptionResolver.initExceptionHandlerAdviceCache:294 -Detected ResponseBodyAdvice implementation in fastJsonpResponseBodyAdvice
2019-08-19 21:37:27.977 INFO [main]o.s.jmx.export.annotation.AnnotationMBeanExporter.afterSingletonsInstantiated:433 -Registering beans for JMX exposure on startup
2019-08-19 21:37:27.981 INFO [main]o.s.jmx.export.annotation.AnnotationMBeanExporter.autodetect:895 -Bean with name 'dataSource' has been autodetected for JMX exposure
2019-08-19 21:37:27.990 INFO [main]o.s.jmx.export.annotation.AnnotationMBeanExporter.registerBeanInstance:668 -Located MBean 'dataSource': registering with JMX server as MBean [com.alibaba.druid.pool:name=dataSource,type=DruidDataSource]
2019-08-19 21:37:27.998 INFO [main]o.s.context.support.DefaultLifecycleProcessor.start:351 -Starting beans in phase 2147483647
2019-08-19 21:37:30.891 INFO [main]o.s.s.annotation.ScheduledAnnotationBeanPostProcessor.finishRegistration:275 -No TaskScheduler/ScheduledExecutorService bean found for scheduled processing
2019-08-19 21:37:30.900 INFO [main]org.apache.coyote.http11.Http11NioProtocol.log:180 -Starting ProtocolHandler ["http-nio-8080"]
2019-08-19 21:37:30.902 INFO [main]org.apache.tomcat.util.net.NioSelectorPool.log:180 -Using a shared selector for servlet write/read
2019-08-19 21:37:30.927 INFO [main]o.s.boot.web.embedded.tomcat.TomcatWebServer.start:206 -Tomcat started on port(s): 8080 (http) with context path ''
2019-08-19 21:37:30.933 INFO [main]com.TestEverythingApplication.logStarted:59 -Started TestEverythingApplication in 26.537 seconds (JVM running for 29.992)
2019-08-19 21:37:49.935 INFO [http-nio-8080-exec-1]o.a.catalina.core.ContainerBase.[Tomcat].[localhost].[/].log:180 -Initializing Spring FrameworkServlet 'dispatcherServlet'
2019-08-19 21:37:49.935 INFO [http-nio-8080-exec-1]org.springframework.web.servlet.DispatcherServlet.initServletBean:494 -FrameworkServlet 'dispatcherServlet': initialization started
2019-08-19 21:37:50.019 INFO [http-nio-8080-exec-1]org.springframework.web.servlet.DispatcherServlet.initServletBean:509 -FrameworkServlet 'dispatcherServlet': initialization completed in 83 ms
2019-08-19 21:38:53.236 INFO [main]com.TestEverythingApplication.logStarting:50 -Starting TestEverythingApplication on Lin with PID 14352 (I:\javaworkspace\testeverything\target\classes started by Wyl in I:\javaworkspace\testeverything)
2019-08-19 21:38:53.246 INFO [main]com.TestEverythingApplication.logStartupProfileInfo:662 -No active profile set, falling back to default profiles: default
2019-08-19 21:38:53.443 INFO [main]o.s.b.w.s.c.AnnotationConfigServletWebServerApplicationContext.prepareRefresh:590 -Refreshing org.springframework.boot.web.servlet.context.AnnotationConfigServletWebServerApplicationContext@1c39680d: startup date [Mon Aug 19 21:38:53 CST 2019]; root of context hierarchy
2019-08-19 21:38:56.904 INFO [main]o.s.d.repository.config.RepositoryConfigurationDelegate.multipleStoresDetected:163 -Multiple Spring Data modules found, entering strict repository configuration mode!
2019-08-19 21:38:58.797 INFO [main]o.s.c.s.PostProcessorRegistrationDelegate$BeanPostProcessorChecker.postProcessAfterInitialization:326 -Bean 'org.springframework.transaction.annotation.ProxyTransactionManagementConfiguration' of type [org.springframework.transaction.annotation.ProxyTransactionManagementConfiguration$$EnhancerBySpringCGLIB$$fc0d6372] is not eligible for getting processed by all BeanPostProcessors (for example: not eligible for auto-proxying)
2019-08-19 21:38:59.972 INFO [main]o.s.boot.web.embedded.tomcat.TomcatWebServer.initialize:91 -Tomcat initialized with port(s): 8080 (http)
2019-08-19 21:38:59.996 INFO [main]org.apache.coyote.http11.Http11NioProtocol.log:180 -Initializing ProtocolHandler ["http-nio-8080"]
2019-08-19 21:39:00.026 INFO [main]org.apache.catalina.core.StandardService.log:180 -Starting service [Tomcat]
2019-08-19 21:39:00.027 INFO [main]org.apache.catalina.core.StandardEngine.log:180 -Starting Servlet Engine: Apache Tomcat/8.5.32
2019-08-19 21:39:00.037 INFO [localhost-startStop-1]org.apache.catalina.core.AprLifecycleListener.log:180 -The APR based Apache Tomcat Native library which allows optimal performance in production environments was not found on the java.library.path: [C:\Program Files\Java\jdk1.8.0_25\bin;C:\WINDOWS\Sun\Java\bin;C:\WINDOWS\system32;C:\WINDOWS;C:\ProgramData\DockerDesktop\version-bin;C:\Program Files\Docker\Docker\Resources\bin;C:\Windows\system32;C:\Windows;C:\WINDOWS\system32;C:\WINDOWS;C:\WINDOWS\System32\Wbem;C:\Program Files (x86)\OpenVPN\bin;C:\Program Files\Git\cmd;C:\Program Files (x86)\OpenVPN\bin;.]
2019-08-19 21:39:00.268 INFO [localhost-startStop-1]o.a.catalina.core.ContainerBase.[Tomcat].[localhost].[/].log:180 -Initializing Spring embedded WebApplicationContext
2019-08-19 21:39:00.269 INFO [localhost-startStop-1]org.springframework.web.context.ContextLoader.prepareWebApplicationContext:285 -Root WebApplicationContext: initialization completed in 6826 ms
2019-08-19 21:39:00.446 INFO [localhost-startStop-1]o.s.boot.web.servlet.ServletRegistrationBean.addRegistration:187 -Servlet dispatcherServlet mapped to [/]
2019-08-19 21:39:00.456 INFO [localhost-startStop-1]o.s.boot.web.servlet.FilterRegistrationBean.configure:245 -Mapping filter: 'characterEncodingFilter' to: [/*]
2019-08-19 21:39:00.456 INFO [localhost-startStop-1]o.s.boot.web.servlet.FilterRegistrationBean.configure:245 -Mapping filter: 'hiddenHttpMethodFilter' to: [/*]
2019-08-19 21:39:00.457 INFO [localhost-startStop-1]o.s.boot.web.servlet.FilterRegistrationBean.configure:245 -Mapping filter: 'httpPutFormContentFilter' to: [/*]
2019-08-19 21:39:00.457 INFO [localhost-startStop-1]o.s.boot.web.servlet.FilterRegistrationBean.configure:245 -Mapping filter: 'requestContextFilter' to: [/*]
2019-08-19 21:39:08.558 INFO [main]com.wyl.rocketMQ.ProducerFactory.init:59 -producer连接成功。。。。
2019-08-19 21:39:12.252 INFO [main]com.wyl.rocketMQ.Consumers.init:46 -consumer连接成功。。。。
2019-08-19 21:39:13.796 INFO [main]o.s.web.servlet.handler.SimpleUrlHandlerMapping.registerHandler:373 -Mapped URL path [/**/favicon.ico] onto handler of type [class org.springframework.web.servlet.resource.ResourceHttpRequestHandler]
2019-08-19 21:39:14.472 INFO [main]o.s.w.s.m.method.annotation.RequestMappingHandlerAdapter.initControllerAdviceCache:574 -Looking for @ControllerAdvice: org.springframework.boot.web.servlet.context.AnnotationConfigServletWebServerApplicationContext@1c39680d: startup date [Mon Aug 19 21:38:53 CST 2019]; root of context hierarchy
2019-08-19 21:39:14.488 INFO [main]o.s.w.s.m.method.annotation.RequestMappingHandlerAdapter.initControllerAdviceCache:610 -Detected ResponseBodyAdvice bean in fastJsonpResponseBodyAdvice
2019-08-19 21:39:14.604 INFO [main]o.s.w.s.m.method.annotation.RequestMappingHandlerMapping.register:547 -Mapped "{[/computer/],methods=[GET]}" onto public com.wyl.designpattern.abstractfactoryPattern.icomputer.Computer com.wyl.controller.designcontroller.abstractfactroy.AbstractFactroyTest.getComputer(java.lang.String)
2019-08-19 21:39:14.607 INFO [main]o.s.w.s.m.method.annotation.RequestMappingHandlerMapping.register:547 -Mapped "{[/getShape]}" onto public java.lang.String com.wyl.controller.designcontroller.fatory.FactoryPatternTest.getShape()
2019-08-19 21:39:14.607 INFO [main]o.s.w.s.m.method.annotation.RequestMappingHandlerMapping.register:547 -Mapped "{[/getSimpleShape]}" onto public java.lang.String com.wyl.controller.designcontroller.fatory.FactoryPatternTest.getSimpleShape()
2019-08-19 21:39:14.608 INFO [main]o.s.w.s.m.method.annotation.RequestMappingHandlerMapping.register:547 -Mapped "{[/sendMsg/{msg}],methods=[GET]}" onto public java.lang.String com.wyl.controller.designcontroller.observers.ObserverPattrnController.sendMsg(java.lang.String)
2019-08-19 21:39:14.612 INFO [main]o.s.w.s.m.method.annotation.RequestMappingHandlerMapping.register:547 -Mapped "{[/singleton/{type}],methods=[GET]}" onto public java.lang.Boolean com.wyl.controller.designcontroller.singletoncontroller.SingletonController.getSinggleton(java.lang.String)
2019-08-19 21:39:14.614 INFO [main]o.s.w.s.m.method.annotation.RequestMappingHandlerMapping.register:547 -Mapped "{[/activeMQ/sendMsg],methods=[GET]}" onto public void com.wyl.controller.springbootcontroller.ActiveMQController.sendMsg(java.lang.String)
2019-08-19 21:39:14.614 INFO [main]o.s.w.s.m.method.annotation.RequestMappingHandlerMapping.register:547 -Mapped "{[/activeMQ/sendTopicMsg],methods=[GET]}" onto public void com.wyl.controller.springbootcontroller.ActiveMQController.sendTopicMsg(java.lang.String)
2019-08-19 21:39:14.615 INFO [main]o.s.w.s.m.method.annotation.RequestMappingHandlerMapping.register:547 -Mapped "{[/rocket/sendMsg]}" onto public void com.wyl.controller.springbootcontroller.RocketMQController.sendSyncMsg(java.lang.String,java.lang.String,java.lang.String)
2019-08-19 21:39:14.616 INFO [main]o.s.w.s.m.method.annotation.RequestMappingHandlerMapping.register:547 -Mapped "{[/rocket/getMsg]}" onto public void com.wyl.controller.springbootcontroller.RocketMQController.getMsg(java.lang.String,java.lang.String)
2019-08-19 21:39:14.619 INFO [main]o.s.w.s.m.method.annotation.RequestMappingHandlerMapping.register:547 -Mapped "{[/error]}" onto public org.springframework.http.ResponseEntity<java.util.Map<java.lang.String, java.lang.Object>> org.springframework.boot.autoconfigure.web.servlet.error.BasicErrorController.error(javax.servlet.http.HttpServletRequest)
2019-08-19 21:39:14.620 INFO [main]o.s.w.s.m.method.annotation.RequestMappingHandlerMapping.register:547 -Mapped "{[/error],produces=[text/html]}" onto public org.springframework.web.servlet.ModelAndView org.springframework.boot.autoconfigure.web.servlet.error.BasicErrorController.errorHtml(javax.servlet.http.HttpServletRequest,javax.servlet.http.HttpServletResponse)
2019-08-19 21:39:14.708 INFO [main]o.s.web.servlet.handler.SimpleUrlHandlerMapping.registerHandler:373 -Mapped URL path [/webjars/**] onto handler of type [class org.springframework.web.servlet.resource.ResourceHttpRequestHandler]
2019-08-19 21:39:14.708 INFO [main]o.s.web.servlet.handler.SimpleUrlHandlerMapping.registerHandler:373 -Mapped URL path [/**] onto handler of type [class org.springframework.web.servlet.resource.ResourceHttpRequestHandler]
2019-08-19 21:39:14.746 INFO [main]o.s.w.s.m.m.annotation.ExceptionHandlerExceptionResolver.initExceptionHandlerAdviceCache:288 -Detected @ExceptionHandler methods in myExceptionHandler
2019-08-19 21:39:14.746 INFO [main]o.s.w.s.m.m.annotation.ExceptionHandlerExceptionResolver.initExceptionHandlerAdviceCache:294 -Detected ResponseBodyAdvice implementation in fastJsonpResponseBodyAdvice
2019-08-19 21:39:15.825 INFO [main]o.s.jmx.export.annotation.AnnotationMBeanExporter.afterSingletonsInstantiated:433 -Registering beans for JMX exposure on startup
2019-08-19 21:39:15.828 INFO [main]o.s.jmx.export.annotation.AnnotationMBeanExporter.autodetect:895 -Bean with name 'dataSource' has been autodetected for JMX exposure
2019-08-19 21:39:15.839 INFO [main]o.s.jmx.export.annotation.AnnotationMBeanExporter.registerBeanInstance:668 -Located MBean 'dataSource': registering with JMX server as MBean [com.alibaba.druid.pool:name=dataSource,type=DruidDataSource]
2019-08-19 21:39:15.849 INFO [main]o.s.context.support.DefaultLifecycleProcessor.start:351 -Starting beans in phase 2147483647
2019-08-19 21:39:17.622 INFO [main]o.s.s.annotation.ScheduledAnnotationBeanPostProcessor.finishRegistration:275 -No TaskScheduler/ScheduledExecutorService bean found for scheduled processing
2019-08-19 21:39:17.636 INFO [main]org.apache.coyote.http11.Http11NioProtocol.log:180 -Starting ProtocolHandler ["http-nio-8080"]
2019-08-19 21:39:17.638 INFO [main]org.apache.tomcat.util.net.NioSelectorPool.log:180 -Using a shared selector for servlet write/read
2019-08-19 21:39:17.674 INFO [main]o.s.boot.web.embedded.tomcat.TomcatWebServer.start:206 -Tomcat started on port(s): 8080 (http) with context path ''
2019-08-19 21:39:17.683 INFO [main]com.TestEverythingApplication.logStarted:59 -Started TestEverythingApplication in 27.712 seconds (JVM running for 31.429)
2019-08-19 21:39:22.946 INFO [http-nio-8080-exec-1]o.a.catalina.core.ContainerBase.[Tomcat].[localhost].[/].log:180 -Initializing Spring FrameworkServlet 'dispatcherServlet'
2019-08-19 21:39:22.947 INFO [http-nio-8080-exec-1]org.springframework.web.servlet.DispatcherServlet.initServletBean:494 -FrameworkServlet 'dispatcherServlet': initialization started
2019-08-19 21:39:23.018 INFO [http-nio-8080-exec-1]org.springframework.web.servlet.DispatcherServlet.initServletBean:509 -FrameworkServlet 'dispatcherServlet': initialization completed in 71 ms
2019-08-19 21:55:24.607 INFO [Thread-57]o.s.b.w.s.c.AnnotationConfigServletWebServerApplicationContext.doClose:993 -Closing org.springframework.boot.web.servlet.context.AnnotationConfigServletWebServerApplicationContext@1c39680d: startup date [Mon Aug 19 21:38:53 CST 2019]; root of context hierarchy
2019-08-19 21:55:24.622 INFO [Thread-57]o.s.context.support.DefaultLifecycleProcessor.stop:366 -Stopping beans in phase 2147483647
2019-08-19 21:55:38.033 INFO [main]com.TestEverythingApplication.logStarting:50 -Starting TestEverythingApplication on Lin with PID 23580 (I:\javaworkspace\testeverything\target\classes started by Wyl in I:\javaworkspace\testeverything)
2019-08-19 21:55:38.043 INFO [main]com.TestEverythingApplication.logStartupProfileInfo:662 -No active profile set, falling back to default profiles: default
2019-08-19 21:55:38.175 INFO [main]o.s.b.w.s.c.AnnotationConfigServletWebServerApplicationContext.prepareRefresh:590 -Refreshing org.springframework.boot.web.servlet.context.AnnotationConfigServletWebServerApplicationContext@740d2e78: startup date [Mon Aug 19 21:55:38 CST 2019]; root of context hierarchy
2019-08-19 21:55:41.923 INFO [main]o.s.d.repository.config.RepositoryConfigurationDelegate.multipleStoresDetected:163 -Multiple Spring Data modules found, entering strict repository configuration mode!
2019-08-19 21:55:43.778 INFO [main]o.s.c.s.PostProcessorRegistrationDelegate$BeanPostProcessorChecker.postProcessAfterInitialization:326 -Bean 'org.springframework.transaction.annotation.ProxyTransactionManagementConfiguration' of type [org.springframework.transaction.annotation.ProxyTransactionManagementConfiguration$$EnhancerBySpringCGLIB$$7858dd35] is not eligible for getting processed by all BeanPostProcessors (for example: not eligible for auto-proxying)
2019-08-19 21:55:44.993 INFO [main]o.s.boot.web.embedded.tomcat.TomcatWebServer.initialize:91 -Tomcat initialized with port(s): 8080 (http)
2019-08-19 21:55:45.023 INFO [main]org.apache.coyote.http11.Http11NioProtocol.log:180 -Initializing ProtocolHandler ["http-nio-8080"]
2019-08-19 21:55:45.052 INFO [main]org.apache.catalina.core.StandardService.log:180 -Starting service [Tomcat]
2019-08-19 21:55:45.053 INFO [main]org.apache.catalina.core.StandardEngine.log:180 -Starting Servlet Engine: Apache Tomcat/8.5.32
2019-08-19 21:55:45.064 INFO [localhost-startStop-1]org.apache.catalina.core.AprLifecycleListener.log:180 -The APR based Apache Tomcat Native library which allows optimal performance in production environments was not found on the java.library.path: [C:\Program Files\Java\jdk1.8.0_25\bin;C:\WINDOWS\Sun\Java\bin;C:\WINDOWS\system32;C:\WINDOWS;C:\ProgramData\DockerDesktop\version-bin;C:\Program Files\Docker\Docker\Resources\bin;C:\Windows\system32;C:\Windows;C:\WINDOWS\system32;C:\WINDOWS;C:\WINDOWS\System32\Wbem;C:\Program Files (x86)\OpenVPN\bin;C:\Program Files\Git\cmd;C:\Program Files (x86)\OpenVPN\bin;.]
2019-08-19 21:55:45.362 INFO [localhost-startStop-1]o.a.catalina.core.ContainerBase.[Tomcat].[localhost].[/].log:180 -Initializing Spring embedded WebApplicationContext
2019-08-19 21:55:45.362 INFO [localhost-startStop-1]org.springframework.web.context.ContextLoader.prepareWebApplicationContext:285 -Root WebApplicationContext: initialization completed in 7188 ms
2019-08-19 21:55:45.562 INFO [localhost-startStop-1]o.s.boot.web.servlet.ServletRegistrationBean.addRegistration:187 -Servlet dispatcherServlet mapped to [/]
2019-08-19 21:55:45.575 INFO [localhost-startStop-1]o.s.boot.web.servlet.FilterRegistrationBean.configure:245 -Mapping filter: 'characterEncodingFilter' to: [/*]
2019-08-19 21:55:45.576 INFO [localhost-startStop-1]o.s.boot.web.servlet.FilterRegistrationBean.configure:245 -Mapping filter: 'hiddenHttpMethodFilter' to: [/*]
2019-08-19 21:55:45.577 INFO [localhost-startStop-1]o.s.boot.web.servlet.FilterRegistrationBean.configure:245 -Mapping filter: 'httpPutFormContentFilter' to: [/*]
2019-08-19 21:55:45.577 INFO [localhost-startStop-1]o.s.boot.web.servlet.FilterRegistrationBean.configure:245 -Mapping filter: 'requestContextFilter' to: [/*]
2019-08-19 21:55:54.414 INFO [main]com.wyl.rocketMQ.ProducerFactory.init:59 -producer连接成功。。。。
2019-08-19 21:55:59.942 INFO [main]com.wyl.rocketMQ.Consumers.init:46 -consumer连接成功。。。。
2019-08-19 21:56:01.600 INFO [main]o.s.web.servlet.handler.SimpleUrlHandlerMapping.registerHandler:373 -Mapped URL path [/**/favicon.ico] onto handler of type [class org.springframework.web.servlet.resource.ResourceHttpRequestHandler]
2019-08-19 21:56:02.489 INFO [main]o.s.w.s.m.method.annotation.RequestMappingHandlerAdapter.initControllerAdviceCache:574 -Looking for @ControllerAdvice: org.springframework.boot.web.servlet.context.AnnotationConfigServletWebServerApplicationContext@740d2e78: startup date [Mon Aug 19 21:55:38 CST 2019]; root of context hierarchy
2019-08-19 21:56:02.509 INFO [main]o.s.w.s.m.method.annotation.RequestMappingHandlerAdapter.initControllerAdviceCache:610 -Detected ResponseBodyAdvice bean in fastJsonpResponseBodyAdvice
2019-08-19 21:56:02.637 INFO [main]o.s.w.s.m.method.annotation.RequestMappingHandlerMapping.register:547 -Mapped "{[/computer/],methods=[GET]}" onto public com.wyl.designpattern.abstractfactoryPattern.icomputer.Computer com.wyl.controller.designcontroller.abstractfactroy.AbstractFactroyTest.getComputer(java.lang.String)
2019-08-19 21:56:02.639 INFO [main]o.s.w.s.m.method.annotation.RequestMappingHandlerMapping.register:547 -Mapped "{[/getShape]}" onto public java.lang.String com.wyl.controller.designcontroller.fatory.FactoryPatternTest.getShape()
2019-08-19 21:56:02.640 INFO [main]o.s.w.s.m.method.annotation.RequestMappingHandlerMapping.register:547 -Mapped "{[/getSimpleShape]}" onto public java.lang.String com.wyl.controller.designcontroller.fatory.FactoryPatternTest.getSimpleShape()
2019-08-19 21:56:02.641 INFO [main]o.s.w.s.m.method.annotation.RequestMappingHandlerMapping.register:547 -Mapped "{[/sendMsg/{msg}],methods=[GET]}" onto public java.lang.String com.wyl.controller.designcontroller.observers.ObserverPattrnController.sendMsg(java.lang.String)
2019-08-19 21:56:02.645 INFO [main]o.s.w.s.m.method.annotation.RequestMappingHandlerMapping.register:547 -Mapped "{[/singleton/{type}],methods=[GET]}" onto public java.lang.Boolean com.wyl.controller.designcontroller.singletoncontroller.SingletonController.getSinggleton(java.lang.String)
2019-08-19 21:56:02.647 INFO [main]o.s.w.s.m.method.annotation.RequestMappingHandlerMapping.register:547 -Mapped "{[/activeMQ/sendTopicMsg],methods=[GET]}" onto public void com.wyl.controller.springbootcontroller.ActiveMQController.sendTopicMsg(java.lang.String)
2019-08-19 21:56:02.648 INFO [main]o.s.w.s.m.method.annotation.RequestMappingHandlerMapping.register:547 -Mapped "{[/activeMQ/sendMsg],methods=[GET]}" onto public void com.wyl.controller.springbootcontroller.ActiveMQController.sendMsg(java.lang.String)
2019-08-19 21:56:02.649 INFO [main]o.s.w.s.m.method.annotation.RequestMappingHandlerMapping.register:547 -Mapped "{[/rocket/getMsg]}" onto public void com.wyl.controller.springbootcontroller.RocketMQController.getMsg(java.lang.String,java.lang.String)
2019-08-19 21:56:02.650 INFO [main]o.s.w.s.m.method.annotation.RequestMappingHandlerMapping.register:547 -Mapped "{[/rocket/sendMsg]}" onto public void com.wyl.controller.springbootcontroller.RocketMQController.sendSyncMsg(java.lang.String,java.lang.String,java.lang.String)
2019-08-19 21:56:02.653 INFO [main]o.s.w.s.m.method.annotation.RequestMappingHandlerMapping.register:547 -Mapped "{[/error]}" onto public org.springframework.http.ResponseEntity<java.util.Map<java.lang.String, java.lang.Object>> org.springframework.boot.autoconfigure.web.servlet.error.BasicErrorController.error(javax.servlet.http.HttpServletRequest)
2019-08-19 21:56:02.654 INFO [main]o.s.w.s.m.method.annotation.RequestMappingHandlerMapping.register:547 -Mapped "{[/error],produces=[text/html]}" onto public org.springframework.web.servlet.ModelAndView org.springframework.boot.autoconfigure.web.servlet.error.BasicErrorController.errorHtml(javax.servlet.http.HttpServletRequest,javax.servlet.http.HttpServletResponse)
2019-08-19 21:56:02.769 INFO [main]o.s.web.servlet.handler.SimpleUrlHandlerMapping.registerHandler:373 -Mapped URL path [/webjars/**] onto handler of type [class org.springframework.web.servlet.resource.ResourceHttpRequestHandler]
2019-08-19 21:56:02.770 INFO [main]o.s.web.servlet.handler.SimpleUrlHandlerMapping.registerHandler:373 -Mapped URL path [/**] onto handler of type [class org.springframework.web.servlet.resource.ResourceHttpRequestHandler]
2019-08-19 21:56:02.812 INFO [main]o.s.w.s.m.m.annotation.ExceptionHandlerExceptionResolver.initExceptionHandlerAdviceCache:288 -Detected @ExceptionHandler methods in myExceptionHandler
2019-08-19 21:56:02.812 INFO [main]o.s.w.s.m.m.annotation.ExceptionHandlerExceptionResolver.initExceptionHandlerAdviceCache:294 -Detected ResponseBodyAdvice implementation in fastJsonpResponseBodyAdvice
2019-08-19 21:56:04.013 INFO [main]o.s.jmx.export.annotation.AnnotationMBeanExporter.afterSingletonsInstantiated:433 -Registering beans for JMX exposure on startup
2019-08-19 21:56:04.016 INFO [main]o.s.jmx.export.annotation.AnnotationMBeanExporter.autodetect:895 -Bean with name 'dataSource' has been autodetected for JMX exposure
2019-08-19 21:56:04.028 INFO [main]o.s.jmx.export.annotation.AnnotationMBeanExporter.registerBeanInstance:668 -Located MBean 'dataSource': registering with JMX server as MBean [com.alibaba.druid.pool:name=dataSource,type=DruidDataSource]
2019-08-19 21:56:04.038 INFO [main]o.s.context.support.DefaultLifecycleProcessor.start:351 -Starting beans in phase 2147483647
2019-08-19 21:56:05.846 INFO [main]o.s.s.annotation.ScheduledAnnotationBeanPostProcessor.finishRegistration:275 -No TaskScheduler/ScheduledExecutorService bean found for scheduled processing
2019-08-19 21:56:05.859 INFO [main]org.apache.coyote.http11.Http11NioProtocol.log:180 -Starting ProtocolHandler ["http-nio-8080"]
2019-08-19 21:56:05.861 INFO [main]org.apache.tomcat.util.net.NioSelectorPool.log:180 -Using a shared selector for servlet write/read
2019-08-19 21:56:05.897 INFO [main]o.s.boot.web.embedded.tomcat.TomcatWebServer.start:206 -Tomcat started on port(s): 8080 (http) with context path ''
2019-08-19 21:56:05.907 INFO [main]com.TestEverythingApplication.logStarted:59 -Started TestEverythingApplication in 31.176 seconds (JVM running for 35.02)
2019-08-19 21:57:18.876 INFO [Thread-63]o.s.b.w.s.c.AnnotationConfigServletWebServerApplicationContext.doClose:993 -Closing org.springframework.boot.web.servlet.context.AnnotationConfigServletWebServerApplicationContext@740d2e78: startup date [Mon Aug 19 21:55:38 CST 2019]; root of context hierarchy
2019-08-19 21:57:18.881 INFO [Thread-63]o.s.context.support.DefaultLifecycleProcessor.stop:366 -Stopping beans in phase 2147483647
