2019-08-18 10:39:50.463 DEBUG[background-preinit]o.h.v.m.ResourceBundleMessageInterpolator.buildExpressionFactory:89 -Loaded expression factory via original TCCL
2019-08-18 10:39:51.035 INFO [main]com.TestEverythingApplication.logStarting:50 -Starting TestEverythingApplication on Lin with PID 9636 (I:\javaworkspace\testeverything\target\classes started by Wyl in I:\javaworkspace\testeverything)
2019-08-18 10:39:51.035 INFO [main]com.TestEverythingApplication.logStartupProfileInfo:662 -No active profile set, falling back to default profiles: default
2019-08-18 10:39:51.238 INFO [main]o.s.b.w.s.c.AnnotationConfigServletWebServerApplicationContext.prepareRefresh:590 -Refreshing org.springframework.boot.web.servlet.context.AnnotationConfigServletWebServerApplicationContext@291ae: startup date [Sun Aug 18 10:39:51 CST 2019]; root of context hierarchy
2019-08-18 10:40:02.711 INFO [main]com.TestEverythingApplication.logStarting:50 -Starting TestEverythingApplication on Lin with PID 6988 (I:\javaworkspace\testeverything\target\classes started by Wyl in I:\javaworkspace\testeverything)
2019-08-18 10:40:02.711 INFO [main]com.TestEverythingApplication.logStartupProfileInfo:662 -No active profile set, falling back to default profiles: default
2019-08-18 10:40:02.899 INFO [main]o.s.b.w.s.c.AnnotationConfigServletWebServerApplicationContext.prepareRefresh:590 -Refreshing org.springframework.boot.web.servlet.context.AnnotationConfigServletWebServerApplicationContext@7193666c: startup date [Sun Aug 18 10:40:02 CST 2019]; root of context hierarchy
2019-08-18 10:40:08.946 INFO [main]o.s.d.repository.config.RepositoryConfigurationDelegate.multipleStoresDetected:163 -Multiple Spring Data modules found, entering strict repository configuration mode!
2019-08-18 10:40:10.821 INFO [main]o.s.c.s.PostProcessorRegistrationDelegate$BeanPostProcessorChecker.postProcessAfterInitialization:326 -Bean 'org.springframework.transaction.annotation.ProxyTransactionManagementConfiguration' of type [org.springframework.transaction.annotation.ProxyTransactionManagementConfiguration$$EnhancerBySpringCGLIB$$cb659bf7] is not eligible for getting processed by all BeanPostProcessors (for example: not eligible for auto-proxying)
2019-08-18 10:40:11.633 INFO [main]o.s.boot.web.embedded.tomcat.TomcatWebServer.initialize:91 -Tomcat initialized with port(s): 8080 (http)
2019-08-18 10:40:11.680 INFO [main]org.apache.coyote.http11.Http11NioProtocol.log:180 -Initializing ProtocolHandler ["http-nio-8080"]
2019-08-18 10:40:11.696 INFO [main]org.apache.catalina.core.StandardService.log:180 -Starting service [Tomcat]
2019-08-18 10:40:11.696 INFO [main]org.apache.catalina.core.StandardEngine.log:180 -Starting Servlet Engine: Apache Tomcat/8.5.32
2019-08-18 10:40:11.727 INFO [localhost-startStop-1]org.apache.catalina.core.AprLifecycleListener.log:180 -The APR based Apache Tomcat Native library which allows optimal performance in production environments was not found on the java.library.path: [C:\Program Files\Java\jdk1.8.0_25\bin;C:\WINDOWS\Sun\Java\bin;C:\WINDOWS\system32;C:\WINDOWS;C:\ProgramData\DockerDesktop\version-bin;C:\Program Files\Docker\Docker\Resources\bin;C:\Windows\system32;C:\Windows;C:\WINDOWS\system32;C:\WINDOWS;C:\WINDOWS\System32\Wbem;C:\Program Files (x86)\OpenVPN\bin;C:\Program Files\Git\cmd;C:\Program Files (x86)\OpenVPN\bin;.]
2019-08-18 10:40:11.946 INFO [localhost-startStop-1]o.a.catalina.core.ContainerBase.[Tomcat].[localhost].[/].log:180 -Initializing Spring embedded WebApplicationContext
2019-08-18 10:40:11.961 INFO [localhost-startStop-1]org.springframework.web.context.ContextLoader.prepareWebApplicationContext:285 -Root WebApplicationContext: initialization completed in 9047 ms
2019-08-18 10:40:12.118 INFO [localhost-startStop-1]o.s.boot.web.servlet.ServletRegistrationBean.addRegistration:187 -Servlet dispatcherServlet mapped to [/]
2019-08-18 10:40:12.133 INFO [localhost-startStop-1]o.s.boot.web.servlet.FilterRegistrationBean.configure:245 -Mapping filter: 'characterEncodingFilter' to: [/*]
2019-08-18 10:40:12.133 INFO [localhost-startStop-1]o.s.boot.web.servlet.FilterRegistrationBean.configure:245 -Mapping filter: 'hiddenHttpMethodFilter' to: [/*]
2019-08-18 10:40:12.133 INFO [localhost-startStop-1]o.s.boot.web.servlet.FilterRegistrationBean.configure:245 -Mapping filter: 'httpPutFormContentFilter' to: [/*]
2019-08-18 10:40:12.133 INFO [localhost-startStop-1]o.s.boot.web.servlet.FilterRegistrationBean.configure:245 -Mapping filter: 'requestContextFilter' to: [/*]
2019-08-18 10:40:18.102 INFO [main]com.wyl.rocketMQ.ProducerFactory.init:59 -producer连接成功。。。。
2019-08-18 10:40:21.743 INFO [main]com.wyl.rocketMQ.Consumers.init:46 -consumer连接成功。。。。
2019-08-18 10:40:22.883 INFO [main]o.s.web.servlet.handler.SimpleUrlHandlerMapping.registerHandler:373 -Mapped URL path [/**/favicon.ico] onto handler of type [class org.springframework.web.servlet.resource.ResourceHttpRequestHandler]
2019-08-18 10:40:23.305 INFO [main]o.s.w.s.m.method.annotation.RequestMappingHandlerAdapter.initControllerAdviceCache:574 -Looking for @ControllerAdvice: org.springframework.boot.web.servlet.context.AnnotationConfigServletWebServerApplicationContext@7193666c: startup date [Sun Aug 18 10:40:02 CST 2019]; root of context hierarchy
2019-08-18 10:40:23.321 INFO [main]o.s.w.s.m.method.annotation.RequestMappingHandlerAdapter.initControllerAdviceCache:610 -Detected ResponseBodyAdvice bean in fastJsonpResponseBodyAdvice
2019-08-18 10:40:23.399 INFO [main]o.s.w.s.m.method.annotation.RequestMappingHandlerMapping.register:547 -Mapped "{[/computer/],methods=[GET]}" onto public com.wyl.designpattern.abstractfactoryPattern.icomputer.Computer com.wyl.controller.designcontroller.abstractfactroy.AbstractFactroyTest.getComputer(java.lang.String)
2019-08-18 10:40:23.399 INFO [main]o.s.w.s.m.method.annotation.RequestMappingHandlerMapping.register:547 -Mapped "{[/getSimpleShape]}" onto public java.lang.String com.wyl.controller.designcontroller.fatory.FactoryPatternTest.getSimpleShape()
2019-08-18 10:40:23.399 INFO [main]o.s.w.s.m.method.annotation.RequestMappingHandlerMapping.register:547 -Mapped "{[/getShape]}" onto public java.lang.String com.wyl.controller.designcontroller.fatory.FactoryPatternTest.getShape()
2019-08-18 10:40:23.399 INFO [main]o.s.w.s.m.method.annotation.RequestMappingHandlerMapping.register:547 -Mapped "{[/sendMsg/{msg}],methods=[GET]}" onto public java.lang.String com.wyl.controller.designcontroller.observers.ObserverPattrnController.sendMsg(java.lang.String) throws java.lang.Exception
2019-08-18 10:40:23.399 INFO [main]o.s.w.s.m.method.annotation.RequestMappingHandlerMapping.register:547 -Mapped "{[/singleton/{type}],methods=[GET]}" onto public java.lang.Boolean com.wyl.controller.designcontroller.singletoncontroller.SingletonController.getSinggleton(java.lang.String)
2019-08-18 10:40:23.415 INFO [main]o.s.w.s.m.method.annotation.RequestMappingHandlerMapping.register:547 -Mapped "{[/activeMQ/sendMsg],methods=[GET]}" onto public void com.wyl.controller.springbootcontroller.ActiveMQController.sendMsg(java.lang.String)
2019-08-18 10:40:23.415 INFO [main]o.s.w.s.m.method.annotation.RequestMappingHandlerMapping.register:547 -Mapped "{[/activeMQ/sendTopicMsg],methods=[GET]}" onto public void com.wyl.controller.springbootcontroller.ActiveMQController.sendTopicMsg(java.lang.String)
2019-08-18 10:40:23.415 INFO [main]o.s.w.s.m.method.annotation.RequestMappingHandlerMapping.register:547 -Mapped "{[/rocket/getMsg]}" onto public void com.wyl.controller.springbootcontroller.RocketMQController.getMsg(java.lang.String,java.lang.String)
2019-08-18 10:40:23.415 INFO [main]o.s.w.s.m.method.annotation.RequestMappingHandlerMapping.register:547 -Mapped "{[/rocket/sendMsg]}" onto public void com.wyl.controller.springbootcontroller.RocketMQController.sendSyncMsg(java.lang.String,java.lang.String,java.lang.String)
2019-08-18 10:40:23.415 INFO [main]o.s.w.s.m.method.annotation.RequestMappingHandlerMapping.register:547 -Mapped "{[/error]}" onto public org.springframework.http.ResponseEntity<java.util.Map<java.lang.String, java.lang.Object>> org.springframework.boot.autoconfigure.web.servlet.error.BasicErrorController.error(javax.servlet.http.HttpServletRequest)
2019-08-18 10:40:23.415 INFO [main]o.s.w.s.m.method.annotation.RequestMappingHandlerMapping.register:547 -Mapped "{[/error],produces=[text/html]}" onto public org.springframework.web.servlet.ModelAndView org.springframework.boot.autoconfigure.web.servlet.error.BasicErrorController.errorHtml(javax.servlet.http.HttpServletRequest,javax.servlet.http.HttpServletResponse)
2019-08-18 10:40:23.461 INFO [main]o.s.web.servlet.handler.SimpleUrlHandlerMapping.registerHandler:373 -Mapped URL path [/webjars/**] onto handler of type [class org.springframework.web.servlet.resource.ResourceHttpRequestHandler]
2019-08-18 10:40:23.461 INFO [main]o.s.web.servlet.handler.SimpleUrlHandlerMapping.registerHandler:373 -Mapped URL path [/**] onto handler of type [class org.springframework.web.servlet.resource.ResourceHttpRequestHandler]
2019-08-18 10:40:23.508 INFO [main]o.s.w.s.m.m.annotation.ExceptionHandlerExceptionResolver.initExceptionHandlerAdviceCache:288 -Detected @ExceptionHandler methods in myExceptionHandler
2019-08-18 10:40:23.508 INFO [main]o.s.w.s.m.m.annotation.ExceptionHandlerExceptionResolver.initExceptionHandlerAdviceCache:294 -Detected ResponseBodyAdvice implementation in fastJsonpResponseBodyAdvice
2019-08-18 10:40:24.305 INFO [main]o.s.jmx.export.annotation.AnnotationMBeanExporter.afterSingletonsInstantiated:433 -Registering beans for JMX exposure on startup
2019-08-18 10:40:24.305 INFO [main]o.s.jmx.export.annotation.AnnotationMBeanExporter.autodetect:895 -Bean with name 'dataSource' has been autodetected for JMX exposure
2019-08-18 10:40:24.305 INFO [main]o.s.jmx.export.annotation.AnnotationMBeanExporter.registerBeanInstance:668 -Located MBean 'dataSource': registering with JMX server as MBean [com.alibaba.druid.pool:name=dataSource,type=DruidDataSource]
2019-08-18 10:40:24.321 INFO [main]o.s.context.support.DefaultLifecycleProcessor.start:351 -Starting beans in phase 2147483647
2019-08-18 10:40:26.321 INFO [main]o.s.s.annotation.ScheduledAnnotationBeanPostProcessor.finishRegistration:275 -No TaskScheduler/ScheduledExecutorService bean found for scheduled processing
2019-08-18 10:40:26.337 INFO [main]org.apache.coyote.http11.Http11NioProtocol.log:180 -Starting ProtocolHandler ["http-nio-8080"]
2019-08-18 10:40:26.337 INFO [main]org.apache.tomcat.util.net.NioSelectorPool.log:180 -Using a shared selector for servlet write/read
2019-08-18 10:40:26.368 INFO [main]o.s.boot.web.embedded.tomcat.TomcatWebServer.start:206 -Tomcat started on port(s): 8080 (http) with context path ''
2019-08-18 10:40:26.383 INFO [main]com.TestEverythingApplication.logStarted:59 -Started TestEverythingApplication in 24.922 seconds (JVM running for 28.242)
2019-08-18 10:42:01.171 INFO [http-nio-8080-exec-1]o.a.catalina.core.ContainerBase.[Tomcat].[localhost].[/].log:180 -Initializing Spring FrameworkServlet 'dispatcherServlet'
2019-08-18 10:42:01.172 INFO [http-nio-8080-exec-1]org.springframework.web.servlet.DispatcherServlet.initServletBean:494 -FrameworkServlet 'dispatcherServlet': initialization started
2019-08-18 10:42:01.216 INFO [http-nio-8080-exec-1]org.springframework.web.servlet.DispatcherServlet.initServletBean:509 -FrameworkServlet 'dispatcherServlet': initialization completed in 43 ms
2019-08-18 10:43:37.752 INFO [main]com.TestEverythingApplication.logStarting:50 -Starting TestEverythingApplication on Lin with PID 1484 (I:\javaworkspace\testeverything\target\classes started by Wyl in I:\javaworkspace\testeverything)
2019-08-18 10:43:37.768 INFO [main]com.TestEverythingApplication.logStartupProfileInfo:662 -No active profile set, falling back to default profiles: default
2019-08-18 10:43:38.002 INFO [main]o.s.b.w.s.c.AnnotationConfigServletWebServerApplicationContext.prepareRefresh:590 -Refreshing org.springframework.boot.web.servlet.context.AnnotationConfigServletWebServerApplicationContext@10cf09e8: startup date [Sun Aug 18 10:43:37 CST 2019]; root of context hierarchy
2019-08-18 10:43:41.893 INFO [main]o.s.d.repository.config.RepositoryConfigurationDelegate.multipleStoresDetected:163 -Multiple Spring Data modules found, entering strict repository configuration mode!
2019-08-18 10:43:43.619 INFO [main]o.s.c.s.PostProcessorRegistrationDelegate$BeanPostProcessorChecker.postProcessAfterInitialization:326 -Bean 'org.springframework.transaction.annotation.ProxyTransactionManagementConfiguration' of type [org.springframework.transaction.annotation.ProxyTransactionManagementConfiguration$$EnhancerBySpringCGLIB$$a25d0acc] is not eligible for getting processed by all BeanPostProcessors (for example: not eligible for auto-proxying)
2019-08-18 10:43:44.384 INFO [main]o.s.boot.web.embedded.tomcat.TomcatWebServer.initialize:91 -Tomcat initialized with port(s): 8080 (http)
2019-08-18 10:43:44.400 INFO [main]org.apache.coyote.http11.Http11NioProtocol.log:180 -Initializing ProtocolHandler ["http-nio-8080"]
2019-08-18 10:43:44.431 INFO [main]org.apache.catalina.core.StandardService.log:180 -Starting service [Tomcat]
2019-08-18 10:43:44.431 INFO [main]org.apache.catalina.core.StandardEngine.log:180 -Starting Servlet Engine: Apache Tomcat/8.5.32
2019-08-18 10:43:44.431 INFO [localhost-startStop-1]org.apache.catalina.core.AprLifecycleListener.log:180 -The APR based Apache Tomcat Native library which allows optimal performance in production environments was not found on the java.library.path: [C:\Program Files\Java\jdk1.8.0_25\bin;C:\WINDOWS\Sun\Java\bin;C:\WINDOWS\system32;C:\WINDOWS;C:\ProgramData\DockerDesktop\version-bin;C:\Program Files\Docker\Docker\Resources\bin;C:\Windows\system32;C:\Windows;C:\WINDOWS\system32;C:\WINDOWS;C:\WINDOWS\System32\Wbem;C:\Program Files (x86)\OpenVPN\bin;C:\Program Files\Git\cmd;C:\Program Files (x86)\OpenVPN\bin;.]
2019-08-18 10:43:44.650 INFO [localhost-startStop-1]o.a.catalina.core.ContainerBase.[Tomcat].[localhost].[/].log:180 -Initializing Spring embedded WebApplicationContext
2019-08-18 10:43:44.666 INFO [localhost-startStop-1]org.springframework.web.context.ContextLoader.prepareWebApplicationContext:285 -Root WebApplicationContext: initialization completed in 6679 ms
2019-08-18 10:43:44.884 INFO [localhost-startStop-1]o.s.boot.web.servlet.ServletRegistrationBean.addRegistration:187 -Servlet dispatcherServlet mapped to [/]
2019-08-18 10:43:44.900 INFO [localhost-startStop-1]o.s.boot.web.servlet.FilterRegistrationBean.configure:245 -Mapping filter: 'characterEncodingFilter' to: [/*]
2019-08-18 10:43:44.900 INFO [localhost-startStop-1]o.s.boot.web.servlet.FilterRegistrationBean.configure:245 -Mapping filter: 'hiddenHttpMethodFilter' to: [/*]
2019-08-18 10:43:44.900 INFO [localhost-startStop-1]o.s.boot.web.servlet.FilterRegistrationBean.configure:245 -Mapping filter: 'httpPutFormContentFilter' to: [/*]
2019-08-18 10:43:44.900 INFO [localhost-startStop-1]o.s.boot.web.servlet.FilterRegistrationBean.configure:245 -Mapping filter: 'requestContextFilter' to: [/*]
2019-08-18 10:43:51.025 INFO [main]com.wyl.rocketMQ.ProducerFactory.init:59 -producer连接成功。。。。
2019-08-18 10:43:54.520 INFO [main]com.wyl.rocketMQ.Consumers.init:46 -consumer连接成功。。。。
2019-08-18 10:43:55.676 INFO [main]o.s.web.servlet.handler.SimpleUrlHandlerMapping.registerHandler:373 -Mapped URL path [/**/favicon.ico] onto handler of type [class org.springframework.web.servlet.resource.ResourceHttpRequestHandler]
2019-08-18 10:43:56.176 INFO [main]o.s.w.s.m.method.annotation.RequestMappingHandlerAdapter.initControllerAdviceCache:574 -Looking for @ControllerAdvice: org.springframework.boot.web.servlet.context.AnnotationConfigServletWebServerApplicationContext@10cf09e8: startup date [Sun Aug 18 10:43:37 CST 2019]; root of context hierarchy
2019-08-18 10:43:56.191 INFO [main]o.s.w.s.m.method.annotation.RequestMappingHandlerAdapter.initControllerAdviceCache:610 -Detected ResponseBodyAdvice bean in fastJsonpResponseBodyAdvice
2019-08-18 10:43:56.316 INFO [main]o.s.w.s.m.method.annotation.RequestMappingHandlerMapping.register:547 -Mapped "{[/computer/],methods=[GET]}" onto public com.wyl.designpattern.abstractfactoryPattern.icomputer.Computer com.wyl.controller.designcontroller.abstractfactroy.AbstractFactroyTest.getComputer(java.lang.String)
2019-08-18 10:43:56.316 INFO [main]o.s.w.s.m.method.annotation.RequestMappingHandlerMapping.register:547 -Mapped "{[/getSimpleShape]}" onto public java.lang.String com.wyl.controller.designcontroller.fatory.FactoryPatternTest.getSimpleShape()
2019-08-18 10:43:56.316 INFO [main]o.s.w.s.m.method.annotation.RequestMappingHandlerMapping.register:547 -Mapped "{[/getShape]}" onto public java.lang.String com.wyl.controller.designcontroller.fatory.FactoryPatternTest.getShape()
2019-08-18 10:43:56.316 INFO [main]o.s.w.s.m.method.annotation.RequestMappingHandlerMapping.register:547 -Mapped "{[/sendMsg/{msg}],methods=[GET]}" onto public java.lang.String com.wyl.controller.designcontroller.observers.ObserverPattrnController.sendMsg(java.lang.String)
2019-08-18 10:43:56.332 INFO [main]o.s.w.s.m.method.annotation.RequestMappingHandlerMapping.register:547 -Mapped "{[/singleton/{type}],methods=[GET]}" onto public java.lang.Boolean com.wyl.controller.designcontroller.singletoncontroller.SingletonController.getSinggleton(java.lang.String)
2019-08-18 10:43:56.332 INFO [main]o.s.w.s.m.method.annotation.RequestMappingHandlerMapping.register:547 -Mapped "{[/activeMQ/sendMsg],methods=[GET]}" onto public void com.wyl.controller.springbootcontroller.ActiveMQController.sendMsg(java.lang.String)
2019-08-18 10:43:56.332 INFO [main]o.s.w.s.m.method.annotation.RequestMappingHandlerMapping.register:547 -Mapped "{[/activeMQ/sendTopicMsg],methods=[GET]}" onto public void com.wyl.controller.springbootcontroller.ActiveMQController.sendTopicMsg(java.lang.String)
2019-08-18 10:43:56.332 INFO [main]o.s.w.s.m.method.annotation.RequestMappingHandlerMapping.register:547 -Mapped "{[/rocket/sendMsg]}" onto public void com.wyl.controller.springbootcontroller.RocketMQController.sendSyncMsg(java.lang.String,java.lang.String,java.lang.String)
2019-08-18 10:43:56.332 INFO [main]o.s.w.s.m.method.annotation.RequestMappingHandlerMapping.register:547 -Mapped "{[/rocket/getMsg]}" onto public void com.wyl.controller.springbootcontroller.RocketMQController.getMsg(java.lang.String,java.lang.String)
2019-08-18 10:43:56.332 INFO [main]o.s.w.s.m.method.annotation.RequestMappingHandlerMapping.register:547 -Mapped "{[/error]}" onto public org.springframework.http.ResponseEntity<java.util.Map<java.lang.String, java.lang.Object>> org.springframework.boot.autoconfigure.web.servlet.error.BasicErrorController.error(javax.servlet.http.HttpServletRequest)
2019-08-18 10:43:56.332 INFO [main]o.s.w.s.m.method.annotation.RequestMappingHandlerMapping.register:547 -Mapped "{[/error],produces=[text/html]}" onto public org.springframework.web.servlet.ModelAndView org.springframework.boot.autoconfigure.web.servlet.error.BasicErrorController.errorHtml(javax.servlet.http.HttpServletRequest,javax.servlet.http.HttpServletResponse)
2019-08-18 10:43:56.410 INFO [main]o.s.web.servlet.handler.SimpleUrlHandlerMapping.registerHandler:373 -Mapped URL path [/webjars/**] onto handler of type [class org.springframework.web.servlet.resource.ResourceHttpRequestHandler]
2019-08-18 10:43:56.410 INFO [main]o.s.web.servlet.handler.SimpleUrlHandlerMapping.registerHandler:373 -Mapped URL path [/**] onto handler of type [class org.springframework.web.servlet.resource.ResourceHttpRequestHandler]
2019-08-18 10:43:56.441 INFO [main]o.s.w.s.m.m.annotation.ExceptionHandlerExceptionResolver.initExceptionHandlerAdviceCache:288 -Detected @ExceptionHandler methods in myExceptionHandler
2019-08-18 10:43:56.441 INFO [main]o.s.w.s.m.m.annotation.ExceptionHandlerExceptionResolver.initExceptionHandlerAdviceCache:294 -Detected ResponseBodyAdvice implementation in fastJsonpResponseBodyAdvice
2019-08-18 10:43:57.582 INFO [main]o.s.jmx.export.annotation.AnnotationMBeanExporter.afterSingletonsInstantiated:433 -Registering beans for JMX exposure on startup
2019-08-18 10:43:57.582 INFO [main]o.s.jmx.export.annotation.AnnotationMBeanExporter.autodetect:895 -Bean with name 'dataSource' has been autodetected for JMX exposure
2019-08-18 10:43:57.613 INFO [main]o.s.jmx.export.annotation.AnnotationMBeanExporter.registerBeanInstance:668 -Located MBean 'dataSource': registering with JMX server as MBean [com.alibaba.druid.pool:name=dataSource,type=DruidDataSource]
2019-08-18 10:43:57.629 INFO [main]o.s.context.support.DefaultLifecycleProcessor.start:351 -Starting beans in phase 2147483647
2019-08-18 10:43:59.645 INFO [main]o.s.s.annotation.ScheduledAnnotationBeanPostProcessor.finishRegistration:275 -No TaskScheduler/ScheduledExecutorService bean found for scheduled processing
2019-08-18 10:43:59.660 INFO [main]org.apache.coyote.http11.Http11NioProtocol.log:180 -Starting ProtocolHandler ["http-nio-8080"]
2019-08-18 10:43:59.660 INFO [main]org.apache.tomcat.util.net.NioSelectorPool.log:180 -Using a shared selector for servlet write/read
2019-08-18 10:43:59.738 INFO [main]o.s.boot.web.embedded.tomcat.TomcatWebServer.start:206 -Tomcat started on port(s): 8080 (http) with context path ''
2019-08-18 10:43:59.754 INFO [main]com.TestEverythingApplication.logStarted:59 -Started TestEverythingApplication in 23.537 seconds (JVM running for 29.24)
2019-08-18 10:44:26.022 INFO [http-nio-8080-exec-2]o.a.catalina.core.ContainerBase.[Tomcat].[localhost].[/].log:180 -Initializing Spring FrameworkServlet 'dispatcherServlet'
2019-08-18 10:44:26.022 INFO [http-nio-8080-exec-2]org.springframework.web.servlet.DispatcherServlet.initServletBean:494 -FrameworkServlet 'dispatcherServlet': initialization started
2019-08-18 10:44:26.093 INFO [http-nio-8080-exec-2]org.springframework.web.servlet.DispatcherServlet.initServletBean:509 -FrameworkServlet 'dispatcherServlet': initialization completed in 70 ms
2019-08-18 20:59:03.922 INFO [main]com.TestEverythingApplication.logStarting:50 -Starting TestEverythingApplication on Lin with PID 1584 (I:\javaworkspace\testeverything\target\classes started by Wyl in I:\javaworkspace\testeverything)
2019-08-18 20:59:03.945 INFO [main]com.TestEverythingApplication.logStartupProfileInfo:662 -No active profile set, falling back to default profiles: default
2019-08-18 20:59:04.260 INFO [main]o.s.b.w.s.c.AnnotationConfigServletWebServerApplicationContext.prepareRefresh:590 -Refreshing org.springframework.boot.web.servlet.context.AnnotationConfigServletWebServerApplicationContext@6a192cfe: startup date [Sun Aug 18 20:59:04 CST 2019]; root of context hierarchy
2019-08-18 20:59:05.143 INFO [background-preinit]org.hibernate.validator.internal.util.Version.<clinit>:21 -HV000001: Hibernate Validator 6.0.11.Final
2019-08-18 20:59:09.425 INFO [main]o.s.d.repository.config.RepositoryConfigurationDelegate.multipleStoresDetected:163 -Multiple Spring Data modules found, entering strict repository configuration mode!
2019-08-18 20:59:11.340 INFO [main]o.s.c.s.PostProcessorRegistrationDelegate$BeanPostProcessorChecker.postProcessAfterInitialization:326 -Bean 'org.springframework.transaction.annotation.ProxyTransactionManagementConfiguration' of type [org.springframework.transaction.annotation.ProxyTransactionManagementConfiguration$$EnhancerBySpringCGLIB$$a92923dc] is not eligible for getting processed by all BeanPostProcessors (for example: not eligible for auto-proxying)
2019-08-18 20:59:12.305 INFO [main]o.s.boot.web.embedded.tomcat.TomcatWebServer.initialize:91 -Tomcat initialized with port(s): 8080 (http)
2019-08-18 20:59:12.345 INFO [main]org.apache.coyote.http11.Http11NioProtocol.log:180 -Initializing ProtocolHandler ["http-nio-8080"]
2019-08-18 20:59:12.365 INFO [main]org.apache.catalina.core.StandardService.log:180 -Starting service [Tomcat]
2019-08-18 20:59:12.365 INFO [main]org.apache.catalina.core.StandardEngine.log:180 -Starting Servlet Engine: Apache Tomcat/8.5.32
2019-08-18 20:59:12.375 INFO [localhost-startStop-1]org.apache.catalina.core.AprLifecycleListener.log:180 -The APR based Apache Tomcat Native library which allows optimal performance in production environments was not found on the java.library.path: [C:\Program Files\Java\jdk1.8.0_25\bin;C:\WINDOWS\Sun\Java\bin;C:\WINDOWS\system32;C:\WINDOWS;C:\ProgramData\DockerDesktop\version-bin;C:\Program Files\Docker\Docker\Resources\bin;C:\Windows\system32;C:\Windows;C:\WINDOWS\system32;C:\WINDOWS;C:\WINDOWS\System32\Wbem;C:\Program Files (x86)\OpenVPN\bin;C:\Program Files\Git\cmd;C:\Program Files (x86)\OpenVPN\bin;.]
2019-08-18 20:59:12.635 INFO [localhost-startStop-1]o.a.catalina.core.ContainerBase.[Tomcat].[localhost].[/].log:180 -Initializing Spring embedded WebApplicationContext
2019-08-18 20:59:12.635 INFO [localhost-startStop-1]org.springframework.web.context.ContextLoader.prepareWebApplicationContext:285 -Root WebApplicationContext: initialization completed in 8375 ms
2019-08-18 20:59:12.810 INFO [localhost-startStop-1]o.s.boot.web.servlet.ServletRegistrationBean.addRegistration:187 -Servlet dispatcherServlet mapped to [/]
2019-08-18 20:59:12.820 INFO [localhost-startStop-1]o.s.boot.web.servlet.FilterRegistrationBean.configure:245 -Mapping filter: 'characterEncodingFilter' to: [/*]
2019-08-18 20:59:12.820 INFO [localhost-startStop-1]o.s.boot.web.servlet.FilterRegistrationBean.configure:245 -Mapping filter: 'hiddenHttpMethodFilter' to: [/*]
2019-08-18 20:59:12.820 INFO [localhost-startStop-1]o.s.boot.web.servlet.FilterRegistrationBean.configure:245 -Mapping filter: 'httpPutFormContentFilter' to: [/*]
2019-08-18 20:59:12.820 INFO [localhost-startStop-1]o.s.boot.web.servlet.FilterRegistrationBean.configure:245 -Mapping filter: 'requestContextFilter' to: [/*]
2019-08-18 20:59:19.837 INFO [main]com.wyl.rocketMQ.ProducerFactory.init:59 -producer连接成功。。。。
2019-08-18 20:59:24.727 INFO [main]com.wyl.rocketMQ.Consumers.init:46 -consumer连接成功。。。。
2019-08-18 20:59:26.499 INFO [main]o.s.web.servlet.handler.SimpleUrlHandlerMapping.registerHandler:373 -Mapped URL path [/**/favicon.ico] onto handler of type [class org.springframework.web.servlet.resource.ResourceHttpRequestHandler]
2019-08-18 20:59:27.149 INFO [main]o.s.w.s.m.method.annotation.RequestMappingHandlerAdapter.initControllerAdviceCache:574 -Looking for @ControllerAdvice: org.springframework.boot.web.servlet.context.AnnotationConfigServletWebServerApplicationContext@6a192cfe: startup date [Sun Aug 18 20:59:04 CST 2019]; root of context hierarchy
2019-08-18 20:59:27.164 INFO [main]o.s.w.s.m.method.annotation.RequestMappingHandlerAdapter.initControllerAdviceCache:610 -Detected ResponseBodyAdvice bean in fastJsonpResponseBodyAdvice
2019-08-18 20:59:27.264 INFO [main]o.s.w.s.m.method.annotation.RequestMappingHandlerMapping.register:547 -Mapped "{[/computer/],methods=[GET]}" onto public com.wyl.designpattern.abstractfactoryPattern.icomputer.Computer com.wyl.controller.designcontroller.abstractfactroy.AbstractFactroyTest.getComputer(java.lang.String)
2019-08-18 20:59:27.268 INFO [main]o.s.w.s.m.method.annotation.RequestMappingHandlerMapping.register:547 -Mapped "{[/getSimpleShape]}" onto public java.lang.String com.wyl.controller.designcontroller.fatory.FactoryPatternTest.getSimpleShape()
2019-08-18 20:59:27.268 INFO [main]o.s.w.s.m.method.annotation.RequestMappingHandlerMapping.register:547 -Mapped "{[/getShape]}" onto public java.lang.String com.wyl.controller.designcontroller.fatory.FactoryPatternTest.getShape()
2019-08-18 20:59:27.268 INFO [main]o.s.w.s.m.method.annotation.RequestMappingHandlerMapping.register:547 -Mapped "{[/sendMsg/{msg}],methods=[GET]}" onto public java.lang.String com.wyl.controller.designcontroller.observers.ObserverPattrnController.sendMsg(java.lang.String)
2019-08-18 20:59:27.273 INFO [main]o.s.w.s.m.method.annotation.RequestMappingHandlerMapping.register:547 -Mapped "{[/singleton/{type}],methods=[GET]}" onto public java.lang.Boolean com.wyl.controller.designcontroller.singletoncontroller.SingletonController.getSinggleton(java.lang.String)
2019-08-18 20:59:27.278 INFO [main]o.s.w.s.m.method.annotation.RequestMappingHandlerMapping.register:547 -Mapped "{[/activeMQ/sendTopicMsg],methods=[GET]}" onto public void com.wyl.controller.springbootcontroller.ActiveMQController.sendTopicMsg(java.lang.String)
2019-08-18 20:59:27.278 INFO [main]o.s.w.s.m.method.annotation.RequestMappingHandlerMapping.register:547 -Mapped "{[/activeMQ/sendMsg],methods=[GET]}" onto public void com.wyl.controller.springbootcontroller.ActiveMQController.sendMsg(java.lang.String)
2019-08-18 20:59:27.278 INFO [main]o.s.w.s.m.method.annotation.RequestMappingHandlerMapping.register:547 -Mapped "{[/rocket/sendMsg]}" onto public void com.wyl.controller.springbootcontroller.RocketMQController.sendSyncMsg(java.lang.String,java.lang.String,java.lang.String)
2019-08-18 20:59:27.284 INFO [main]o.s.w.s.m.method.annotation.RequestMappingHandlerMapping.register:547 -Mapped "{[/rocket/getMsg]}" onto public void com.wyl.controller.springbootcontroller.RocketMQController.getMsg(java.lang.String,java.lang.String)
2019-08-18 20:59:27.294 INFO [main]o.s.w.s.m.method.annotation.RequestMappingHandlerMapping.register:547 -Mapped "{[/error]}" onto public org.springframework.http.ResponseEntity<java.util.Map<java.lang.String, java.lang.Object>> org.springframework.boot.autoconfigure.web.servlet.error.BasicErrorController.error(javax.servlet.http.HttpServletRequest)
2019-08-18 20:59:27.294 INFO [main]o.s.w.s.m.method.annotation.RequestMappingHandlerMapping.register:547 -Mapped "{[/error],produces=[text/html]}" onto public org.springframework.web.servlet.ModelAndView org.springframework.boot.autoconfigure.web.servlet.error.BasicErrorController.errorHtml(javax.servlet.http.HttpServletRequest,javax.servlet.http.HttpServletResponse)
2019-08-18 20:59:27.364 INFO [main]o.s.web.servlet.handler.SimpleUrlHandlerMapping.registerHandler:373 -Mapped URL path [/webjars/**] onto handler of type [class org.springframework.web.servlet.resource.ResourceHttpRequestHandler]
2019-08-18 20:59:27.364 INFO [main]o.s.web.servlet.handler.SimpleUrlHandlerMapping.registerHandler:373 -Mapped URL path [/**] onto handler of type [class org.springframework.web.servlet.resource.ResourceHttpRequestHandler]
2019-08-18 20:59:27.409 INFO [main]o.s.w.s.m.m.annotation.ExceptionHandlerExceptionResolver.initExceptionHandlerAdviceCache:288 -Detected @ExceptionHandler methods in myExceptionHandler
2019-08-18 20:59:27.409 INFO [main]o.s.w.s.m.m.annotation.ExceptionHandlerExceptionResolver.initExceptionHandlerAdviceCache:294 -Detected ResponseBodyAdvice implementation in fastJsonpResponseBodyAdvice
2019-08-18 20:59:28.483 INFO [main]o.s.jmx.export.annotation.AnnotationMBeanExporter.afterSingletonsInstantiated:433 -Registering beans for JMX exposure on startup
2019-08-18 20:59:28.488 INFO [main]o.s.jmx.export.annotation.AnnotationMBeanExporter.autodetect:895 -Bean with name 'dataSource' has been autodetected for JMX exposure
2019-08-18 20:59:28.503 INFO [main]o.s.jmx.export.annotation.AnnotationMBeanExporter.registerBeanInstance:668 -Located MBean 'dataSource': registering with JMX server as MBean [com.alibaba.druid.pool:name=dataSource,type=DruidDataSource]
2019-08-18 20:59:28.518 INFO [main]o.s.context.support.DefaultLifecycleProcessor.start:351 -Starting beans in phase 2147483647
2019-08-18 20:59:30.498 INFO [main]o.s.s.annotation.ScheduledAnnotationBeanPostProcessor.finishRegistration:275 -No TaskScheduler/ScheduledExecutorService bean found for scheduled processing
2019-08-18 20:59:30.532 INFO [main]org.apache.coyote.http11.Http11NioProtocol.log:180 -Starting ProtocolHandler ["http-nio-8080"]
2019-08-18 20:59:30.532 INFO [main]org.apache.tomcat.util.net.NioSelectorPool.log:180 -Using a shared selector for servlet write/read
2019-08-18 20:59:30.563 INFO [main]o.s.boot.web.embedded.tomcat.TomcatWebServer.start:206 -Tomcat started on port(s): 8080 (http) with context path ''
2019-08-18 20:59:30.579 INFO [main]com.TestEverythingApplication.logStarted:59 -Started TestEverythingApplication in 28.954 seconds (JVM running for 34.247)
2019-08-18 20:59:55.206 INFO [http-nio-8080-exec-1]o.a.catalina.core.ContainerBase.[Tomcat].[localhost].[/].log:180 -Initializing Spring FrameworkServlet 'dispatcherServlet'
2019-08-18 20:59:55.207 INFO [http-nio-8080-exec-1]org.springframework.web.servlet.DispatcherServlet.initServletBean:494 -FrameworkServlet 'dispatcherServlet': initialization started
2019-08-18 20:59:55.255 INFO [http-nio-8080-exec-1]org.springframework.web.servlet.DispatcherServlet.initServletBean:509 -FrameworkServlet 'dispatcherServlet': initialization completed in 48 ms
2019-08-18 21:03:58.619 INFO [main]com.TestEverythingApplication.logStarting:50 -Starting TestEverythingApplication on Lin with PID 11556 (I:\javaworkspace\testeverything\target\classes started by Wyl in I:\javaworkspace\testeverything)
2019-08-18 21:03:58.635 INFO [main]com.TestEverythingApplication.logStartupProfileInfo:662 -No active profile set, falling back to default profiles: default
2019-08-18 21:04:00.336 INFO [main]o.s.b.w.s.c.AnnotationConfigServletWebServerApplicationContext.prepareRefresh:590 -Refreshing org.springframework.boot.web.servlet.context.AnnotationConfigServletWebServerApplicationContext@50de186c: startup date [Sun Aug 18 21:04:00 CST 2019]; root of context hierarchy
2019-08-18 21:04:03.963 INFO [main]o.s.d.repository.config.RepositoryConfigurationDelegate.multipleStoresDetected:163 -Multiple Spring Data modules found, entering strict repository configuration mode!
2019-08-18 21:04:05.891 INFO [main]o.s.c.s.PostProcessorRegistrationDelegate$BeanPostProcessorChecker.postProcessAfterInitialization:326 -Bean 'org.springframework.transaction.annotation.ProxyTransactionManagementConfiguration' of type [org.springframework.transaction.annotation.ProxyTransactionManagementConfiguration$$EnhancerBySpringCGLIB$$e7e713d5] is not eligible for getting processed by all BeanPostProcessors (for example: not eligible for auto-proxying)
2019-08-18 21:04:06.709 INFO [main]o.s.boot.web.embedded.tomcat.TomcatWebServer.initialize:91 -Tomcat initialized with port(s): 8080 (http)
2019-08-18 21:04:06.724 INFO [main]org.apache.coyote.http11.Http11NioProtocol.log:180 -Initializing ProtocolHandler ["http-nio-8080"]
2019-08-18 21:04:06.756 INFO [main]org.apache.catalina.core.StandardService.log:180 -Starting service [Tomcat]
2019-08-18 21:04:06.756 INFO [main]org.apache.catalina.core.StandardEngine.log:180 -Starting Servlet Engine: Apache Tomcat/8.5.32
2019-08-18 21:04:06.771 INFO [localhost-startStop-1]org.apache.catalina.core.AprLifecycleListener.log:180 -The APR based Apache Tomcat Native library which allows optimal performance in production environments was not found on the java.library.path: [C:\Program Files\Java\jdk1.8.0_25\bin;C:\WINDOWS\Sun\Java\bin;C:\WINDOWS\system32;C:\WINDOWS;C:\ProgramData\DockerDesktop\version-bin;C:\Program Files\Docker\Docker\Resources\bin;C:\Windows\system32;C:\Windows;C:\WINDOWS\system32;C:\WINDOWS;C:\WINDOWS\System32\Wbem;C:\Program Files (x86)\OpenVPN\bin;C:\Program Files\Git\cmd;C:\Program Files (x86)\OpenVPN\bin;.]
2019-08-18 21:04:07.210 INFO [localhost-startStop-1]o.a.catalina.core.ContainerBase.[Tomcat].[localhost].[/].log:180 -Initializing Spring embedded WebApplicationContext
2019-08-18 21:04:07.210 INFO [localhost-startStop-1]org.springframework.web.context.ContextLoader.prepareWebApplicationContext:285 -Root WebApplicationContext: initialization completed in 6874 ms
2019-08-18 21:04:07.380 INFO [localhost-startStop-1]o.s.boot.web.servlet.ServletRegistrationBean.addRegistration:187 -Servlet dispatcherServlet mapped to [/]
2019-08-18 21:04:07.395 INFO [localhost-startStop-1]o.s.boot.web.servlet.FilterRegistrationBean.configure:245 -Mapping filter: 'characterEncodingFilter' to: [/*]
2019-08-18 21:04:07.395 INFO [localhost-startStop-1]o.s.boot.web.servlet.FilterRegistrationBean.configure:245 -Mapping filter: 'hiddenHttpMethodFilter' to: [/*]
2019-08-18 21:04:07.395 INFO [localhost-startStop-1]o.s.boot.web.servlet.FilterRegistrationBean.configure:245 -Mapping filter: 'httpPutFormContentFilter' to: [/*]
2019-08-18 21:04:07.395 INFO [localhost-startStop-1]o.s.boot.web.servlet.FilterRegistrationBean.configure:245 -Mapping filter: 'requestContextFilter' to: [/*]
2019-08-18 21:04:13.560 INFO [main]com.wyl.rocketMQ.ProducerFactory.init:59 -producer连接成功。。。。
2019-08-18 21:04:17.059 INFO [main]com.wyl.rocketMQ.Consumers.init:46 -consumer连接成功。。。。
2019-08-18 21:04:18.309 INFO [main]o.s.web.servlet.handler.SimpleUrlHandlerMapping.registerHandler:373 -Mapped URL path [/**/favicon.ico] onto handler of type [class org.springframework.web.servlet.resource.ResourceHttpRequestHandler]
2019-08-18 21:04:18.849 INFO [main]o.s.w.s.m.method.annotation.RequestMappingHandlerAdapter.initControllerAdviceCache:574 -Looking for @ControllerAdvice: org.springframework.boot.web.servlet.context.AnnotationConfigServletWebServerApplicationContext@50de186c: startup date [Sun Aug 18 21:04:00 CST 2019]; root of context hierarchy
2019-08-18 21:04:18.864 INFO [main]o.s.w.s.m.method.annotation.RequestMappingHandlerAdapter.initControllerAdviceCache:610 -Detected ResponseBodyAdvice bean in fastJsonpResponseBodyAdvice
2019-08-18 21:04:19.012 INFO [main]o.s.w.s.m.method.annotation.RequestMappingHandlerMapping.register:547 -Mapped "{[/computer/],methods=[GET]}" onto public com.wyl.designpattern.abstractfactoryPattern.icomputer.Computer com.wyl.controller.designcontroller.abstractfactroy.AbstractFactroyTest.getComputer(java.lang.String)
2019-08-18 21:04:19.012 INFO [main]o.s.w.s.m.method.annotation.RequestMappingHandlerMapping.register:547 -Mapped "{[/getShape]}" onto public java.lang.String com.wyl.controller.designcontroller.fatory.FactoryPatternTest.getShape()
2019-08-18 21:04:19.012 INFO [main]o.s.w.s.m.method.annotation.RequestMappingHandlerMapping.register:547 -Mapped "{[/getSimpleShape]}" onto public java.lang.String com.wyl.controller.designcontroller.fatory.FactoryPatternTest.getSimpleShape()
2019-08-18 21:04:19.012 INFO [main]o.s.w.s.m.method.annotation.RequestMappingHandlerMapping.register:547 -Mapped "{[/sendMsg/{msg}],methods=[GET]}" onto public java.lang.String com.wyl.controller.designcontroller.observers.ObserverPattrnController.sendMsg(java.lang.String)
2019-08-18 21:04:19.012 INFO [main]o.s.w.s.m.method.annotation.RequestMappingHandlerMapping.register:547 -Mapped "{[/singleton/{type}],methods=[GET]}" onto public java.lang.Boolean com.wyl.controller.designcontroller.singletoncontroller.SingletonController.getSinggleton(java.lang.String)
2019-08-18 21:04:19.027 INFO [main]o.s.w.s.m.method.annotation.RequestMappingHandlerMapping.register:547 -Mapped "{[/activeMQ/sendMsg],methods=[GET]}" onto public void com.wyl.controller.springbootcontroller.ActiveMQController.sendMsg(java.lang.String)
2019-08-18 21:04:19.027 INFO [main]o.s.w.s.m.method.annotation.RequestMappingHandlerMapping.register:547 -Mapped "{[/activeMQ/sendTopicMsg],methods=[GET]}" onto public void com.wyl.controller.springbootcontroller.ActiveMQController.sendTopicMsg(java.lang.String)
2019-08-18 21:04:19.027 INFO [main]o.s.w.s.m.method.annotation.RequestMappingHandlerMapping.register:547 -Mapped "{[/rocket/sendMsg]}" onto public void com.wyl.controller.springbootcontroller.RocketMQController.sendSyncMsg(java.lang.String,java.lang.String,java.lang.String)
2019-08-18 21:04:19.027 INFO [main]o.s.w.s.m.method.annotation.RequestMappingHandlerMapping.register:547 -Mapped "{[/rocket/getMsg]}" onto public void com.wyl.controller.springbootcontroller.RocketMQController.getMsg(java.lang.String,java.lang.String)
2019-08-18 21:04:19.034 INFO [main]o.s.w.s.m.method.annotation.RequestMappingHandlerMapping.register:547 -Mapped "{[/error]}" onto public org.springframework.http.ResponseEntity<java.util.Map<java.lang.String, java.lang.Object>> org.springframework.boot.autoconfigure.web.servlet.error.BasicErrorController.error(javax.servlet.http.HttpServletRequest)
2019-08-18 21:04:19.034 INFO [main]o.s.w.s.m.method.annotation.RequestMappingHandlerMapping.register:547 -Mapped "{[/error],produces=[text/html]}" onto public org.springframework.web.servlet.ModelAndView org.springframework.boot.autoconfigure.web.servlet.error.BasicErrorController.errorHtml(javax.servlet.http.HttpServletRequest,javax.servlet.http.HttpServletResponse)
2019-08-18 21:04:19.181 INFO [main]o.s.web.servlet.handler.SimpleUrlHandlerMapping.registerHandler:373 -Mapped URL path [/webjars/**] onto handler of type [class org.springframework.web.servlet.resource.ResourceHttpRequestHandler]
2019-08-18 21:04:19.181 INFO [main]o.s.web.servlet.handler.SimpleUrlHandlerMapping.registerHandler:373 -Mapped URL path [/**] onto handler of type [class org.springframework.web.servlet.resource.ResourceHttpRequestHandler]
2019-08-18 21:04:19.237 INFO [main]o.s.w.s.m.m.annotation.ExceptionHandlerExceptionResolver.initExceptionHandlerAdviceCache:288 -Detected @ExceptionHandler methods in myExceptionHandler
2019-08-18 21:04:19.237 INFO [main]o.s.w.s.m.m.annotation.ExceptionHandlerExceptionResolver.initExceptionHandlerAdviceCache:294 -Detected ResponseBodyAdvice implementation in fastJsonpResponseBodyAdvice
2019-08-18 21:04:20.793 INFO [main]o.s.jmx.export.annotation.AnnotationMBeanExporter.afterSingletonsInstantiated:433 -Registering beans for JMX exposure on startup
2019-08-18 21:04:20.793 INFO [main]o.s.jmx.export.annotation.AnnotationMBeanExporter.autodetect:895 -Bean with name 'dataSource' has been autodetected for JMX exposure
2019-08-18 21:04:20.824 INFO [main]o.s.jmx.export.annotation.AnnotationMBeanExporter.registerBeanInstance:668 -Located MBean 'dataSource': registering with JMX server as MBean [com.alibaba.druid.pool:name=dataSource,type=DruidDataSource]
2019-08-18 21:04:20.824 INFO [main]o.s.context.support.DefaultLifecycleProcessor.start:351 -Starting beans in phase 2147483647
2019-08-18 21:04:22.676 INFO [main]o.s.s.annotation.ScheduledAnnotationBeanPostProcessor.finishRegistration:275 -No TaskScheduler/ScheduledExecutorService bean found for scheduled processing
2019-08-18 21:04:22.682 INFO [main]org.apache.coyote.http11.Http11NioProtocol.log:180 -Starting ProtocolHandler ["http-nio-8080"]
2019-08-18 21:04:22.682 INFO [main]org.apache.tomcat.util.net.NioSelectorPool.log:180 -Using a shared selector for servlet write/read
2019-08-18 21:04:22.729 INFO [main]o.s.boot.web.embedded.tomcat.TomcatWebServer.start:206 -Tomcat started on port(s): 8080 (http) with context path ''
2019-08-18 21:04:22.729 INFO [main]com.TestEverythingApplication.logStarted:59 -Started TestEverythingApplication in 25.485 seconds (JVM running for 30.556)
2019-08-18 21:05:54.845 INFO [http-nio-8080-exec-1]o.a.catalina.core.ContainerBase.[Tomcat].[localhost].[/].log:180 -Initializing Spring FrameworkServlet 'dispatcherServlet'
2019-08-18 21:05:54.846 INFO [http-nio-8080-exec-1]org.springframework.web.servlet.DispatcherServlet.initServletBean:494 -FrameworkServlet 'dispatcherServlet': initialization started
2019-08-18 21:05:54.945 INFO [http-nio-8080-exec-1]org.springframework.web.servlet.DispatcherServlet.initServletBean:509 -FrameworkServlet 'dispatcherServlet': initialization completed in 99 ms
2019-08-18 21:06:50.701 INFO [Thread-47]o.s.b.w.s.c.AnnotationConfigServletWebServerApplicationContext.doClose:993 -Closing org.springframework.boot.web.servlet.context.AnnotationConfigServletWebServerApplicationContext@50de186c: startup date [Sun Aug 18 21:04:00 CST 2019]; root of context hierarchy
2019-08-18 21:06:50.701 INFO [Thread-47]o.s.context.support.DefaultLifecycleProcessor.stop:366 -Stopping beans in phase 2147483647
2019-08-18 21:07:04.544 INFO [main]com.TestEverythingApplication.logStarting:50 -Starting TestEverythingApplication on Lin with PID 7400 (I:\javaworkspace\testeverything\target\classes started by Wyl in I:\javaworkspace\testeverything)
2019-08-18 21:07:04.544 INFO [main]com.TestEverythingApplication.logStartupProfileInfo:662 -No active profile set, falling back to default profiles: default
2019-08-18 21:07:04.760 INFO [main]o.s.b.w.s.c.AnnotationConfigServletWebServerApplicationContext.prepareRefresh:590 -Refreshing org.springframework.boot.web.servlet.context.AnnotationConfigServletWebServerApplicationContext@1e81f160: startup date [Sun Aug 18 21:07:04 CST 2019]; root of context hierarchy
2019-08-18 21:07:08.240 INFO [main]o.s.d.repository.config.RepositoryConfigurationDelegate.multipleStoresDetected:163 -Multiple Spring Data modules found, entering strict repository configuration mode!
2019-08-18 21:07:10.115 INFO [main]o.s.c.s.PostProcessorRegistrationDelegate$BeanPostProcessorChecker.postProcessAfterInitialization:326 -Bean 'org.springframework.transaction.annotation.ProxyTransactionManagementConfiguration' of type [org.springframework.transaction.annotation.ProxyTransactionManagementConfiguration$$EnhancerBySpringCGLIB$$a7d1e62e] is not eligible for getting processed by all BeanPostProcessors (for example: not eligible for auto-proxying)
2019-08-18 21:07:10.948 INFO [main]o.s.boot.web.embedded.tomcat.TomcatWebServer.initialize:91 -Tomcat initialized with port(s): 8080 (http)
2019-08-18 21:07:10.980 INFO [main]org.apache.coyote.http11.Http11NioProtocol.log:180 -Initializing ProtocolHandler ["http-nio-8080"]
2019-08-18 21:07:11.017 INFO [main]org.apache.catalina.core.StandardService.log:180 -Starting service [Tomcat]
2019-08-18 21:07:11.017 INFO [main]org.apache.catalina.core.StandardEngine.log:180 -Starting Servlet Engine: Apache Tomcat/8.5.32
2019-08-18 21:07:11.017 INFO [localhost-startStop-1]org.apache.catalina.core.AprLifecycleListener.log:180 -The APR based Apache Tomcat Native library which allows optimal performance in production environments was not found on the java.library.path: [C:\Program Files\Java\jdk1.8.0_25\bin;C:\WINDOWS\Sun\Java\bin;C:\WINDOWS\system32;C:\WINDOWS;C:\ProgramData\DockerDesktop\version-bin;C:\Program Files\Docker\Docker\Resources\bin;C:\Windows\system32;C:\Windows;C:\WINDOWS\system32;C:\WINDOWS;C:\WINDOWS\System32\Wbem;C:\Program Files (x86)\OpenVPN\bin;C:\Program Files\Git\cmd;C:\Program Files (x86)\OpenVPN\bin;.]
2019-08-18 21:07:11.280 INFO [localhost-startStop-1]o.a.catalina.core.ContainerBase.[Tomcat].[localhost].[/].log:180 -Initializing Spring embedded WebApplicationContext
2019-08-18 21:07:11.280 INFO [localhost-startStop-1]org.springframework.web.context.ContextLoader.prepareWebApplicationContext:285 -Root WebApplicationContext: initialization completed in 6520 ms
2019-08-18 21:07:11.481 INFO [localhost-startStop-1]o.s.boot.web.servlet.ServletRegistrationBean.addRegistration:187 -Servlet dispatcherServlet mapped to [/]
2019-08-18 21:07:11.481 INFO [localhost-startStop-1]o.s.boot.web.servlet.FilterRegistrationBean.configure:245 -Mapping filter: 'characterEncodingFilter' to: [/*]
2019-08-18 21:07:11.497 INFO [localhost-startStop-1]o.s.boot.web.servlet.FilterRegistrationBean.configure:245 -Mapping filter: 'hiddenHttpMethodFilter' to: [/*]
2019-08-18 21:07:11.497 INFO [localhost-startStop-1]o.s.boot.web.servlet.FilterRegistrationBean.configure:245 -Mapping filter: 'httpPutFormContentFilter' to: [/*]
2019-08-18 21:07:11.497 INFO [localhost-startStop-1]o.s.boot.web.servlet.FilterRegistrationBean.configure:245 -Mapping filter: 'requestContextFilter' to: [/*]
2019-08-18 21:07:17.753 INFO [main]com.wyl.rocketMQ.ProducerFactory.init:59 -producer连接成功。。。。
2019-08-18 21:07:21.362 INFO [main]com.wyl.rocketMQ.Consumers.init:46 -consumer连接成功。。。。
2019-08-18 21:07:22.612 INFO [main]o.s.web.servlet.handler.SimpleUrlHandlerMapping.registerHandler:373 -Mapped URL path [/**/favicon.ico] onto handler of type [class org.springframework.web.servlet.resource.ResourceHttpRequestHandler]
2019-08-18 21:07:23.136 INFO [main]o.s.w.s.m.method.annotation.RequestMappingHandlerAdapter.initControllerAdviceCache:574 -Looking for @ControllerAdvice: org.springframework.boot.web.servlet.context.AnnotationConfigServletWebServerApplicationContext@1e81f160: startup date [Sun Aug 18 21:07:04 CST 2019]; root of context hierarchy
2019-08-18 21:07:23.152 INFO [main]o.s.w.s.m.method.annotation.RequestMappingHandlerAdapter.initControllerAdviceCache:610 -Detected ResponseBodyAdvice bean in fastJsonpResponseBodyAdvice
2019-08-18 21:07:23.268 INFO [main]o.s.w.s.m.method.annotation.RequestMappingHandlerMapping.register:547 -Mapped "{[/computer/],methods=[GET]}" onto public com.wyl.designpattern.abstractfactoryPattern.icomputer.Computer com.wyl.controller.designcontroller.abstractfactroy.AbstractFactroyTest.getComputer(java.lang.String)
2019-08-18 21:07:23.268 INFO [main]o.s.w.s.m.method.annotation.RequestMappingHandlerMapping.register:547 -Mapped "{[/getShape]}" onto public java.lang.String com.wyl.controller.designcontroller.fatory.FactoryPatternTest.getShape()
2019-08-18 21:07:23.268 INFO [main]o.s.w.s.m.method.annotation.RequestMappingHandlerMapping.register:547 -Mapped "{[/getSimpleShape]}" onto public java.lang.String com.wyl.controller.designcontroller.fatory.FactoryPatternTest.getSimpleShape()
2019-08-18 21:07:23.268 INFO [main]o.s.w.s.m.method.annotation.RequestMappingHandlerMapping.register:547 -Mapped "{[/sendMsg/{msg}],methods=[GET]}" onto public java.lang.String com.wyl.controller.designcontroller.observers.ObserverPattrnController.sendMsg(java.lang.String)
2019-08-18 21:07:23.268 INFO [main]o.s.w.s.m.method.annotation.RequestMappingHandlerMapping.register:547 -Mapped "{[/singleton/{type}],methods=[GET]}" onto public java.lang.Boolean com.wyl.controller.designcontroller.singletoncontroller.SingletonController.getSinggleton(java.lang.String)
2019-08-18 21:07:23.283 INFO [main]o.s.w.s.m.method.annotation.RequestMappingHandlerMapping.register:547 -Mapped "{[/activeMQ/sendMsg],methods=[GET]}" onto public void com.wyl.controller.springbootcontroller.ActiveMQController.sendMsg(java.lang.String)
2019-08-18 21:07:23.283 INFO [main]o.s.w.s.m.method.annotation.RequestMappingHandlerMapping.register:547 -Mapped "{[/activeMQ/sendTopicMsg],methods=[GET]}" onto public void com.wyl.controller.springbootcontroller.ActiveMQController.sendTopicMsg(java.lang.String)
2019-08-18 21:07:23.283 INFO [main]o.s.w.s.m.method.annotation.RequestMappingHandlerMapping.register:547 -Mapped "{[/rocket/sendMsg]}" onto public void com.wyl.controller.springbootcontroller.RocketMQController.sendSyncMsg(java.lang.String,java.lang.String,java.lang.String)
2019-08-18 21:07:23.283 INFO [main]o.s.w.s.m.method.annotation.RequestMappingHandlerMapping.register:547 -Mapped "{[/rocket/getMsg]}" onto public void com.wyl.controller.springbootcontroller.RocketMQController.getMsg(java.lang.String,java.lang.String)
2019-08-18 21:07:23.283 INFO [main]o.s.w.s.m.method.annotation.RequestMappingHandlerMapping.register:547 -Mapped "{[/error]}" onto public org.springframework.http.ResponseEntity<java.util.Map<java.lang.String, java.lang.Object>> org.springframework.boot.autoconfigure.web.servlet.error.BasicErrorController.error(javax.servlet.http.HttpServletRequest)
2019-08-18 21:07:23.283 INFO [main]o.s.w.s.m.method.annotation.RequestMappingHandlerMapping.register:547 -Mapped "{[/error],produces=[text/html]}" onto public org.springframework.web.servlet.ModelAndView org.springframework.boot.autoconfigure.web.servlet.error.BasicErrorController.errorHtml(javax.servlet.http.HttpServletRequest,javax.servlet.http.HttpServletResponse)
2019-08-18 21:07:23.368 INFO [main]o.s.web.servlet.handler.SimpleUrlHandlerMapping.registerHandler:373 -Mapped URL path [/webjars/**] onto handler of type [class org.springframework.web.servlet.resource.ResourceHttpRequestHandler]
2019-08-18 21:07:23.368 INFO [main]o.s.web.servlet.handler.SimpleUrlHandlerMapping.registerHandler:373 -Mapped URL path [/**] onto handler of type [class org.springframework.web.servlet.resource.ResourceHttpRequestHandler]
2019-08-18 21:07:23.399 INFO [main]o.s.w.s.m.m.annotation.ExceptionHandlerExceptionResolver.initExceptionHandlerAdviceCache:288 -Detected @ExceptionHandler methods in myExceptionHandler
2019-08-18 21:07:23.399 INFO [main]o.s.w.s.m.m.annotation.ExceptionHandlerExceptionResolver.initExceptionHandlerAdviceCache:294 -Detected ResponseBodyAdvice implementation in fastJsonpResponseBodyAdvice
2019-08-18 21:07:24.456 INFO [main]o.s.jmx.export.annotation.AnnotationMBeanExporter.afterSingletonsInstantiated:433 -Registering beans for JMX exposure on startup
2019-08-18 21:07:24.471 INFO [main]o.s.jmx.export.annotation.AnnotationMBeanExporter.autodetect:895 -Bean with name 'dataSource' has been autodetected for JMX exposure
2019-08-18 21:07:24.471 INFO [main]o.s.jmx.export.annotation.AnnotationMBeanExporter.registerBeanInstance:668 -Located MBean 'dataSource': registering with JMX server as MBean [com.alibaba.druid.pool:name=dataSource,type=DruidDataSource]
2019-08-18 21:07:24.487 INFO [main]o.s.context.support.DefaultLifecycleProcessor.start:351 -Starting beans in phase 2147483647
2019-08-18 21:07:26.192 INFO [main]o.s.s.annotation.ScheduledAnnotationBeanPostProcessor.finishRegistration:275 -No TaskScheduler/ScheduledExecutorService bean found for scheduled processing
2019-08-18 21:07:26.208 INFO [main]org.apache.coyote.http11.Http11NioProtocol.log:180 -Starting ProtocolHandler ["http-nio-8080"]
2019-08-18 21:07:26.208 INFO [main]org.apache.tomcat.util.net.NioSelectorPool.log:180 -Using a shared selector for servlet write/read
2019-08-18 21:07:26.246 INFO [main]o.s.boot.web.embedded.tomcat.TomcatWebServer.start:206 -Tomcat started on port(s): 8080 (http) with context path ''
2019-08-18 21:07:26.246 INFO [main]com.TestEverythingApplication.logStarted:59 -Started TestEverythingApplication in 24.863 seconds (JVM running for 28.646)
2019-08-18 21:10:38.155 INFO [http-nio-8080-exec-1]o.a.catalina.core.ContainerBase.[Tomcat].[localhost].[/].log:180 -Initializing Spring FrameworkServlet 'dispatcherServlet'
2019-08-18 21:10:38.156 INFO [http-nio-8080-exec-1]org.springframework.web.servlet.DispatcherServlet.initServletBean:494 -FrameworkServlet 'dispatcherServlet': initialization started
2019-08-18 21:10:38.216 INFO [http-nio-8080-exec-1]org.springframework.web.servlet.DispatcherServlet.initServletBean:509 -FrameworkServlet 'dispatcherServlet': initialization completed in 60 ms
2019-08-18 21:11:00.164 INFO [Thread-51]o.s.b.w.s.c.AnnotationConfigServletWebServerApplicationContext.doClose:993 -Closing org.springframework.boot.web.servlet.context.AnnotationConfigServletWebServerApplicationContext@1e81f160: startup date [Sun Aug 18 21:07:04 CST 2019]; root of context hierarchy
2019-08-18 21:11:00.164 INFO [Thread-51]o.s.context.support.DefaultLifecycleProcessor.stop:366 -Stopping beans in phase 2147483647
2019-08-18 21:11:10.739 INFO [main]com.TestEverythingApplication.logStarting:50 -Starting TestEverythingApplication on Lin with PID 12588 (I:\javaworkspace\testeverything\target\classes started by Wyl in I:\javaworkspace\testeverything)
2019-08-18 21:11:10.760 INFO [main]com.TestEverythingApplication.logStartupProfileInfo:662 -No active profile set, falling back to default profiles: default
2019-08-18 21:11:10.932 INFO [main]o.s.b.w.s.c.AnnotationConfigServletWebServerApplicationContext.prepareRefresh:590 -Refreshing org.springframework.boot.web.servlet.context.AnnotationConfigServletWebServerApplicationContext@7922d892: startup date [Sun Aug 18 21:11:10 CST 2019]; root of context hierarchy
2019-08-18 21:11:14.836 INFO [main]o.s.d.repository.config.RepositoryConfigurationDelegate.multipleStoresDetected:163 -Multiple Spring Data modules found, entering strict repository configuration mode!
2019-08-18 21:11:16.626 INFO [main]o.s.c.s.PostProcessorRegistrationDelegate$BeanPostProcessorChecker.postProcessAfterInitialization:326 -Bean 'org.springframework.transaction.annotation.ProxyTransactionManagementConfiguration' of type [org.springframework.transaction.annotation.ProxyTransactionManagementConfiguration$$EnhancerBySpringCGLIB$$2e28ecd5] is not eligible for getting processed by all BeanPostProcessors (for example: not eligible for auto-proxying)
2019-08-18 21:11:16.811 WARN [main]o.s.b.w.s.c.AnnotationConfigServletWebServerApplicationContext.refresh:558 -Exception encountered during context initialization - cancelling refresh attempt: org.springframework.beans.factory.BeanCreationException: Error creating bean with name 'projectingArgumentResolverBeanPostProcessor' defined in class path resource [org/springframework/data/web/config/ProjectingArgumentResolverRegistrar.class]: BeanPostProcessor before instantiation of bean failed; nested exception is org.springframework.beans.factory.BeanCreationException: Error creating bean with name 'org.springframework.transaction.annotation.ProxyTransactionManagementConfiguration': Initialization of bean failed; nested exception is java.lang.IllegalArgumentException: error at ::0 can't find referenced pointcut argnames
2019-08-18 21:11:16.826 INFO [main]o.s.b.a.logging.ConditionEvaluationReportLoggingListener.logAutoConfigurationReport:101 -

Error starting ApplicationContext. To display the conditions report re-run your application with 'debug' enabled.
2019-08-18 21:11:35.547 INFO [main]com.TestEverythingApplication.logStarting:50 -Starting TestEverythingApplication on Lin with PID 4384 (I:\javaworkspace\testeverything\target\classes started by Wyl in I:\javaworkspace\testeverything)
2019-08-18 21:11:35.554 INFO [main]com.TestEverythingApplication.logStartupProfileInfo:662 -No active profile set, falling back to default profiles: default
2019-08-18 21:11:35.755 INFO [main]o.s.b.w.s.c.AnnotationConfigServletWebServerApplicationContext.prepareRefresh:590 -Refreshing org.springframework.boot.web.servlet.context.AnnotationConfigServletWebServerApplicationContext@20c0a64d: startup date [Sun Aug 18 21:11:35 CST 2019]; root of context hierarchy
2019-08-18 21:11:39.065 INFO [main]o.s.d.repository.config.RepositoryConfigurationDelegate.multipleStoresDetected:163 -Multiple Spring Data modules found, entering strict repository configuration mode!
2019-08-18 21:11:40.802 INFO [main]o.s.c.s.PostProcessorRegistrationDelegate$BeanPostProcessorChecker.postProcessAfterInitialization:326 -Bean 'org.springframework.transaction.annotation.ProxyTransactionManagementConfiguration' of type [org.springframework.transaction.annotation.ProxyTransactionManagementConfiguration$$EnhancerBySpringCGLIB$$b9bc702c] is not eligible for getting processed by all BeanPostProcessors (for example: not eligible for auto-proxying)
2019-08-18 21:11:40.918 WARN [main]o.s.b.w.s.c.AnnotationConfigServletWebServerApplicationContext.refresh:558 -Exception encountered during context initialization - cancelling refresh attempt: org.springframework.beans.factory.BeanCreationException: Error creating bean with name 'projectingArgumentResolverBeanPostProcessor' defined in class path resource [org/springframework/data/web/config/ProjectingArgumentResolverRegistrar.class]: BeanPostProcessor before instantiation of bean failed; nested exception is org.springframework.beans.factory.BeanCreationException: Error creating bean with name 'org.springframework.transaction.annotation.ProxyTransactionManagementConfiguration': Initialization of bean failed; nested exception is java.lang.IllegalArgumentException: error at ::0 can't find referenced pointcut argnames
2019-08-18 21:11:40.933 INFO [main]o.s.b.a.logging.ConditionEvaluationReportLoggingListener.logAutoConfigurationReport:101 -

Error starting ApplicationContext. To display the conditions report re-run your application with 'debug' enabled.
2019-08-18 21:12:25.668 INFO [main]com.TestEverythingApplication.logStarting:50 -Starting TestEverythingApplication on Lin with PID 9804 (I:\javaworkspace\testeverything\target\classes started by Wyl in I:\javaworkspace\testeverything)
2019-08-18 21:12:25.689 INFO [main]com.TestEverythingApplication.logStartupProfileInfo:662 -No active profile set, falling back to default profiles: default
2019-08-18 21:12:25.882 INFO [main]o.s.b.w.s.c.AnnotationConfigServletWebServerApplicationContext.prepareRefresh:590 -Refreshing org.springframework.boot.web.servlet.context.AnnotationConfigServletWebServerApplicationContext@7164ca4c: startup date [Sun Aug 18 21:12:25 CST 2019]; root of context hierarchy
2019-08-18 21:12:30.135 INFO [main]o.s.d.repository.config.RepositoryConfigurationDelegate.multipleStoresDetected:163 -Multiple Spring Data modules found, entering strict repository configuration mode!
2019-08-18 21:12:33.783 INFO [main]o.s.c.s.PostProcessorRegistrationDelegate$BeanPostProcessorChecker.postProcessAfterInitialization:326 -Bean 'org.springframework.transaction.annotation.ProxyTransactionManagementConfiguration' of type [org.springframework.transaction.annotation.ProxyTransactionManagementConfiguration$$EnhancerBySpringCGLIB$$8ec564b7] is not eligible for getting processed by all BeanPostProcessors (for example: not eligible for auto-proxying)
2019-08-18 21:12:35.913 INFO [main]o.s.boot.web.embedded.tomcat.TomcatWebServer.initialize:91 -Tomcat initialized with port(s): 8080 (http)
2019-08-18 21:12:35.951 INFO [main]org.apache.coyote.http11.Http11NioProtocol.log:180 -Initializing ProtocolHandler ["http-nio-8080"]
2019-08-18 21:12:35.982 INFO [main]org.apache.catalina.core.StandardService.log:180 -Starting service [Tomcat]
2019-08-18 21:12:35.997 INFO [main]org.apache.catalina.core.StandardEngine.log:180 -Starting Servlet Engine: Apache Tomcat/8.5.32
2019-08-18 21:12:36.035 INFO [localhost-startStop-1]org.apache.catalina.core.AprLifecycleListener.log:180 -The APR based Apache Tomcat Native library which allows optimal performance in production environments was not found on the java.library.path: [C:\Program Files\Java\jdk1.8.0_25\bin;C:\WINDOWS\Sun\Java\bin;C:\WINDOWS\system32;C:\WINDOWS;C:\ProgramData\DockerDesktop\version-bin;C:\Program Files\Docker\Docker\Resources\bin;C:\Windows\system32;C:\Windows;C:\WINDOWS\system32;C:\WINDOWS;C:\WINDOWS\System32\Wbem;C:\Program Files (x86)\OpenVPN\bin;C:\Program Files\Git\cmd;C:\Program Files (x86)\OpenVPN\bin;.]
2019-08-18 21:12:36.400 INFO [localhost-startStop-1]o.a.catalina.core.ContainerBase.[Tomcat].[localhost].[/].log:180 -Initializing Spring embedded WebApplicationContext
2019-08-18 21:12:36.400 INFO [localhost-startStop-1]org.springframework.web.context.ContextLoader.prepareWebApplicationContext:285 -Root WebApplicationContext: initialization completed in 10518 ms
2019-08-18 21:12:36.638 INFO [localhost-startStop-1]o.s.boot.web.servlet.ServletRegistrationBean.addRegistration:187 -Servlet dispatcherServlet mapped to [/]
2019-08-18 21:12:36.654 INFO [localhost-startStop-1]o.s.boot.web.servlet.FilterRegistrationBean.configure:245 -Mapping filter: 'characterEncodingFilter' to: [/*]
2019-08-18 21:12:36.669 INFO [localhost-startStop-1]o.s.boot.web.servlet.FilterRegistrationBean.configure:245 -Mapping filter: 'hiddenHttpMethodFilter' to: [/*]
2019-08-18 21:12:36.669 INFO [localhost-startStop-1]o.s.boot.web.servlet.FilterRegistrationBean.configure:245 -Mapping filter: 'httpPutFormContentFilter' to: [/*]
2019-08-18 21:12:36.669 INFO [localhost-startStop-1]o.s.boot.web.servlet.FilterRegistrationBean.configure:245 -Mapping filter: 'requestContextFilter' to: [/*]
2019-08-18 21:12:43.104 INFO [main]com.wyl.rocketMQ.ProducerFactory.init:59 -producer连接成功。。。。
2019-08-18 21:12:46.901 INFO [main]com.wyl.rocketMQ.Consumers.init:46 -consumer连接成功。。。。
2019-08-18 21:12:48.422 INFO [main]o.s.web.servlet.handler.SimpleUrlHandlerMapping.registerHandler:373 -Mapped URL path [/**/favicon.ico] onto handler of type [class org.springframework.web.servlet.resource.ResourceHttpRequestHandler]
2019-08-18 21:12:49.008 INFO [main]o.s.w.s.m.method.annotation.RequestMappingHandlerAdapter.initControllerAdviceCache:574 -Looking for @ControllerAdvice: org.springframework.boot.web.servlet.context.AnnotationConfigServletWebServerApplicationContext@7164ca4c: startup date [Sun Aug 18 21:12:25 CST 2019]; root of context hierarchy
2019-08-18 21:12:49.008 INFO [main]o.s.w.s.m.method.annotation.RequestMappingHandlerAdapter.initControllerAdviceCache:610 -Detected ResponseBodyAdvice bean in fastJsonpResponseBodyAdvice
2019-08-18 21:12:49.124 INFO [main]o.s.w.s.m.method.annotation.RequestMappingHandlerMapping.register:547 -Mapped "{[/computer/],methods=[GET]}" onto public com.wyl.designpattern.abstractfactoryPattern.icomputer.Computer com.wyl.controller.designcontroller.abstractfactroy.AbstractFactroyTest.getComputer(java.lang.String)
2019-08-18 21:12:49.124 INFO [main]o.s.w.s.m.method.annotation.RequestMappingHandlerMapping.register:547 -Mapped "{[/getShape]}" onto public java.lang.String com.wyl.controller.designcontroller.fatory.FactoryPatternTest.getShape()
2019-08-18 21:12:49.124 INFO [main]o.s.w.s.m.method.annotation.RequestMappingHandlerMapping.register:547 -Mapped "{[/getSimpleShape]}" onto public java.lang.String com.wyl.controller.designcontroller.fatory.FactoryPatternTest.getSimpleShape()
2019-08-18 21:12:49.124 INFO [main]o.s.w.s.m.method.annotation.RequestMappingHandlerMapping.register:547 -Mapped "{[/sendMsg/{msg}],methods=[GET]}" onto public java.lang.String com.wyl.controller.designcontroller.observers.ObserverPattrnController.sendMsg(java.lang.String)
2019-08-18 21:12:49.140 INFO [main]o.s.w.s.m.method.annotation.RequestMappingHandlerMapping.register:547 -Mapped "{[/singleton/{type}],methods=[GET]}" onto public java.lang.Boolean com.wyl.controller.designcontroller.singletoncontroller.SingletonController.getSinggleton(java.lang.String)
2019-08-18 21:12:49.140 INFO [main]o.s.w.s.m.method.annotation.RequestMappingHandlerMapping.register:547 -Mapped "{[/activeMQ/sendMsg],methods=[GET]}" onto public void com.wyl.controller.springbootcontroller.ActiveMQController.sendMsg(java.lang.String)
2019-08-18 21:12:49.140 INFO [main]o.s.w.s.m.method.annotation.RequestMappingHandlerMapping.register:547 -Mapped "{[/activeMQ/sendTopicMsg],methods=[GET]}" onto public void com.wyl.controller.springbootcontroller.ActiveMQController.sendTopicMsg(java.lang.String)
2019-08-18 21:12:49.140 INFO [main]o.s.w.s.m.method.annotation.RequestMappingHandlerMapping.register:547 -Mapped "{[/rocket/sendMsg]}" onto public void com.wyl.controller.springbootcontroller.RocketMQController.sendSyncMsg(java.lang.String,java.lang.String,java.lang.String)
2019-08-18 21:12:49.140 INFO [main]o.s.w.s.m.method.annotation.RequestMappingHandlerMapping.register:547 -Mapped "{[/rocket/getMsg]}" onto public void com.wyl.controller.springbootcontroller.RocketMQController.getMsg(java.lang.String,java.lang.String)
2019-08-18 21:12:49.140 INFO [main]o.s.w.s.m.method.annotation.RequestMappingHandlerMapping.register:547 -Mapped "{[/error]}" onto public org.springframework.http.ResponseEntity<java.util.Map<java.lang.String, java.lang.Object>> org.springframework.boot.autoconfigure.web.servlet.error.BasicErrorController.error(javax.servlet.http.HttpServletRequest)
2019-08-18 21:12:49.140 INFO [main]o.s.w.s.m.method.annotation.RequestMappingHandlerMapping.register:547 -Mapped "{[/error],produces=[text/html]}" onto public org.springframework.web.servlet.ModelAndView org.springframework.boot.autoconfigure.web.servlet.error.BasicErrorController.errorHtml(javax.servlet.http.HttpServletRequest,javax.servlet.http.HttpServletResponse)
2019-08-18 21:12:49.240 INFO [main]o.s.web.servlet.handler.SimpleUrlHandlerMapping.registerHandler:373 -Mapped URL path [/webjars/**] onto handler of type [class org.springframework.web.servlet.resource.ResourceHttpRequestHandler]
2019-08-18 21:12:49.240 INFO [main]o.s.web.servlet.handler.SimpleUrlHandlerMapping.registerHandler:373 -Mapped URL path [/**] onto handler of type [class org.springframework.web.servlet.resource.ResourceHttpRequestHandler]
2019-08-18 21:12:49.278 INFO [main]o.s.w.s.m.m.annotation.ExceptionHandlerExceptionResolver.initExceptionHandlerAdviceCache:288 -Detected @ExceptionHandler methods in myExceptionHandler
2019-08-18 21:12:49.278 INFO [main]o.s.w.s.m.m.annotation.ExceptionHandlerExceptionResolver.initExceptionHandlerAdviceCache:294 -Detected ResponseBodyAdvice implementation in fastJsonpResponseBodyAdvice
2019-08-18 21:12:50.343 INFO [main]o.s.jmx.export.annotation.AnnotationMBeanExporter.afterSingletonsInstantiated:433 -Registering beans for JMX exposure on startup
2019-08-18 21:12:50.343 INFO [main]o.s.jmx.export.annotation.AnnotationMBeanExporter.autodetect:895 -Bean with name 'dataSource' has been autodetected for JMX exposure
2019-08-18 21:12:50.365 INFO [main]o.s.jmx.export.annotation.AnnotationMBeanExporter.registerBeanInstance:668 -Located MBean 'dataSource': registering with JMX server as MBean [com.alibaba.druid.pool:name=dataSource,type=DruidDataSource]
2019-08-18 21:12:50.381 INFO [main]o.s.context.support.DefaultLifecycleProcessor.start:351 -Starting beans in phase 2147483647
2019-08-18 21:12:52.188 INFO [main]o.s.s.annotation.ScheduledAnnotationBeanPostProcessor.finishRegistration:275 -No TaskScheduler/ScheduledExecutorService bean found for scheduled processing
2019-08-18 21:12:52.204 INFO [main]org.apache.coyote.http11.Http11NioProtocol.log:180 -Starting ProtocolHandler ["http-nio-8080"]
2019-08-18 21:12:52.204 INFO [main]org.apache.tomcat.util.net.NioSelectorPool.log:180 -Using a shared selector for servlet write/read
2019-08-18 21:12:52.235 INFO [main]o.s.boot.web.embedded.tomcat.TomcatWebServer.start:206 -Tomcat started on port(s): 8080 (http) with context path ''
2019-08-18 21:12:52.250 INFO [main]com.TestEverythingApplication.logStarted:59 -Started TestEverythingApplication in 28.27 seconds (JVM running for 31.818)
2019-08-18 21:13:36.852 INFO [http-nio-8080-exec-2]o.a.catalina.core.ContainerBase.[Tomcat].[localhost].[/].log:180 -Initializing Spring FrameworkServlet 'dispatcherServlet'
2019-08-18 21:13:36.852 INFO [http-nio-8080-exec-2]org.springframework.web.servlet.DispatcherServlet.initServletBean:494 -FrameworkServlet 'dispatcherServlet': initialization started
2019-08-18 21:13:36.954 INFO [http-nio-8080-exec-2]org.springframework.web.servlet.DispatcherServlet.initServletBean:509 -FrameworkServlet 'dispatcherServlet': initialization completed in 100 ms
2019-08-18 21:14:29.482 INFO [Thread-47]o.s.b.w.s.c.AnnotationConfigServletWebServerApplicationContext.doClose:993 -Closing org.springframework.boot.web.servlet.context.AnnotationConfigServletWebServerApplicationContext@7164ca4c: startup date [Sun Aug 18 21:12:25 CST 2019]; root of context hierarchy
2019-08-18 21:14:29.482 INFO [Thread-47]o.s.context.support.DefaultLifecycleProcessor.stop:366 -Stopping beans in phase 2147483647
2019-08-18 21:14:42.995 INFO [main]com.TestEverythingApplication.logStarting:50 -Starting TestEverythingApplication on Lin with PID 11572 (I:\javaworkspace\testeverything\target\classes started by Wyl in I:\javaworkspace\testeverything)
2019-08-18 21:14:43.010 INFO [main]com.TestEverythingApplication.logStartupProfileInfo:662 -No active profile set, falling back to default profiles: default
2019-08-18 21:14:43.242 INFO [main]o.s.b.w.s.c.AnnotationConfigServletWebServerApplicationContext.prepareRefresh:590 -Refreshing org.springframework.boot.web.servlet.context.AnnotationConfigServletWebServerApplicationContext@1e8b7643: startup date [Sun Aug 18 21:14:43 CST 2019]; root of context hierarchy
2019-08-18 21:14:46.637 INFO [main]o.s.d.repository.config.RepositoryConfigurationDelegate.multipleStoresDetected:163 -Multiple Spring Data modules found, entering strict repository configuration mode!
2019-08-18 21:14:48.512 INFO [main]o.s.c.s.PostProcessorRegistrationDelegate$BeanPostProcessorChecker.postProcessAfterInitialization:326 -Bean 'org.springframework.transaction.annotation.ProxyTransactionManagementConfiguration' of type [org.springframework.transaction.annotation.ProxyTransactionManagementConfiguration$$EnhancerBySpringCGLIB$$64188e2b] is not eligible for getting processed by all BeanPostProcessors (for example: not eligible for auto-proxying)
2019-08-18 21:14:49.029 WARN [main]o.s.b.w.s.c.AnnotationConfigServletWebServerApplicationContext.refresh:558 -Exception encountered during context initialization - cancelling refresh attempt: org.springframework.context.ApplicationContextException: Unable to start web server; nested exception is org.springframework.beans.factory.BeanCreationException: Error creating bean with name 'tomcatServletWebServerFactory' defined in class path resource [org/springframework/boot/autoconfigure/web/servlet/ServletWebServerFactoryConfiguration$EmbeddedTomcat.class]: Initialization of bean failed; nested exception is org.springframework.beans.factory.UnsatisfiedDependencyException: Error creating bean with name 'servletWebServerFactoryCustomizer' defined in class path resource [org/springframework/boot/autoconfigure/web/servlet/ServletWebServerFactoryAutoConfiguration.class]: Unsatisfied dependency expressed through method 'servletWebServerFactoryCustomizer' parameter 0; nested exception is org.springframework.boot.context.properties.ConfigurationPropertiesBindException: Error creating bean with name 'server-org.springframework.boot.autoconfigure.web.ServerProperties': Could not bind properties to 'ServerProperties' : prefix=server, ignoreInvalidFields=false, ignoreUnknownFields=true; nested exception is org.springframework.beans.factory.BeanCreationException: Error creating bean with name 'org.springframework.boot.context.properties.ConversionServiceDeducer$Factory': Initialization of bean failed; nested exception is org.springframework.aop.framework.AopConfigException: Could not generate CGLIB subclass of class org.springframework.boot.context.properties.ConversionServiceDeducer$Factory: Common causes of this problem include using a final class or a non-visible class; nested exception is java.lang.IllegalArgumentException: No visible constructors in class org.springframework.boot.context.properties.ConversionServiceDeducer$Factory
2019-08-18 21:14:49.045 INFO [main]o.s.b.a.logging.ConditionEvaluationReportLoggingListener.logAutoConfigurationReport:101 -

Error starting ApplicationContext. To display the conditions report re-run your application with 'debug' enabled.
2019-08-18 21:36:36.424 INFO [main]com.TestEverythingApplication.logStarting:50 -Starting TestEverythingApplication on Lin with PID 11080 (I:\javaworkspace\testeverything\target\classes started by Wyl in I:\javaworkspace\testeverything)
2019-08-18 21:36:36.424 INFO [main]com.TestEverythingApplication.logStartupProfileInfo:662 -No active profile set, falling back to default profiles: default
2019-08-18 21:36:36.509 INFO [main]o.s.b.w.s.c.AnnotationConfigServletWebServerApplicationContext.prepareRefresh:590 -Refreshing org.springframework.boot.web.servlet.context.AnnotationConfigServletWebServerApplicationContext@1dde4cb2: startup date [Sun Aug 18 21:36:36 CST 2019]; root of context hierarchy
2019-08-18 21:36:40.249 INFO [main]o.s.d.repository.config.RepositoryConfigurationDelegate.multipleStoresDetected:163 -Multiple Spring Data modules found, entering strict repository configuration mode!
2019-08-18 21:36:41.669 INFO [main]o.s.c.s.PostProcessorRegistrationDelegate$BeanPostProcessorChecker.postProcessAfterInitialization:326 -Bean 'org.springframework.transaction.annotation.ProxyTransactionManagementConfiguration' of type [org.springframework.transaction.annotation.ProxyTransactionManagementConfiguration$$EnhancerBySpringCGLIB$$88f01480] is not eligible for getting processed by all BeanPostProcessors (for example: not eligible for auto-proxying)
2019-08-18 21:36:42.055 WARN [main]o.s.b.w.s.c.AnnotationConfigServletWebServerApplicationContext.refresh:558 -Exception encountered during context initialization - cancelling refresh attempt: org.springframework.context.ApplicationContextException: Unable to start web server; nested exception is org.springframework.beans.factory.BeanCreationException: Error creating bean with name 'tomcatServletWebServerFactory' defined in class path resource [org/springframework/boot/autoconfigure/web/servlet/ServletWebServerFactoryConfiguration$EmbeddedTomcat.class]: Initialization of bean failed; nested exception is org.springframework.beans.factory.UnsatisfiedDependencyException: Error creating bean with name 'servletWebServerFactoryCustomizer' defined in class path resource [org/springframework/boot/autoconfigure/web/servlet/ServletWebServerFactoryAutoConfiguration.class]: Unsatisfied dependency expressed through method 'servletWebServerFactoryCustomizer' parameter 0; nested exception is org.springframework.boot.context.properties.ConfigurationPropertiesBindException: Error creating bean with name 'server-org.springframework.boot.autoconfigure.web.ServerProperties': Could not bind properties to 'ServerProperties' : prefix=server, ignoreInvalidFields=false, ignoreUnknownFields=true; nested exception is org.springframework.beans.factory.BeanCreationException: Error creating bean with name 'org.springframework.boot.context.properties.ConversionServiceDeducer$Factory': Initialization of bean failed; nested exception is org.springframework.aop.framework.AopConfigException: Could not generate CGLIB subclass of class org.springframework.boot.context.properties.ConversionServiceDeducer$Factory: Common causes of this problem include using a final class or a non-visible class; nested exception is java.lang.IllegalArgumentException: No visible constructors in class org.springframework.boot.context.properties.ConversionServiceDeducer$Factory
2019-08-18 21:36:42.071 INFO [main]o.s.b.a.logging.ConditionEvaluationReportLoggingListener.logAutoConfigurationReport:101 -

Error starting ApplicationContext. To display the conditions report re-run your application with 'debug' enabled.
2019-08-18 21:37:21.230 INFO [main]com.TestEverythingApplication.logStarting:50 -Starting TestEverythingApplication on Lin with PID 12596 (I:\javaworkspace\testeverything\target\classes started by Wyl in I:\javaworkspace\testeverything)
2019-08-18 21:37:21.248 INFO [main]com.TestEverythingApplication.logStartupProfileInfo:662 -No active profile set, falling back to default profiles: default
2019-08-18 21:37:21.444 INFO [main]o.s.b.w.s.c.AnnotationConfigServletWebServerApplicationContext.prepareRefresh:590 -Refreshing org.springframework.boot.web.servlet.context.AnnotationConfigServletWebServerApplicationContext@36a5cabc: startup date [Sun Aug 18 21:37:21 CST 2019]; root of context hierarchy
2019-08-18 21:37:25.491 INFO [main]o.s.d.repository.config.RepositoryConfigurationDelegate.multipleStoresDetected:163 -Multiple Spring Data modules found, entering strict repository configuration mode!
2019-08-18 21:37:27.297 INFO [main]o.s.c.s.PostProcessorRegistrationDelegate$BeanPostProcessorChecker.postProcessAfterInitialization:326 -Bean 'org.springframework.transaction.annotation.ProxyTransactionManagementConfiguration' of type [org.springframework.transaction.annotation.ProxyTransactionManagementConfiguration$$EnhancerBySpringCGLIB$$f810deab] is not eligible for getting processed by all BeanPostProcessors (for example: not eligible for auto-proxying)
2019-08-18 21:37:28.416 INFO [main]o.s.boot.web.embedded.tomcat.TomcatWebServer.initialize:91 -Tomcat initialized with port(s): 8080 (http)
2019-08-18 21:37:28.453 INFO [main]org.apache.coyote.http11.Http11NioProtocol.log:180 -Initializing ProtocolHandler ["http-nio-8080"]
2019-08-18 21:37:28.469 INFO [main]org.apache.catalina.core.StandardService.log:180 -Starting service [Tomcat]
2019-08-18 21:37:28.469 INFO [main]org.apache.catalina.core.StandardEngine.log:180 -Starting Servlet Engine: Apache Tomcat/8.5.32
2019-08-18 21:37:28.485 INFO [localhost-startStop-1]org.apache.catalina.core.AprLifecycleListener.log:180 -The APR based Apache Tomcat Native library which allows optimal performance in production environments was not found on the java.library.path: [C:\Program Files\Java\jdk1.8.0_25\bin;C:\WINDOWS\Sun\Java\bin;C:\WINDOWS\system32;C:\WINDOWS;C:\ProgramData\DockerDesktop\version-bin;C:\Program Files\Docker\Docker\Resources\bin;C:\Windows\system32;C:\Windows;C:\WINDOWS\system32;C:\WINDOWS;C:\WINDOWS\System32\Wbem;C:\Program Files (x86)\OpenVPN\bin;C:\Program Files\Git\cmd;C:\Program Files (x86)\OpenVPN\bin;.]
2019-08-18 21:37:28.732 INFO [localhost-startStop-1]o.a.catalina.core.ContainerBase.[Tomcat].[localhost].[/].log:180 -Initializing Spring embedded WebApplicationContext
2019-08-18 21:37:28.732 INFO [localhost-startStop-1]org.springframework.web.context.ContextLoader.prepareWebApplicationContext:285 -Root WebApplicationContext: initialization completed in 7288 ms
2019-08-18 21:37:28.917 INFO [localhost-startStop-1]o.s.boot.web.servlet.ServletRegistrationBean.addRegistration:187 -Servlet dispatcherServlet mapped to [/]
2019-08-18 21:37:28.917 INFO [localhost-startStop-1]o.s.boot.web.servlet.FilterRegistrationBean.configure:245 -Mapping filter: 'characterEncodingFilter' to: [/*]
2019-08-18 21:37:28.933 INFO [localhost-startStop-1]o.s.boot.web.servlet.FilterRegistrationBean.configure:245 -Mapping filter: 'hiddenHttpMethodFilter' to: [/*]
2019-08-18 21:37:28.933 INFO [localhost-startStop-1]o.s.boot.web.servlet.FilterRegistrationBean.configure:245 -Mapping filter: 'httpPutFormContentFilter' to: [/*]
2019-08-18 21:37:28.933 INFO [localhost-startStop-1]o.s.boot.web.servlet.FilterRegistrationBean.configure:245 -Mapping filter: 'requestContextFilter' to: [/*]
2019-08-18 21:37:35.267 INFO [main]com.wyl.rocketMQ.ProducerFactory.init:59 -producer连接成功。。。。
2019-08-18 21:37:40.065 INFO [main]com.wyl.rocketMQ.Consumers.init:46 -consumer连接成功。。。。
2019-08-18 21:37:41.338 INFO [main]o.s.web.servlet.handler.SimpleUrlHandlerMapping.registerHandler:373 -Mapped URL path [/**/favicon.ico] onto handler of type [class org.springframework.web.servlet.resource.ResourceHttpRequestHandler]
2019-08-18 21:37:42.093 INFO [main]o.s.w.s.m.method.annotation.RequestMappingHandlerAdapter.initControllerAdviceCache:574 -Looking for @ControllerAdvice: org.springframework.boot.web.servlet.context.AnnotationConfigServletWebServerApplicationContext@36a5cabc: startup date [Sun Aug 18 21:37:21 CST 2019]; root of context hierarchy
2019-08-18 21:37:42.109 INFO [main]o.s.w.s.m.method.annotation.RequestMappingHandlerAdapter.initControllerAdviceCache:610 -Detected ResponseBodyAdvice bean in fastJsonpResponseBodyAdvice
2019-08-18 21:37:42.240 INFO [main]o.s.w.s.m.method.annotation.RequestMappingHandlerMapping.register:547 -Mapped "{[/computer/],methods=[GET]}" onto public com.wyl.designpattern.abstractfactoryPattern.icomputer.Computer com.wyl.controller.designcontroller.abstractfactroy.AbstractFactroyTest.getComputer(java.lang.String)
2019-08-18 21:37:42.240 INFO [main]o.s.w.s.m.method.annotation.RequestMappingHandlerMapping.register:547 -Mapped "{[/getShape]}" onto public java.lang.String com.wyl.controller.designcontroller.fatory.FactoryPatternTest.getShape()
2019-08-18 21:37:42.240 INFO [main]o.s.w.s.m.method.annotation.RequestMappingHandlerMapping.register:547 -Mapped "{[/getSimpleShape]}" onto public java.lang.String com.wyl.controller.designcontroller.fatory.FactoryPatternTest.getSimpleShape()
2019-08-18 21:37:42.240 INFO [main]o.s.w.s.m.method.annotation.RequestMappingHandlerMapping.register:547 -Mapped "{[/sendMsg/{msg}],methods=[GET]}" onto public java.lang.String com.wyl.controller.designcontroller.observers.ObserverPattrnController.sendMsg(java.lang.String)
2019-08-18 21:37:42.240 INFO [main]o.s.w.s.m.method.annotation.RequestMappingHandlerMapping.register:547 -Mapped "{[/singleton/{type}],methods=[GET]}" onto public java.lang.Boolean com.wyl.controller.designcontroller.singletoncontroller.SingletonController.getSinggleton(java.lang.String)
2019-08-18 21:37:42.240 INFO [main]o.s.w.s.m.method.annotation.RequestMappingHandlerMapping.register:547 -Mapped "{[/activeMQ/sendTopicMsg],methods=[GET]}" onto public void com.wyl.controller.springbootcontroller.ActiveMQController.sendTopicMsg(java.lang.String)
2019-08-18 21:37:42.240 INFO [main]o.s.w.s.m.method.annotation.RequestMappingHandlerMapping.register:547 -Mapped "{[/activeMQ/sendMsg],methods=[GET]}" onto public void com.wyl.controller.springbootcontroller.ActiveMQController.sendMsg(java.lang.String)
2019-08-18 21:37:42.240 INFO [main]o.s.w.s.m.method.annotation.RequestMappingHandlerMapping.register:547 -Mapped "{[/rocket/sendMsg]}" onto public void com.wyl.controller.springbootcontroller.RocketMQController.sendSyncMsg(java.lang.String,java.lang.String,java.lang.String)
2019-08-18 21:37:42.240 INFO [main]o.s.w.s.m.method.annotation.RequestMappingHandlerMapping.register:547 -Mapped "{[/rocket/getMsg]}" onto public void com.wyl.controller.springbootcontroller.RocketMQController.getMsg(java.lang.String,java.lang.String)
2019-08-18 21:37:42.256 INFO [main]o.s.w.s.m.method.annotation.RequestMappingHandlerMapping.register:547 -Mapped "{[/error]}" onto public org.springframework.http.ResponseEntity<java.util.Map<java.lang.String, java.lang.Object>> org.springframework.boot.autoconfigure.web.servlet.error.BasicErrorController.error(javax.servlet.http.HttpServletRequest)
2019-08-18 21:37:42.256 INFO [main]o.s.w.s.m.method.annotation.RequestMappingHandlerMapping.register:547 -Mapped "{[/error],produces=[text/html]}" onto public org.springframework.web.servlet.ModelAndView org.springframework.boot.autoconfigure.web.servlet.error.BasicErrorController.errorHtml(javax.servlet.http.HttpServletRequest,javax.servlet.http.HttpServletResponse)
2019-08-18 21:37:42.394 INFO [main]o.s.web.servlet.handler.SimpleUrlHandlerMapping.registerHandler:373 -Mapped URL path [/webjars/**] onto handler of type [class org.springframework.web.servlet.resource.ResourceHttpRequestHandler]
2019-08-18 21:37:42.394 INFO [main]o.s.web.servlet.handler.SimpleUrlHandlerMapping.registerHandler:373 -Mapped URL path [/**] onto handler of type [class org.springframework.web.servlet.resource.ResourceHttpRequestHandler]
2019-08-18 21:37:42.425 INFO [main]o.s.w.s.m.m.annotation.ExceptionHandlerExceptionResolver.initExceptionHandlerAdviceCache:288 -Detected @ExceptionHandler methods in myExceptionHandler
2019-08-18 21:37:42.425 INFO [main]o.s.w.s.m.m.annotation.ExceptionHandlerExceptionResolver.initExceptionHandlerAdviceCache:294 -Detected ResponseBodyAdvice implementation in fastJsonpResponseBodyAdvice
2019-08-18 21:37:43.460 INFO [main]o.s.jmx.export.annotation.AnnotationMBeanExporter.afterSingletonsInstantiated:433 -Registering beans for JMX exposure on startup
2019-08-18 21:37:43.460 INFO [main]o.s.jmx.export.annotation.AnnotationMBeanExporter.autodetect:895 -Bean with name 'dataSource' has been autodetected for JMX exposure
2019-08-18 21:37:43.475 INFO [main]o.s.jmx.export.annotation.AnnotationMBeanExporter.registerBeanInstance:668 -Located MBean 'dataSource': registering with JMX server as MBean [com.alibaba.druid.pool:name=dataSource,type=DruidDataSource]
2019-08-18 21:37:43.491 INFO [main]o.s.context.support.DefaultLifecycleProcessor.start:351 -Starting beans in phase 2147483647
2019-08-18 21:37:45.250 INFO [main]o.s.s.annotation.ScheduledAnnotationBeanPostProcessor.finishRegistration:275 -No TaskScheduler/ScheduledExecutorService bean found for scheduled processing
2019-08-18 21:37:45.266 INFO [main]org.apache.coyote.http11.Http11NioProtocol.log:180 -Starting ProtocolHandler ["http-nio-8080"]
2019-08-18 21:37:45.266 INFO [main]org.apache.tomcat.util.net.NioSelectorPool.log:180 -Using a shared selector for servlet write/read
2019-08-18 21:37:45.319 INFO [main]o.s.boot.web.embedded.tomcat.TomcatWebServer.start:206 -Tomcat started on port(s): 8080 (http) with context path ''
2019-08-18 21:37:45.335 INFO [main]com.TestEverythingApplication.logStarted:59 -Started TestEverythingApplication in 25.834 seconds (JVM running for 29.679)
2019-08-18 21:37:51.062 INFO [http-nio-8080-exec-1]o.a.catalina.core.ContainerBase.[Tomcat].[localhost].[/].log:180 -Initializing Spring FrameworkServlet 'dispatcherServlet'
2019-08-18 21:37:51.062 INFO [http-nio-8080-exec-1]org.springframework.web.servlet.DispatcherServlet.initServletBean:494 -FrameworkServlet 'dispatcherServlet': initialization started
2019-08-18 21:37:51.144 INFO [http-nio-8080-exec-1]org.springframework.web.servlet.DispatcherServlet.initServletBean:509 -FrameworkServlet 'dispatcherServlet': initialization completed in 82 ms
2019-08-18 21:45:38.656 INFO [Thread-51]o.s.b.w.s.c.AnnotationConfigServletWebServerApplicationContext.doClose:993 -Closing org.springframework.boot.web.servlet.context.AnnotationConfigServletWebServerApplicationContext@36a5cabc: startup date [Sun Aug 18 21:37:21 CST 2019]; root of context hierarchy
2019-08-18 21:45:38.671 INFO [Thread-51]o.s.context.support.DefaultLifecycleProcessor.stop:366 -Stopping beans in phase 2147483647
2019-08-18 21:45:48.717 INFO [main]com.TestEverythingApplication.logStarting:50 -Starting TestEverythingApplication on Lin with PID 2800 (I:\javaworkspace\testeverything\target\classes started by Wyl in I:\javaworkspace\testeverything)
2019-08-18 21:45:48.738 INFO [main]com.TestEverythingApplication.logStartupProfileInfo:662 -No active profile set, falling back to default profiles: default
2019-08-18 21:45:48.931 INFO [main]o.s.b.w.s.c.AnnotationConfigServletWebServerApplicationContext.prepareRefresh:590 -Refreshing org.springframework.boot.web.servlet.context.AnnotationConfigServletWebServerApplicationContext@600b9d27: startup date [Sun Aug 18 21:45:48 CST 2019]; root of context hierarchy
2019-08-18 21:45:52.723 INFO [main]o.s.d.repository.config.RepositoryConfigurationDelegate.multipleStoresDetected:163 -Multiple Spring Data modules found, entering strict repository configuration mode!
2019-08-18 21:45:54.582 INFO [main]o.s.c.s.PostProcessorRegistrationDelegate$BeanPostProcessorChecker.postProcessAfterInitialization:326 -Bean 'org.springframework.transaction.annotation.ProxyTransactionManagementConfiguration' of type [org.springframework.transaction.annotation.ProxyTransactionManagementConfiguration$$EnhancerBySpringCGLIB$$78961a78] is not eligible for getting processed by all BeanPostProcessors (for example: not eligible for auto-proxying)
2019-08-18 21:45:54.660 WARN [main]o.s.b.w.s.c.AnnotationConfigServletWebServerApplicationContext.refresh:558 -Exception encountered during context initialization - cancelling refresh attempt: org.springframework.beans.factory.BeanCreationException: Error creating bean with name 'projectingArgumentResolverBeanPostProcessor' defined in class path resource [org/springframework/data/web/config/ProjectingArgumentResolverRegistrar.class]: BeanPostProcessor before instantiation of bean failed; nested exception is org.springframework.beans.factory.BeanCreationException: Error creating bean with name 'org.springframework.transaction.annotation.ProxyTransactionManagementConfiguration': Initialization of bean failed; nested exception is java.lang.IllegalArgumentException: Pointcut is not well-formed: expecting 'identifier' at character position 1
@@annotation(RequestMapping)
 ^

2019-08-18 21:45:54.666 INFO [main]o.s.b.a.logging.ConditionEvaluationReportLoggingListener.logAutoConfigurationReport:101 -

Error starting ApplicationContext. To display the conditions report re-run your application with 'debug' enabled.
